#
# There is insufficient memory for the Java Runtime Environment to continue.
# Native memory allocation (mmap) failed to map 121634816 bytes for committing reserved memory.
# Possible reasons:
#   The system is out of physical RAM or swap space
#   In 32 bit mode, the process size limit was hit
# Possible solutions:
#   Reduce memory load on the system
#   Increase physical memory or swap space
#   Check if swap backing store is full
#   Use 64 bit Java on a 64 bit OS
#   Decrease Java heap size (-Xmx/-Xms)
#   Decrease number of Java threads
#   Decrease Java thread stack sizes (-Xss)
#   Set larger code cache with -XX:ReservedCodeCacheSize=
# This output file may be truncated or incomplete.
#
#  Out of Memory Error (os_linux.cpp:2627), pid=11616, tid=140707137763072
#
# JRE version: Java(TM) SE Runtime Environment (8.0_91-b14) (build 1.8.0_91-b14)
# Java VM: Java HotSpot(TM) 64-Bit Server VM (25.91-b14 mixed mode linux-amd64 compressed oops)
# Failed to write core dump. Core dumps have been disabled. To enable core dumping, try "ulimit -c unlimited" before starting Java again
#

---------------  T H R E A D  ---------------

Current thread (0x00007ff908080000):  VMThread [stack: 0x00007ff8eee6b000,0x00007ff8eef6c000] [id=11630]

Stack: [0x00007ff8eee6b000,0x00007ff8eef6c000],  sp=0x00007ff8eef6a360,  free space=1020k
Native frames: (J=compiled Java code, j=interpreted, Vv=VM code, C=native code)
V  [libjvm.so+0xabc18a]  VMError::report_and_die()+0x2ba
V  [libjvm.so+0x4fafeb]  report_vm_out_of_memory(char const*, int, unsigned long, VMErrorType, char const*)+0x8b
V  [libjvm.so+0x91cbb3]  os::Linux::commit_memory_impl(char*, unsigned long, bool)+0x103
V  [libjvm.so+0x91d109]  os::pd_commit_memory(char*, unsigned long, unsigned long, bool)+0x29
V  [libjvm.so+0x91740a]  os::commit_memory(char*, unsigned long, unsigned long, bool)+0x2a
V  [libjvm.so+0x98b033]  PSVirtualSpace::expand_by(unsigned long)+0x53
V  [libjvm.so+0x97b920]  PSOldGen::expand(unsigned long)+0x170
V  [libjvm.so+0x97bb2b]  PSOldGen::resize(unsigned long)+0x1cb
V  [libjvm.so+0x983801]  PSParallelCompact::invoke_no_policy(bool)+0x991
V  [libjvm.so+0x98915d]  PSScavenge::invoke()+0x1ad
V  [libjvm.so+0x9408b0]  ParallelScavengeHeap::failed_mem_allocate(unsigned long)+0x70
V  [libjvm.so+0xabdba7]  VM_ParallelGCFailedAllocation::doit()+0x97
V  [libjvm.so+0xac55d5]  VM_Operation::evaluate()+0x55
V  [libjvm.so+0xac39aa]  VMThread::evaluate_operation(VM_Operation*)+0xba
V  [libjvm.so+0xac3d2e]  VMThread::loop()+0x1ce
V  [libjvm.so+0xac41a0]  VMThread::run()+0x70
V  [libjvm.so+0x91ef78]  java_start(Thread*)+0x108

VM_Operation (0x00007ff8ed9daaf0): ParallelGCFailedAllocation, mode: safepoint, requested by thread 0x00007ff908209000


---------------  P R O C E S S  ---------------

Java Threads: ( => current thread )
  0x00007ff90820b000 JavaThread "pool-2-thread-4" [_thread_blocked, id=11644, stack(0x00007ff8ed7db000,0x00007ff8ed8dc000)]
  0x00007ff908209000 JavaThread "pool-2-thread-3" [_thread_blocked, id=11643, stack(0x00007ff8ed8dc000,0x00007ff8ed9dd000)]
  0x00007ff908207800 JavaThread "pool-2-thread-2" [_thread_blocked, id=11642, stack(0x00007ff8ed9dd000,0x00007ff8edade000)]
  0x00007ff908206800 JavaThread "pool-3-thread-1" [_thread_blocked, id=11641, stack(0x00007ff8edade000,0x00007ff8edbdf000)]
  0x00007ff908204000 JavaThread "pool-2-thread-1" [_thread_blocked, id=11640, stack(0x00007ff8edbdf000,0x00007ff8edce0000)]
  0x00007ff9080d4000 JavaThread "Service Thread" daemon [_thread_blocked, id=11638, stack(0x00007ff8ede17000,0x00007ff8edf18000)]
  0x00007ff9080c8800 JavaThread "C1 CompilerThread3" daemon [_thread_blocked, id=11637, stack(0x00007ff8edf18000,0x00007ff8ee019000)]
  0x00007ff9080c6800 JavaThread "C2 CompilerThread2" daemon [_thread_blocked, id=11636, stack(0x00007ff8ee019000,0x00007ff8ee11a000)]
  0x00007ff9080c5000 JavaThread "C2 CompilerThread1" daemon [_thread_blocked, id=11635, stack(0x00007ff8ee11a000,0x00007ff8ee21b000)]
  0x00007ff9080c2000 JavaThread "C2 CompilerThread0" daemon [_thread_blocked, id=11634, stack(0x00007ff8ee21b000,0x00007ff8ee31c000)]
  0x00007ff9080c0800 JavaThread "Signal Dispatcher" daemon [_thread_blocked, id=11633, stack(0x00007ff8ee31c000,0x00007ff8ee41d000)]
  0x00007ff90808c800 JavaThread "Finalizer" daemon [_thread_blocked, id=11632, stack(0x00007ff8eec69000,0x00007ff8eed6a000)]
  0x00007ff908087800 JavaThread "Reference Handler" daemon [_thread_blocked, id=11631, stack(0x00007ff8eed6a000,0x00007ff8eee6b000)]
  0x00007ff90800a000 JavaThread "main" [_thread_blocked, id=11621, stack(0x00007ff90e5c4000,0x00007ff90e6c5000)]

Other Threads:
=>0x00007ff908080000 VMThread [stack: 0x00007ff8eee6b000,0x00007ff8eef6c000] [id=11630]
  0x00007ff9080d6800 WatcherThread [stack: 0x00007ff8edd16000,0x00007ff8ede17000] [id=11639]

VM state:at safepoint (normal execution)

VM Mutex/Monitor currently owned by a thread:  ([mutex/lock_event])
[0x00007ff908005f30] ExpandHeap_lock - owner thread: 0x00007ff908080000
[0x00007ff9080065b0] Threads_lock - owner thread: 0x00007ff908080000
[0x00007ff908006ab0] Heap_lock - owner thread: 0x00007ff908209000

Heap:
 PSYoungGen      total 224256K, used 26029K [0x00000000eab00000, 0x0000000100000000, 0x0000000100000000)
  eden space 169984K, 0% used [0x00000000eab00000,0x00000000eab00000,0x00000000f5100000)
  from space 54272K, 47% used [0x00000000fcb00000,0x00000000fe46b4d0,0x0000000100000000)
  to   space 89600K, 0% used [0x00000000f5100000,0x00000000f5100000,0x00000000fa880000)
 ParOldGen       total 161792K, used 161393K [0x00000000c0000000, 0x00000000c9e00000, 0x00000000eab00000)
  object space 161792K, 99% used [0x00000000c0000000,0x00000000c9d9c498,0x00000000c9e00000)
 Metaspace       used 6565K, capacity 7320K, committed 7680K, reserved 1056768K
  class space    used 615K, capacity 656K, committed 768K, reserved 1048576K

Card table byte_map: [0x00007ff8f7fe9000,0x00007ff8f81ea000] byte_map_base: 0x00007ff8f79e9000

Marking Bits: (ParMarkBitMap*) 0x00007ff90da9cd60
 Begin Bits: [0x00007ff8f57e1000, 0x00007ff8f67e1000)
 End Bits:   [0x00007ff8f67e1000, 0x00007ff8f77e1000)

Polling page: 0x00007ff90e6e5000

CodeCache: size=245760Kb used=10172Kb max_used=10172Kb free=235587Kb
 bounds [0x00007ff8f85aa000, 0x00007ff8f8faa000, 0x00007ff9075aa000]
 total_blobs=2692 nmethods=2423 adapters=182
 compilation: enabled

Compilation events (10 events):
Event: 3,732 Thread 0x00007ff9080c8800 2662       2       sun.reflect.generics.reflectiveObjects.ParameterizedTypeImpl::getRawType (5 bytes)
Event: 3,732 Thread 0x00007ff9080c8800 nmethod 2662 0x00007ff8f8f803d0 code [0x00007ff8f8f80520, 0x00007ff8f8f80670]
Event: 3,732 Thread 0x00007ff9080c8800 2663       2       sun.reflect.generics.reflectiveObjects.ParameterizedTypeImpl::getActualTypeArguments (11 bytes)
Event: 3,732 Thread 0x00007ff9080c8800 nmethod 2663 0x00007ff8f8f7ffd0 code [0x00007ff8f8f80140, 0x00007ff8f8f80308]
Event: 3,743 Thread 0x00007ff9080c8800 2667       2       com.android.dx.rop.cst.CstLiteral64::<init> (10 bytes)
Event: 3,743 Thread 0x00007ff9080c8800 nmethod 2667 0x00007ff8f8f76010 code [0x00007ff8f8f76160, 0x00007ff8f8f762b0]
Event: 3,743 Thread 0x00007ff9080c8800 2666       2       com.android.dx.util.ByteArray::getLong (104 bytes)
Event: 3,744 Thread 0x00007ff9080c8800 nmethod 2666 0x00007ff8f8f758d0 code [0x00007ff8f8f75a40, 0x00007ff8f8f75d68]
Event: 3,750 Thread 0x00007ff9080c8800 2668   !   3       com.android.dx.cf.code.BasicBlocker::doit (156 bytes)
Event: 3,751 Thread 0x00007ff9080c8800 nmethod 2668 0x00007ff8f8f9df10 code [0x00007ff8f8f9e1a0, 0x00007ff8f8f9f538]

GC Heap History (10 events):
Event: 2,239 GC heap after
Heap after GC invocations=7 (full 0):
 PSYoungGen      total 281600K, used 30198K [0x00000000eab00000, 0x0000000100000000, 0x0000000100000000)
  eden space 251392K, 0% used [0x00000000eab00000,0x00000000eab00000,0x00000000fa080000)
  from space 30208K, 99% used [0x00000000fa080000,0x00000000fbdfdb38,0x00000000fbe00000)
  to   space 48640K, 0% used [0x00000000fd080000,0x00000000fd080000,0x0000000100000000)
 ParOldGen       total 84992K, used 63550K [0x00000000c0000000, 0x00000000c5300000, 0x00000000eab00000)
  object space 84992K, 74% used [0x00000000c0000000,0x00000000c3e0fae0,0x00000000c5300000)
 Metaspace       used 6520K, capacity 7256K, committed 7424K, reserved 1056768K
  class space    used 615K, capacity 656K, committed 768K, reserved 1048576K
}
Event: 2,239 GC heap before
{Heap before GC invocations=8 (full 1):
 PSYoungGen      total 281600K, used 30198K [0x00000000eab00000, 0x0000000100000000, 0x0000000100000000)
  eden space 251392K, 0% used [0x00000000eab00000,0x00000000eab00000,0x00000000fa080000)
  from space 30208K, 99% used [0x00000000fa080000,0x00000000fbdfdb38,0x00000000fbe00000)
  to   space 48640K, 0% used [0x00000000fd080000,0x00000000fd080000,0x0000000100000000)
 ParOldGen       total 84992K, used 63550K [0x00000000c0000000, 0x00000000c5300000, 0x00000000eab00000)
  object space 84992K, 74% used [0x00000000c0000000,0x00000000c3e0fae0,0x00000000c5300000)
 Metaspace       used 6520K, capacity 7256K, committed 7424K, reserved 1056768K
  class space    used 615K, capacity 656K, committed 768K, reserved 1048576K
Event: 2,497 GC heap after
Heap after GC invocations=8 (full 1):
 PSYoungGen      total 281600K, used 2036K [0x00000000eab00000, 0x0000000100000000, 0x0000000100000000)
  eden space 251392K, 0% used [0x00000000eab00000,0x00000000eab00000,0x00000000fa080000)
  from space 30208K, 6% used [0x00000000fa080000,0x00000000fa27d360,0x00000000fbe00000)
  to   space 48640K, 0% used [0x00000000fd080000,0x00000000fd080000,0x0000000100000000)
 ParOldGen       total 161792K, used 84863K [0x00000000c0000000, 0x00000000c9e00000, 0x00000000eab00000)
  object space 161792K, 52% used [0x00000000c0000000,0x00000000c52dfea0,0x00000000c9e00000)
 Metaspace       used 6520K, capacity 7256K, committed 7424K, reserved 1056768K
  class space    used 615K, capacity 656K, committed 768K, reserved 1048576K
}
Event: 2,919 GC heap before
{Heap before GC invocations=9 (full 1):
 PSYoungGen      total 281600K, used 253428K [0x00000000eab00000, 0x0000000100000000, 0x0000000100000000)
  eden space 251392K, 100% used [0x00000000eab00000,0x00000000fa080000,0x00000000fa080000)
  from space 30208K, 6% used [0x00000000fa080000,0x00000000fa27d360,0x00000000fbe00000)
  to   space 48640K, 0% used [0x00000000fd080000,0x00000000fd080000,0x0000000100000000)
 ParOldGen       total 161792K, used 84863K [0x00000000c0000000, 0x00000000c9e00000, 0x00000000eab00000)
  object space 161792K, 52% used [0x00000000c0000000,0x00000000c52dfea0,0x00000000c9e00000)
 Metaspace       used 6546K, capacity 7320K, committed 7680K, reserved 1056768K
  class space    used 615K, capacity 656K, committed 768K, reserved 1048576K
Event: 2,972 GC heap after
Heap after GC invocations=9 (full 1):
 PSYoungGen      total 289280K, used 39652K [0x00000000eab00000, 0x0000000100000000, 0x0000000100000000)
  eden space 240640K, 0% used [0x00000000eab00000,0x00000000eab00000,0x00000000f9600000)
  from space 48640K, 81% used [0x00000000fd080000,0x00000000ff739140,0x0000000100000000)
  to   space 54272K, 0% used [0x00000000f9600000,0x00000000f9600000,0x00000000fcb00000)
 ParOldGen       total 161792K, used 84871K [0x00000000c0000000, 0x00000000c9e00000, 0x00000000eab00000)
  object space 161792K, 52% used [0x00000000c0000000,0x00000000c52e1ea0,0x00000000c9e00000)
 Metaspace       used 6546K, capacity 7320K, committed 7680K, reserved 1056768K
  class space    used 615K, capacity 656K, committed 768K, reserved 1048576K
}
Event: 3,349 GC heap before
{Heap before GC invocations=10 (full 1):
 PSYoungGen      total 289280K, used 280292K [0x00000000eab00000, 0x0000000100000000, 0x0000000100000000)
  eden space 240640K, 100% used [0x00000000eab00000,0x00000000f9600000,0x00000000f9600000)
  from space 48640K, 81% used [0x00000000fd080000,0x00000000ff739140,0x0000000100000000)
  to   space 54272K, 0% used [0x00000000f9600000,0x00000000f9600000,0x00000000fcb00000)
 ParOldGen       total 161792K, used 84871K [0x00000000c0000000, 0x00000000c9e00000, 0x00000000eab00000)
  object space 161792K, 52% used [0x00000000c0000000,0x00000000c52e1ea0,0x00000000c9e00000)
 Metaspace       used 6556K, capacity 7320K, committed 7680K, reserved 1056768K
  class space    used 615K, capacity 656K, committed 768K, reserved 1048576K
Event: 3,403 GC heap after
Heap after GC invocations=10 (full 1):
 PSYoungGen      total 294912K, used 54247K [0x00000000eab00000, 0x0000000100000000, 0x0000000100000000)
  eden space 240640K, 0% used [0x00000000eab00000,0x00000000eab00000,0x00000000f9600000)
  from space 54272K, 99% used [0x00000000f9600000,0x00000000fcaf9cf8,0x00000000fcb00000)
  to   space 54272K, 0% used [0x00000000fcb00000,0x00000000fcb00000,0x0000000100000000)
 ParOldGen       total 161792K, used 104060K [0x00000000c0000000, 0x00000000c9e00000, 0x00000000eab00000)
  object space 161792K, 64% used [0x00000000c0000000,0x00000000c659f1e8,0x00000000c9e00000)
 Metaspace       used 6556K, capacity 7320K, committed 7680K, reserved 1056768K
  class space    used 615K, capacity 656K, committed 768K, reserved 1048576K
}
Event: 3,753 GC heap before
{Heap before GC invocations=11 (full 1):
 PSYoungGen      total 294912K, used 294887K [0x00000000eab00000, 0x0000000100000000, 0x0000000100000000)
  eden space 240640K, 100% used [0x00000000eab00000,0x00000000f9600000,0x00000000f9600000)
  from space 54272K, 99% used [0x00000000f9600000,0x00000000fcaf9cf8,0x00000000fcb00000)
  to   space 54272K, 0% used [0x00000000fcb00000,0x00000000fcb00000,0x0000000100000000)
 ParOldGen       total 161792K, used 104060K [0x00000000c0000000, 0x00000000c9e00000, 0x00000000eab00000)
  object space 161792K, 64% used [0x00000000c0000000,0x00000000c659f1e8,0x00000000c9e00000)
 Metaspace       used 6565K, capacity 7320K, committed 7680K, reserved 1056768K
  class space    used 615K, capacity 656K, committed 768K, reserved 1048576K
Event: 3,830 GC heap after
Heap after GC invocations=11 (full 1):
 PSYoungGen      total 224256K, used 54260K [0x00000000eab00000, 0x0000000100000000, 0x0000000100000000)
  eden space 169984K, 0% used [0x00000000eab00000,0x00000000eab00000,0x00000000f5100000)
  from space 54272K, 99% used [0x00000000fcb00000,0x00000000ffffd150,0x0000000100000000)
  to   space 89600K, 0% used [0x00000000f5100000,0x00000000f5100000,0x00000000fa880000)
 ParOldGen       total 161792K, used 137744K [0x00000000c0000000, 0x00000000c9e00000, 0x00000000eab00000)
  object space 161792K, 85% used [0x00000000c0000000,0x00000000c8684018,0x00000000c9e00000)
 Metaspace       used 6565K, capacity 7320K, committed 7680K, reserved 1056768K
  class space    used 615K, capacity 656K, committed 768K, reserved 1048576K
}
Event: 3,830 GC heap before
{Heap before GC invocations=12 (full 2):
 PSYoungGen      total 224256K, used 54260K [0x00000000eab00000, 0x0000000100000000, 0x0000000100000000)
  eden space 169984K, 0% used [0x00000000eab00000,0x00000000eab00000,0x00000000f5100000)
  from space 54272K, 99% used [0x00000000fcb00000,0x00000000ffffd150,0x0000000100000000)
  to   space 89600K, 0% used [0x00000000f5100000,0x00000000f5100000,0x00000000fa880000)
 ParOldGen       total 161792K, used 137744K [0x00000000c0000000, 0x00000000c9e00000, 0x00000000eab00000)
  object space 161792K, 85% used [0x00000000c0000000,0x00000000c8684018,0x00000000c9e00000)
 Metaspace       used 6565K, capacity 7320K, committed 7680K, reserved 1056768K
  class space    used 615K, capacity 656K, committed 768K, reserved 1048576K

Deoptimization events (10 events):
Event: 1,949 Thread 0x00007ff90800a000 Uncommon trap: reason=unstable_if action=reinterpret pc=0x00007ff8f8d76f50 method=com.android.dx.rop.code.RegisterSpec.intersect(Lcom/android/dx/rop/code/RegisterSpec;Z)Lcom/android/dx/rop/code/RegisterSpec; @ 42
Event: 2,603 Thread 0x00007ff908204000 Uncommon trap: reason=unstable_if action=reinterpret pc=0x00007ff8f8a2e098 method=com.android.dx.ssa.SsaMethod.getExitBlock()Lcom/android/dx/ssa/SsaBasicBlock; @ 4
Event: 2,603 Thread 0x00007ff908204000 Uncommon trap: reason=unstable_if action=reinterpret pc=0x00007ff8f8826218 method=com.android.dx.ssa.SsaMethod.getExitBlock()Lcom/android/dx/ssa/SsaBasicBlock; @ 4
Event: 3,130 Thread 0x00007ff90820b000 Uncommon trap: reason=unstable_if action=reinterpret pc=0x00007ff8f8ee2314 method=com.android.dx.rop.code.LocalVariableInfo.mergeStarts(ILcom/android/dx/rop/code/RegisterSpecSet;)Z @ 31
Event: 3,216 Thread 0x00007ff908209000 Uncommon trap: reason=unstable_if action=reinterpret pc=0x00007ff8f8e9deb0 method=com.android.dx.ssa.SCCP.simulateBranch(Lcom/android/dx/ssa/SsaInsn;)V @ 140
Event: 3,242 Thread 0x00007ff90820b000 Uncommon trap: reason=unstable_if action=reinterpret pc=0x00007ff8f8f236a8 method=com.android.dx.rop.cst.CstNat.equals(Ljava/lang/Object;)Z @ 25
Event: 3,311 Thread 0x00007ff908207800 Uncommon trap: reason=bimorphic action=maybe_recompile pc=0x00007ff8f8dd218c method=com.android.dx.cf.code.BytecodeArray.parseInstruction(ILcom/android/dx/cf/code/BytecodeArray$Visitor;)I @ 2554
Event: 3,311 Thread 0x00007ff908207800 Uncommon trap: reason=bimorphic action=maybe_recompile pc=0x00007ff8f8dd218c method=com.android.dx.cf.code.BytecodeArray.parseInstruction(ILcom/android/dx/cf/code/BytecodeArray$Visitor;)I @ 2554
Event: 3,677 Thread 0x00007ff908204000 Uncommon trap: reason=unstable_if action=reinterpret pc=0x00007ff8f8f36e90 method=com.android.dx.ssa.SsaBasicBlock.scheduleMovesFromPhis()V @ 63
Event: 3,683 Thread 0x00007ff90800a000 Uncommon trap: reason=unstable_if action=reinterpret pc=0x00007ff8f8dd22a0 method=com.android.dx.cf.code.ByteCatchList.listFor(I)Lcom/android/dx/cf/code/ByteCatchList; @ 47

Internal exceptions (6 events):
Event: 0,071 Thread 0x00007ff90800a000 Exception <a 'java/lang/NoSuchMethodError': Method sun.misc.Unsafe.defineClass(Ljava/lang/String;[BII)Ljava/lang/Class; name or signature does not match> (0x00000000eab07cc0) thrown at [/HUDSON/workspace/8-2-build-linux-amd64/jdk8u91/6644/hotspot/src/shar
Event: 0,071 Thread 0x00007ff90800a000 Exception <a 'java/lang/NoSuchMethodError': Method sun.misc.Unsafe.prefetchRead(Ljava/lang/Object;J)V name or signature does not match> (0x00000000eab07fa8) thrown at [/HUDSON/workspace/8-2-build-linux-amd64/jdk8u91/6644/hotspot/src/share/vm/prims/jni.cpp
Event: 1,262 Thread 0x00007ff908204000 Exception <a 'java/lang/ArrayIndexOutOfBoundsException': 18> (0x00000000eec8a910) thrown at [/HUDSON/workspace/8-2-build-linux-amd64/jdk8u91/6644/hotspot/src/share/vm/interpreter/interpreterRuntime.cpp, line 366]
Event: 1,262 Thread 0x00007ff908204000 Exception <a 'java/lang/ArrayIndexOutOfBoundsException': 145> (0x00000000eec8c490) thrown at [/HUDSON/workspace/8-2-build-linux-amd64/jdk8u91/6644/hotspot/src/share/vm/interpreter/interpreterRuntime.cpp, line 366]
Event: 1,263 Thread 0x00007ff908204000 Exception <a 'java/lang/ArrayIndexOutOfBoundsException': 40> (0x00000000eec8d778) thrown at [/HUDSON/workspace/8-2-build-linux-amd64/jdk8u91/6644/hotspot/src/share/vm/interpreter/interpreterRuntime.cpp, line 366]
Event: 1,682 Thread 0x00007ff908209000 Implicit null exception at 0x00007ff8f897b5f7 to 0x00007ff8f897b76d

Events (10 events):
Event: 3,729 Thread 0x00007ff908209000 DEOPT UNPACKING pc=0x00007ff8f85f1633 sp=0x00007ff8ed9dab90 mode 0
Event: 3,738 Thread 0x00007ff90820b000 DEOPT PACKING pc=0x00007ff8f8952408 sp=0x00007ff8ed8d9b60
Event: 3,738 Thread 0x00007ff90820b000 DEOPT UNPACKING pc=0x00007ff8f85f1633 sp=0x00007ff8ed8d98e8 mode 0
Event: 3,738 Thread 0x00007ff908204000 DEOPT PACKING pc=0x00007ff8f895e48a sp=0x00007ff8edcddd70
Event: 3,738 Thread 0x00007ff908204000 DEOPT UNPACKING pc=0x00007ff8f85f1633 sp=0x00007ff8edcddb58 mode 0
Event: 3,742 Thread 0x00007ff90800a000 DEOPT PACKING pc=0x00007ff8f89909a6 sp=0x00007ff90e6c24c0
Event: 3,742 Thread 0x00007ff90800a000 DEOPT UNPACKING pc=0x00007ff8f85f1633 sp=0x00007ff90e6c2200 mode 0
Event: 3,745 Thread 0x00007ff908207800 DEOPT PACKING pc=0x00007ff8f893276f sp=0x00007ff8edadbef0
Event: 3,745 Thread 0x00007ff908207800 DEOPT UNPACKING pc=0x00007ff8f85f1633 sp=0x00007ff8edadbcb0 mode 0
Event: 3,752 Executing VM operation: ParallelGCFailedAllocation


Dynamic libraries:
00400000-00401000 r-xp 00000000 08:04 1184221                            /usr/lib/jvm/java-8-oracle/bin/java
00600000-00601000 rw-p 00000000 08:04 1184221                            /usr/lib/jvm/java-8-oracle/bin/java
01b8b000-01bac000 rw-p 00000000 00:00 0                                  [heap]
c0000000-c9e00000 rw-p 00000000 00:00 0 
d1200000-eab00000 ---p 00000000 00:00 0 
eab00000-100000000 rw-p 00000000 00:00 0 
100000000-1000c0000 rw-p 00000000 00:00 0 
1000c0000-140000000 ---p 00000000 00:00 0 
7ff888000000-7ff88803d000 rw-p 00000000 00:00 0 
7ff88803d000-7ff88c000000 ---p 00000000 00:00 0 
7ff88c000000-7ff88c021000 rw-p 00000000 00:00 0 
7ff88c021000-7ff890000000 ---p 00000000 00:00 0 
7ff890000000-7ff890021000 rw-p 00000000 00:00 0 
7ff890021000-7ff894000000 ---p 00000000 00:00 0 
7ff894000000-7ff894021000 rw-p 00000000 00:00 0 
7ff894021000-7ff898000000 ---p 00000000 00:00 0 
7ff898000000-7ff898021000 rw-p 00000000 00:00 0 
7ff898021000-7ff89c000000 ---p 00000000 00:00 0 
7ff89c000000-7ff89c060000 rw-p 00000000 00:00 0 
7ff89c060000-7ff8a0000000 ---p 00000000 00:00 0 
7ff8a0000000-7ff8a0dd8000 rw-p 00000000 00:00 0 
7ff8a0dd8000-7ff8a4000000 ---p 00000000 00:00 0 
7ff8a4000000-7ff8a4021000 rw-p 00000000 00:00 0 
7ff8a4021000-7ff8a8000000 ---p 00000000 00:00 0 
7ff8a8000000-7ff8a92c1000 rw-p 00000000 00:00 0 
7ff8a92c1000-7ff8ac000000 ---p 00000000 00:00 0 
7ff8ac000000-7ff8ad1e7000 rw-p 00000000 00:00 0 
7ff8ad1e7000-7ff8b0000000 ---p 00000000 00:00 0 
7ff8b0000000-7ff8b0021000 rw-p 00000000 00:00 0 
7ff8b0021000-7ff8b4000000 ---p 00000000 00:00 0 
7ff8b4000000-7ff8b4ffe000 rw-p 00000000 00:00 0 
7ff8b4ffe000-7ff8b8000000 ---p 00000000 00:00 0 
7ff8b8000000-7ff8b8021000 rw-p 00000000 00:00 0 
7ff8b8021000-7ff8bc000000 ---p 00000000 00:00 0 
7ff8bc000000-7ff8bc021000 rw-p 00000000 00:00 0 
7ff8bc021000-7ff8c0000000 ---p 00000000 00:00 0 
7ff8c0000000-7ff8c0021000 rw-p 00000000 00:00 0 
7ff8c0021000-7ff8c4000000 ---p 00000000 00:00 0 
7ff8c4000000-7ff8c428d000 rw-p 00000000 00:00 0 
7ff8c428d000-7ff8c8000000 ---p 00000000 00:00 0 
7ff8c8000000-7ff8c8021000 rw-p 00000000 00:00 0 
7ff8c8021000-7ff8cc000000 ---p 00000000 00:00 0 
7ff8d0000000-7ff8d0021000 rw-p 00000000 00:00 0 
7ff8d0021000-7ff8d4000000 ---p 00000000 00:00 0 
7ff8d8000000-7ff8d8021000 rw-p 00000000 00:00 0 
7ff8d8021000-7ff8dc000000 ---p 00000000 00:00 0 
7ff8e0000000-7ff8e0021000 rw-p 00000000 00:00 0 
7ff8e0021000-7ff8e4000000 ---p 00000000 00:00 0 
7ff8e4000000-7ff8e4021000 rw-p 00000000 00:00 0 
7ff8e4021000-7ff8e8000000 ---p 00000000 00:00 0 
7ff8e8000000-7ff8e8021000 rw-p 00000000 00:00 0 
7ff8e8021000-7ff8ec000000 ---p 00000000 00:00 0 
7ff8ed7db000-7ff8ed7de000 ---p 00000000 00:00 0 
7ff8ed7de000-7ff8ed8dc000 rw-p 00000000 00:00 0 
7ff8ed8dc000-7ff8ed8df000 ---p 00000000 00:00 0 
7ff8ed8df000-7ff8ed9dd000 rw-p 00000000 00:00 0 
7ff8ed9dd000-7ff8ed9e0000 ---p 00000000 00:00 0 
7ff8ed9e0000-7ff8edade000 rw-p 00000000 00:00 0 
7ff8edade000-7ff8edae1000 ---p 00000000 00:00 0 
7ff8edae1000-7ff8edbdf000 rw-p 00000000 00:00 0 
7ff8edbdf000-7ff8edbe2000 ---p 00000000 00:00 0 
7ff8edbe2000-7ff8edce0000 rw-p 00000000 00:00 0 
7ff8edce0000-7ff8edd16000 r--s 002b1000 08:04 421943                     /home/ankoma88/AndroidStudioProjects/RatesChart/app/build/intermediates/transforms/jarMerging/debug/jars/1/1f/combined.jar
7ff8edd16000-7ff8edd17000 ---p 00000000 00:00 0 
7ff8edd17000-7ff8ede17000 rw-p 00000000 00:00 0 
7ff8ede17000-7ff8ede1a000 ---p 00000000 00:00 0 
7ff8ede1a000-7ff8edf18000 rw-p 00000000 00:00 0 
7ff8edf18000-7ff8edf1b000 ---p 00000000 00:00 0 
7ff8edf1b000-7ff8ee019000 rw-p 00000000 00:00 0 
7ff8ee019000-7ff8ee01c000 ---p 00000000 00:00 0 
7ff8ee01c000-7ff8ee11a000 rw-p 00000000 00:00 0 
7ff8ee11a000-7ff8ee11d000 ---p 00000000 00:00 0 
7ff8ee11d000-7ff8ee21b000 rw-p 00000000 00:00 0 
7ff8ee21b000-7ff8ee21e000 ---p 00000000 00:00 0 
7ff8ee21e000-7ff8ee31c000 rw-p 00000000 00:00 0 
7ff8ee31c000-7ff8ee31f000 ---p 00000000 00:00 0 
7ff8ee31f000-7ff8ee41d000 rw-p 00000000 00:00 0 
7ff8ee41d000-7ff8eec69000 r--p 00000000 08:04 531399                     /usr/lib/locale/locale-archive
7ff8eec69000-7ff8eec6c000 ---p 00000000 00:00 0 
7ff8eec6c000-7ff8eed6a000 rw-p 00000000 00:00 0 
7ff8eed6a000-7ff8eed6d000 ---p 00000000 00:00 0 
7ff8eed6d000-7ff8eee6b000 rw-p 00000000 00:00 0 
7ff8eee6b000-7ff8eee6c000 ---p 00000000 00:00 0 
7ff8eee6c000-7ff8f0000000 rw-p 00000000 00:00 0 
7ff8f0000000-7ff8f0021000 rw-p 00000000 00:00 0 
7ff8f0021000-7ff8f4000000 ---p 00000000 00:00 0 
7ff8f4017000-7ff8f4b92000 rw-p 00000000 00:00 0 
7ff8f4b92000-7ff8f4d6b000 r--s 03d1f000 08:04 802413                     /usr/lib/jvm/java-8-oracle/jre/lib/rt.jar
7ff8f4d6b000-7ff8f54a1000 rw-p 00000000 00:00 0 
7ff8f54a1000-7ff8f55e1000 ---p 00000000 00:00 0 
7ff8f55e1000-7ff8f77e1000 rw-p 00000000 00:00 0 
7ff8f77e1000-7ff8f77e2000 ---p 00000000 00:00 0 
7ff8f77e2000-7ff8f78e2000 rw-p 00000000 00:00 0 
7ff8f78e2000-7ff8f78e3000 ---p 00000000 00:00 0 
7ff8f78e3000-7ff8f79e3000 rw-p 00000000 00:00 0 
7ff8f79e3000-7ff8f79e4000 ---p 00000000 00:00 0 
7ff8f79e4000-7ff8f7ae4000 rw-p 00000000 00:00 0 
7ff8f7ae4000-7ff8f7ae5000 ---p 00000000 00:00 0 
7ff8f7ae5000-7ff8f7be5000 rw-p 00000000 00:00 0 
7ff8f7be5000-7ff8f7be6000 ---p 00000000 00:00 0 
7ff8f7be6000-7ff8f7ce6000 rw-p 00000000 00:00 0 
7ff8f7ce6000-7ff8f7ce7000 ---p 00000000 00:00 0 
7ff8f7ce7000-7ff8f7de7000 rw-p 00000000 00:00 0 
7ff8f7de7000-7ff8f7de8000 ---p 00000000 00:00 0 
7ff8f7de8000-7ff8f7ee8000 rw-p 00000000 00:00 0 
7ff8f7ee8000-7ff8f7ee9000 ---p 00000000 00:00 0 
7ff8f7ee9000-7ff8f8038000 rw-p 00000000 00:00 0 
7ff8f8038000-7ff8f813e000 ---p 00000000 00:00 0 
7ff8f813e000-7ff8f81e9000 rw-p 00000000 00:00 0 
7ff8f81e9000-7ff8f8212000 rw-p 00000000 00:00 0 
7ff8f8212000-7ff8f85aa000 ---p 00000000 00:00 0 
7ff8f85aa000-7ff8f8faa000 rwxp 00000000 00:00 0 
7ff8f8faa000-7ff9075aa000 ---p 00000000 00:00 0 
7ff9075aa000-7ff9075c4000 r-xp 00000000 08:04 1054389                    /usr/lib/jvm/java-8-oracle/jre/lib/amd64/libzip.so
7ff9075c4000-7ff9077c4000 ---p 0001a000 08:04 1054389                    /usr/lib/jvm/java-8-oracle/jre/lib/amd64/libzip.so
7ff9077c4000-7ff9077c5000 rw-p 0001a000 08:04 1054389                    /usr/lib/jvm/java-8-oracle/jre/lib/amd64/libzip.so
7ff9077c5000-7ff9077cf000 r-xp 00000000 08:04 270973                     /lib/x86_64-linux-gnu/libnss_files-2.19.so
7ff9077cf000-7ff9079ce000 ---p 0000a000 08:04 270973                     /lib/x86_64-linux-gnu/libnss_files-2.19.so
7ff9079ce000-7ff9079cf000 r--p 00009000 08:04 270973                     /lib/x86_64-linux-gnu/libnss_files-2.19.so
7ff9079cf000-7ff9079d0000 rw-p 0000a000 08:04 270973                     /lib/x86_64-linux-gnu/libnss_files-2.19.so
7ff9079d0000-7ff9079db000 r-xp 00000000 08:04 270961                     /lib/x86_64-linux-gnu/libnss_nis-2.19.so
7ff9079db000-7ff907bda000 ---p 0000b000 08:04 270961                     /lib/x86_64-linux-gnu/libnss_nis-2.19.so
7ff907bda000-7ff907bdb000 r--p 0000a000 08:04 270961                     /lib/x86_64-linux-gnu/libnss_nis-2.19.so
7ff907bdb000-7ff907bdc000 rw-p 0000b000 08:04 270961                     /lib/x86_64-linux-gnu/libnss_nis-2.19.so
7ff907bdc000-7ff907bf3000 r-xp 00000000 08:04 270957                     /lib/x86_64-linux-gnu/libnsl-2.19.so
7ff907bf3000-7ff907df2000 ---p 00017000 08:04 270957                     /lib/x86_64-linux-gnu/libnsl-2.19.so
7ff907df2000-7ff907df3000 r--p 00016000 08:04 270957                     /lib/x86_64-linux-gnu/libnsl-2.19.so
7ff907df3000-7ff907df4000 rw-p 00017000 08:04 270957                     /lib/x86_64-linux-gnu/libnsl-2.19.so
7ff907df4000-7ff907df6000 rw-p 00000000 00:00 0 
7ff907df6000-7ff907dff000 r-xp 00000000 08:04 270956                     /lib/x86_64-linux-gnu/libnss_compat-2.19.so
7ff907dff000-7ff907ffe000 ---p 00009000 08:04 270956                     /lib/x86_64-linux-gnu/libnss_compat-2.19.so
7ff907ffe000-7ff907fff000 r--p 00008000 08:04 270956                     /lib/x86_64-linux-gnu/libnss_compat-2.19.so
7ff907fff000-7ff908000000 rw-p 00009000 08:04 270956                     /lib/x86_64-linux-gnu/libnss_compat-2.19.so
7ff908000000-7ff9083a9000 rw-p 00000000 00:00 0 
7ff9083a9000-7ff90c000000 ---p 00000000 00:00 0 
7ff90c005000-7ff90c096000 rw-p 00000000 00:00 0 
7ff90c096000-7ff90c19d000 ---p 00000000 00:00 0 
7ff90c19d000-7ff90c1c7000 r-xp 00000000 08:04 1054391                    /usr/lib/jvm/java-8-oracle/jre/lib/amd64/libjava.so
7ff90c1c7000-7ff90c3c7000 ---p 0002a000 08:04 1054391                    /usr/lib/jvm/java-8-oracle/jre/lib/amd64/libjava.so
7ff90c3c7000-7ff90c3c9000 rw-p 0002a000 08:04 1054391                    /usr/lib/jvm/java-8-oracle/jre/lib/amd64/libjava.so
7ff90c3c9000-7ff90c3d6000 r-xp 00000000 08:04 1057088                    /usr/lib/jvm/java-8-oracle/jre/lib/amd64/libverify.so
7ff90c3d6000-7ff90c5d6000 ---p 0000d000 08:04 1057088                    /usr/lib/jvm/java-8-oracle/jre/lib/amd64/libverify.so
7ff90c5d6000-7ff90c5d8000 rw-p 0000d000 08:04 1057088                    /usr/lib/jvm/java-8-oracle/jre/lib/amd64/libverify.so
7ff90c5d8000-7ff90c5df000 r-xp 00000000 08:04 270968                     /lib/x86_64-linux-gnu/librt-2.19.so
7ff90c5df000-7ff90c7de000 ---p 00007000 08:04 270968                     /lib/x86_64-linux-gnu/librt-2.19.so
7ff90c7de000-7ff90c7df000 r--p 00006000 08:04 270968                     /lib/x86_64-linux-gnu/librt-2.19.so
7ff90c7df000-7ff90c7e0000 rw-p 00007000 08:04 270968                     /lib/x86_64-linux-gnu/librt-2.19.so
7ff90c7e0000-7ff90c8e5000 r-xp 00000000 08:04 270934                     /lib/x86_64-linux-gnu/libm-2.19.so
7ff90c8e5000-7ff90cae4000 ---p 00105000 08:04 270934                     /lib/x86_64-linux-gnu/libm-2.19.so
7ff90cae4000-7ff90cae5000 r--p 00104000 08:04 270934                     /lib/x86_64-linux-gnu/libm-2.19.so
7ff90cae5000-7ff90cae6000 rw-p 00105000 08:04 270934                     /lib/x86_64-linux-gnu/libm-2.19.so
7ff90cae6000-7ff90d7a6000 r-xp 00000000 08:04 1057253                    /usr/lib/jvm/java-8-oracle/jre/lib/amd64/server/libjvm.so
7ff90d7a6000-7ff90d9a6000 ---p 00cc0000 08:04 1057253                    /usr/lib/jvm/java-8-oracle/jre/lib/amd64/server/libjvm.so
7ff90d9a6000-7ff90da7e000 rw-p 00cc0000 08:04 1057253                    /usr/lib/jvm/java-8-oracle/jre/lib/amd64/server/libjvm.so
7ff90da7e000-7ff90dac9000 rw-p 00000000 00:00 0 
7ff90dac9000-7ff90dc83000 r-xp 00000000 08:04 270969                     /lib/x86_64-linux-gnu/libc-2.19.so
7ff90dc83000-7ff90de83000 ---p 001ba000 08:04 270969                     /lib/x86_64-linux-gnu/libc-2.19.so
7ff90de83000-7ff90de87000 r--p 001ba000 08:04 270969                     /lib/x86_64-linux-gnu/libc-2.19.so
7ff90de87000-7ff90de89000 rw-p 001be000 08:04 270969                     /lib/x86_64-linux-gnu/libc-2.19.so
7ff90de89000-7ff90de8e000 rw-p 00000000 00:00 0 
7ff90de8e000-7ff90de91000 r-xp 00000000 08:04 270944                     /lib/x86_64-linux-gnu/libdl-2.19.so
7ff90de91000-7ff90e090000 ---p 00003000 08:04 270944                     /lib/x86_64-linux-gnu/libdl-2.19.so
7ff90e090000-7ff90e091000 r--p 00002000 08:04 270944                     /lib/x86_64-linux-gnu/libdl-2.19.so
7ff90e091000-7ff90e092000 rw-p 00003000 08:04 270944                     /lib/x86_64-linux-gnu/libdl-2.19.so
7ff90e092000-7ff90e0a7000 r-xp 00000000 08:04 802217                     /usr/lib/jvm/java-8-oracle/lib/amd64/jli/libjli.so
7ff90e0a7000-7ff90e2a7000 ---p 00015000 08:04 802217                     /usr/lib/jvm/java-8-oracle/lib/amd64/jli/libjli.so
7ff90e2a7000-7ff90e2a8000 rw-p 00015000 08:04 802217                     /usr/lib/jvm/java-8-oracle/lib/amd64/jli/libjli.so
7ff90e2a8000-7ff90e2c1000 r-xp 00000000 08:04 270958                     /lib/x86_64-linux-gnu/libpthread-2.19.so
7ff90e2c1000-7ff90e4c0000 ---p 00019000 08:04 270958                     /lib/x86_64-linux-gnu/libpthread-2.19.so
7ff90e4c0000-7ff90e4c1000 r--p 00018000 08:04 270958                     /lib/x86_64-linux-gnu/libpthread-2.19.so
7ff90e4c1000-7ff90e4c2000 rw-p 00019000 08:04 270958                     /lib/x86_64-linux-gnu/libpthread-2.19.so
7ff90e4c2000-7ff90e4c6000 rw-p 00000000 00:00 0 
7ff90e4c6000-7ff90e4e9000 r-xp 00000000 08:04 270959                     /lib/x86_64-linux-gnu/ld-2.19.so
7ff90e4eb000-7ff90e5c4000 rw-p 00000000 00:00 0 
7ff90e5c4000-7ff90e5c7000 ---p 00000000 00:00 0 
7ff90e5c7000-7ff90e6c9000 rw-p 00000000 00:00 0 
7ff90e6cc000-7ff90e6cd000 rw-p 00000000 00:00 0 
7ff90e6cd000-7ff90e6dc000 r--s 000df000 08:04 135543                     /home/ankoma88/Android/Sdk/build-tools/23.0.3/lib/dx.jar
7ff90e6dc000-7ff90e6e4000 rw-s 00000000 08:04 422218                     /tmp/hsperfdata_ankoma88/11616
7ff90e6e4000-7ff90e6e5000 rw-p 00000000 00:00 0 
7ff90e6e5000-7ff90e6e6000 ---p 00000000 00:00 0 
7ff90e6e6000-7ff90e6e8000 rw-p 00000000 00:00 0 
7ff90e6e8000-7ff90e6e9000 r--p 00022000 08:04 270959                     /lib/x86_64-linux-gnu/ld-2.19.so
7ff90e6e9000-7ff90e6ea000 rw-p 00023000 08:04 270959                     /lib/x86_64-linux-gnu/ld-2.19.so
7ff90e6ea000-7ff90e6eb000 rw-p 00000000 00:00 0 
7ffc56f72000-7ffc56f93000 rw-p 00000000 00:00 0                          [stack]
7ffc56fd3000-7ffc56fd5000 r--p 00000000 00:00 0                          [vvar]
7ffc56fd5000-7ffc56fd7000 r-xp 00000000 00:00 0                          [vdso]
ffffffffff600000-ffffffffff601000 r-xp 00000000 00:00 0                  [vsyscall]

VM Arguments:
jvm_args: -Djava.awt.headless=true -Xmx1024M -Dfile.encoding=UTF-8 -Duser.country=US -Duser.language=en -Duser.variant 
java_command: com.android.dx.command.Main --dex --num-threads=4 --multi-dex --main-dex-list /home/ankoma88/AndroidStudioProjects/RatesChart/app/build/intermediates/multi-dex/debug/maindexlist.txt --output /home/ankoma88/AndroidStudioProjects/RatesChart/app/build/intermediates/transforms/dex/debug/folders/1000/1f/main /home/ankoma88/AndroidStudioProjects/RatesChart/app/build/intermediates/transforms/jarMerging/debug/jars/1/1f/combined.jar
java_class_path (initial): /home/ankoma88/Android/Sdk/build-tools/23.0.3/lib/dx.jar
Launcher Type: SUN_STANDARD

Environment Variables:
JAVA_HOME=/usr/lib/jvm/java-8-oracle
PATH=/usr/local/sbin:/usr/local/bin:/usr/sbin:/usr/bin:/sbin:/bin:/usr/games:/usr/local/games:/usr/lib/jvm/java-8-oracle/bin:/usr/lib/jvm/java-8-oracle/db/bin:/usr/lib/jvm/java-8-oracle/jre/bin
LD_LIBRARY_PATH=/usr/local/ide/android-studio/bin:
SHELL=/bin/bash
DISPLAY=:0

Signal Handlers:
SIGSEGV: [libjvm.so+0xabca10], sa_mask[0]=11111111011111111101111111111110, sa_flags=SA_RESTART|SA_SIGINFO
SIGBUS: [libjvm.so+0xabca10], sa_mask[0]=11111111011111111101111111111110, sa_flags=SA_RESTART|SA_SIGINFO
SIGFPE: [libjvm.so+0x919a20], sa_mask[0]=11111111011111111101111111111110, sa_flags=SA_RESTART|SA_SIGINFO
SIGPIPE: [libjvm.so+0x919a20], sa_mask[0]=11111111011111111101111111111110, sa_flags=SA_RESTART|SA_SIGINFO
SIGXFSZ: [libjvm.so+0x919a20], sa_mask[0]=11111111011111111101111111111110, sa_flags=SA_RESTART|SA_SIGINFO
SIGILL: [libjvm.so+0x919a20], sa_mask[0]=11111111011111111101111111111110, sa_flags=SA_RESTART|SA_SIGINFO
SIGUSR1: SIG_DFL, sa_mask[0]=00000000000000000000000000000000, sa_flags=none
SIGUSR2: [libjvm.so+0x91b050], sa_mask[0]=00100000000000000000000000000000, sa_flags=SA_RESTART|SA_SIGINFO
SIGHUP: [libjvm.so+0x91c450], sa_mask[0]=11111111011111111101111111111110, sa_flags=SA_RESTART|SA_SIGINFO
SIGINT: [libjvm.so+0x91c450], sa_mask[0]=11111111011111111101111111111110, sa_flags=SA_RESTART|SA_SIGINFO
SIGTERM: [libjvm.so+0x91c450], sa_mask[0]=11111111011111111101111111111110, sa_flags=SA_RESTART|SA_SIGINFO
SIGQUIT: [libjvm.so+0x91c450], sa_mask[0]=11111111011111111101111111111110, sa_flags=SA_RESTART|SA_SIGINFO


---------------  S Y S T E M  ---------------

OS:DISTRIB_ID=Ubuntu
DISTRIB_RELEASE=14.04
DISTRIB_CODENAME=trusty
DISTRIB_DESCRIPTION="Ubuntu 14.04.4 LTS"

uname:Linux 4.2.0-38-generic #45~14.04.1-Ubuntu SMP Thu Jun 9 09:27:51 UTC 2016 x86_64
libc:glibc 2.19 NPTL 2.19 
rlimit: STACK 8192k, CORE 0k, NPROC 31126, NOFILE 4096, AS infinity
load average:2,88 2,22 2,09

/proc/meminfo:
MemTotal:        8058472 kB
MemFree:          136624 kB
MemAvailable:     112440 kB
Buffers:            1884 kB
Cached:          1302168 kB
SwapCached:            0 kB
Active:          6522200 kB
Inactive:        1145488 kB
Active(anon):    6475960 kB
Inactive(anon):  1109596 kB
Active(file):      46240 kB
Inactive(file):    35892 kB
Unevictable:          32 kB
Mlocked:              32 kB
SwapTotal:             0 kB
SwapFree:              0 kB
Dirty:               472 kB
Writeback:             0 kB
AnonPages:       6363840 kB
Mapped:           674264 kB
Shmem:           1221780 kB
Slab:              95956 kB
SReclaimable:      38440 kB
SUnreclaim:        57516 kB
KernelStack:       16096 kB
PageTables:        68692 kB
NFS_Unstable:          0 kB
Bounce:                0 kB
WritebackTmp:          0 kB
CommitLimit:     4029236 kB
Committed_AS:   15185148 kB
VmallocTotal:   34359738367 kB
VmallocUsed:      390948 kB
VmallocChunk:   34358947836 kB
HardwareCorrupted:     0 kB
AnonHugePages:   3377152 kB
CmaTotal:              0 kB
CmaFree:               0 kB
HugePages_Total:       0
HugePages_Free:        0
HugePages_Rsvd:        0
HugePages_Surp:        0
Hugepagesize:       2048 kB
DirectMap4k:      221160 kB
DirectMap2M:     8050688 kB


CPU:total 8 (4 cores per cpu, 2 threads per core) family 6 model 58 stepping 9, cmov, cx8, fxsr, mmx, sse, sse2, sse3, ssse3, sse4.1, sse4.2, popcnt, avx, clmul, erms, ht, tsc, tscinvbit, tscinv

/proc/cpuinfo:
processor	: 0
vendor_id	: GenuineIntel
cpu family	: 6
model		: 58
model name	: Intel(R) Core(TM) i7-3610QM CPU @ 2.30GHz
stepping	: 9
microcode	: 0x15
cpu MHz		: 3079.214
cache size	: 6144 KB
physical id	: 0
siblings	: 8
core id		: 0
cpu cores	: 4
apicid		: 0
initial apicid	: 0
fpu		: yes
fpu_exception	: yes
cpuid level	: 13
wp		: yes
flags		: fpu vme de pse tsc msr pae mce cx8 apic sep mtrr pge mca cmov pat pse36 clflush dts acpi mmx fxsr sse sse2 ss ht tm pbe syscall nx rdtscp lm constant_tsc arch_perfmon pebs bts rep_good nopl xtopology nonstop_tsc aperfmperf eagerfpu pni pclmulqdq dtes64 monitor ds_cpl vmx est tm2 ssse3 cx16 xtpr pdcm pcid sse4_1 sse4_2 x2apic popcnt tsc_deadline_timer xsave avx f16c rdrand lahf_lm ida arat epb pln pts dtherm tpr_shadow vnmi flexpriority ept vpid fsgsbase smep erms xsaveopt
bugs		:
bogomips	: 4589.64
clflush size	: 64
cache_alignment	: 64
address sizes	: 36 bits physical, 48 bits virtual
power management:

processor	: 1
vendor_id	: GenuineIntel
cpu family	: 6
model		: 58
model name	: Intel(R) Core(TM) i7-3610QM CPU @ 2.30GHz
stepping	: 9
microcode	: 0x15
cpu MHz		: 2334.769
cache size	: 6144 KB
physical id	: 0
siblings	: 8
core id		: 1
cpu cores	: 4
apicid		: 2
initial apicid	: 2
fpu		: yes
fpu_exception	: yes
cpuid level	: 13
wp		: yes
flags		: fpu vme de pse tsc msr pae mce cx8 apic sep mtrr pge mca cmov pat pse36 clflush dts acpi mmx fxsr sse sse2 ss ht tm pbe syscall nx rdtscp lm constant_tsc arch_perfmon pebs bts rep_good nopl xtopology nonstop_tsc aperfmperf eagerfpu pni pclmulqdq dtes64 monitor ds_cpl vmx est tm2 ssse3 cx16 xtpr pdcm pcid sse4_1 sse4_2 x2apic popcnt tsc_deadline_timer xsave avx f16c rdrand lahf_lm ida arat epb pln pts dtherm tpr_shadow vnmi flexpriority ept vpid fsgsbase smep erms xsaveopt
bugs		:
bogomips	: 4589.64
clflush size	: 64
cache_alignment	: 64
address sizes	: 36 bits physical, 48 bits virtual
power management:

processor	: 2
vendor_id	: GenuineIntel
cpu family	: 6
model		: 58
model name	: Intel(R) Core(TM) i7-3610QM CPU @ 2.30GHz
stepping	: 9
microcode	: 0x15
cpu MHz		: 3099.789
cache size	: 6144 KB
physical id	: 0
siblings	: 8
core id		: 2
cpu cores	: 4
apicid		: 4
initial apicid	: 4
fpu		: yes
fpu_exception	: yes
cpuid level	: 13
wp		: yes
flags		: fpu vme de pse tsc msr pae mce cx8 apic sep mtrr pge mca cmov pat pse36 clflush dts acpi mmx fxsr sse sse2 ss ht tm pbe syscall nx rdtscp lm constant_tsc arch_perfmon pebs bts rep_good nopl xtopology nonstop_tsc aperfmperf eagerfpu pni pclmulqdq dtes64 monitor ds_cpl vmx est tm2 ssse3 cx16 xtpr pdcm pcid sse4_1 sse4_2 x2apic popcnt tsc_deadline_timer xsave avx f16c rdrand lahf_lm ida arat epb pln pts dtherm tpr_shadow vnmi flexpriority ept vpid fsgsbase smep erms xsaveopt
bugs		:
bogomips	: 4589.64
clflush size	: 64
cache_alignment	: 64
address sizes	: 36 bits physical, 48 bits virtual
power management:

processor	: 3
vendor_id	: GenuineIntel
cpu family	: 6
model		: 58
model name	: Intel(R) Core(TM) i7-3610QM CPU @ 2.30GHz
stepping	: 9
microcode	: 0x15
cpu MHz		: 3096.015
cache size	: 6144 KB
physical id	: 0
siblings	: 8
core id		: 3
cpu cores	: 4
apicid		: 6
initial apicid	: 6
fpu		: yes
fpu_exception	: yes
cpuid level	: 13
wp		: yes
flags		: fpu vme de pse tsc msr pae mce cx8 apic sep mtrr pge mca cmov pat pse36 clflush dts acpi mmx fxsr sse sse2 ss ht tm pbe syscall nx rdtscp lm constant_tsc arch_perfmon pebs bts rep_good nopl xtopology nonstop_tsc aperfmperf eagerfpu pni pclmulqdq dtes64 monitor ds_cpl vmx est tm2 ssse3 cx16 xtpr pdcm pcid sse4_1 sse4_2 x2apic popcnt tsc_deadline_timer xsave avx f16c rdrand lahf_lm ida arat epb pln pts dtherm tpr_shadow vnmi flexpriority ept vpid fsgsbase smep erms xsaveopt
bugs		:
bogomips	: 4589.64
clflush size	: 64
cache_alignment	: 64
address sizes	: 36 bits physical, 48 bits virtual
power management:

processor	: 4
vendor_id	: GenuineIntel
cpu family	: 6
model		: 58
model name	: Intel(R) Core(TM) i7-3610QM CPU @ 2.30GHz
stepping	: 9
microcode	: 0x15
cpu MHz		: 3080.382
cache size	: 6144 KB
physical id	: 0
siblings	: 8
core id		: 0
cpu cores	: 4
apicid		: 1
initial apicid	: 1
fpu		: yes
fpu_exception	: yes
cpuid level	: 13
wp		: yes
flags		: fpu vme de pse tsc msr pae mce cx8 apic sep mtrr pge mca cmov pat pse36 clflush dts acpi mmx fxsr sse sse2 ss ht tm pbe syscall nx rdtscp lm constant_tsc arch_perfmon pebs bts rep_good nopl xtopology nonstop_tsc aperfmperf eagerfpu pni pclmulqdq dtes64 monitor ds_cpl vmx est tm2 ssse3 cx16 xtpr pdcm pcid sse4_1 sse4_2 x2apic popcnt tsc_deadline_timer xsave avx f16c rdrand lahf_lm ida arat epb pln pts dtherm tpr_shadow vnmi flexpriority ept vpid fsgsbase smep erms xsaveopt
bugs		:
bogomips	: 4589.64
clflush size	: 64
cache_alignment	: 64
address sizes	: 36 bits physical, 48 bits virtual
power management:

processor	: 5
vendor_id	: GenuineIntel
cpu family	: 6
model		: 58
model name	: Intel(R) Core(TM) i7-3610QM CPU @ 2.30GHz
stepping	: 9
microcode	: 0x15
cpu MHz		: 3099.968
cache size	: 6144 KB
physical id	: 0
siblings	: 8
core id		: 1
cpu cores	: 4
apicid		: 3
initial apicid	: 3
fpu		: yes
fpu_exception	: yes
cpuid level	: 13
wp		: yes
flags		: fpu vme de pse tsc msr pae mce cx8 apic sep mtrr pge mca cmov pat pse36 clflush dts acpi mmx fxsr sse sse2 ss ht tm pbe syscall nx rdtscp lm constant_tsc arch_perfmon pebs bts rep_good nopl xtopology nonstop_tsc aperfmperf eagerfpu pni pclmulqdq dtes64 monitor ds_cpl vmx est tm2 ssse3 cx16 xtpr pdcm pcid sse4_1 sse4_2 x2apic popcnt tsc_deadline_timer xsave avx f16c rdrand lahf_lm ida arat epb pln pts dtherm tpr_shadow vnmi flexpriority ept vpid fsgsbase smep erms xsaveopt
bugs		:
bogomips	: 4589.64
clflush size	: 64
cache_alignment	: 64
address sizes	: 36 bits physical, 48 bits virtual
power management:

processor	: 6
vendor_id	: GenuineIntel
cpu family	: 6
model		: 58
model name	: Intel(R) Core(TM) i7-3610QM CPU @ 2.30GHz
stepping	: 9
microcode	: 0x15
cpu MHz		: 3099.968
cache size	: 6144 KB
physical id	: 0
siblings	: 8
core id		: 2
cpu cores	: 4
apicid		: 5
initial apicid	: 5
fpu		: yes
fpu_exception	: yes
cpuid level	: 13
wp		: yes
flags		: fpu vme de pse tsc msr pae mce cx8 apic sep mtrr pge mca cmov pat pse36 clflush dts acpi mmx fxsr sse sse2 ss ht tm pbe syscall nx rdtscp lm constant_tsc arch_perfmon pebs bts rep_good nopl xtopology nonstop_tsc aperfmperf eagerfpu pni pclmulqdq dtes64 monitor ds_cpl vmx est tm2 ssse3 cx16 xtpr pdcm pcid sse4_1 sse4_2 x2apic popcnt tsc_deadline_timer xsave avx f16c rdrand lahf_lm ida arat epb pln pts dtherm tpr_shadow vnmi flexpriority ept vpid fsgsbase smep erms xsaveopt
bugs		:
bogomips	: 4589.64
clflush size	: 64
cache_alignment	: 64
address sizes	: 36 bits physical, 48 bits virtual
power management:

processor	: 7
vendor_id	: GenuineIntel
cpu family	: 6
model		: 58
model name	: Intel(R) Core(TM) i7-3610QM CPU @ 2.30GHz
stepping	: 9
microcode	: 0x15
cpu MHz		: 2888.746
cache size	: 6144 KB
physical id	: 0
siblings	: 8
core id		: 3
cpu cores	: 4
apicid		: 7
initial apicid	: 7
fpu		: yes
fpu_exception	: yes
cpuid level	: 13
wp		: yes
flags		: fpu vme de pse tsc msr pae mce cx8 apic sep mtrr pge mca cmov pat pse36 clflush dts acpi mmx fxsr sse sse2 ss ht tm pbe syscall nx rdtscp lm constant_tsc arch_perfmon pebs bts rep_good nopl xtopology nonstop_tsc aperfmperf eagerfpu pni pclmulqdq dtes64 monitor ds_cpl vmx est tm2 ssse3 cx16 xtpr pdcm pcid sse4_1 sse4_2 x2apic popcnt tsc_deadline_timer xsave avx f16c rdrand lahf_lm ida arat epb pln pts dtherm tpr_shadow vnmi flexpriority ept vpid fsgsbase smep erms xsaveopt
bugs		:
bogomips	: 4589.64
clflush size	: 64
cache_alignment	: 64
address sizes	: 36 bits physical, 48 bits virtual
power management:



Memory: 4k page, physical 8058472k(136624k free), swap 0k(0k free)

vm_info: Java HotSpot(TM) 64-Bit Server VM (25.91-b14) for linux-amd64 JRE (1.8.0_91-b14), built on Apr  1 2016 00:57:21 by "java_re" with gcc 4.3.0 20080428 (Red Hat 4.3.0-8)

time: Sun Jun 19 20:41:01 2016
elapsed time: 4 seconds (0d 0h 0m 4s)

