#
# There is insufficient memory for the Java Runtime Environment to continue.
# Native memory allocation (mmap) failed to map 121634816 bytes for committing reserved memory.
# Possible reasons:
#   The system is out of physical RAM or swap space
#   In 32 bit mode, the process size limit was hit
# Possible solutions:
#   Reduce memory load on the system
#   Increase physical memory or swap space
#   Check if swap backing store is full
#   Use 64 bit Java on a 64 bit OS
#   Decrease Java heap size (-Xmx/-Xms)
#   Decrease number of Java threads
#   Decrease Java thread stack sizes (-Xss)
#   Set larger code cache with -XX:ReservedCodeCacheSize=
# This output file may be truncated or incomplete.
#
#  Out of Memory Error (os_linux.cpp:2627), pid=12766, tid=140290117236480
#
# JRE version: Java(TM) SE Runtime Environment (8.0_91-b14) (build 1.8.0_91-b14)
# Java VM: Java HotSpot(TM) 64-Bit Server VM (25.91-b14 mixed mode linux-amd64 compressed oops)
# Failed to write core dump. Core dumps have been disabled. To enable core dumping, try "ulimit -c unlimited" before starting Java again
#

---------------  T H R E A D  ---------------

Current thread (0x00007f97f0080000):  VMThread [stack: 0x00007f97d68a7000,0x00007f97d69a8000] [id=12780]

Stack: [0x00007f97d68a7000,0x00007f97d69a8000],  sp=0x00007f97d69a6060,  free space=1020k
Native frames: (J=compiled Java code, j=interpreted, Vv=VM code, C=native code)
V  [libjvm.so+0xabc18a]  VMError::report_and_die()+0x2ba
V  [libjvm.so+0x4fafeb]  report_vm_out_of_memory(char const*, int, unsigned long, VMErrorType, char const*)+0x8b
V  [libjvm.so+0x91cbb3]  os::Linux::commit_memory_impl(char*, unsigned long, bool)+0x103
V  [libjvm.so+0x91d109]  os::pd_commit_memory(char*, unsigned long, unsigned long, bool)+0x29
V  [libjvm.so+0x91740a]  os::commit_memory(char*, unsigned long, unsigned long, bool)+0x2a
V  [libjvm.so+0x98b033]  PSVirtualSpace::expand_by(unsigned long)+0x53
V  [libjvm.so+0x97b920]  PSOldGen::expand(unsigned long)+0x170
V  [libjvm.so+0x97bb2b]  PSOldGen::resize(unsigned long)+0x1cb
V  [libjvm.so+0x983801]  PSParallelCompact::invoke_no_policy(bool)+0x991
V  [libjvm.so+0x98915d]  PSScavenge::invoke()+0x1ad
V  [libjvm.so+0x9408b0]  ParallelScavengeHeap::failed_mem_allocate(unsigned long)+0x70
V  [libjvm.so+0xabdba7]  VM_ParallelGCFailedAllocation::doit()+0x97
V  [libjvm.so+0xac55d5]  VM_Operation::evaluate()+0x55
V  [libjvm.so+0xac39aa]  VMThread::evaluate_operation(VM_Operation*)+0xba
V  [libjvm.so+0xac3d2e]  VMThread::loop()+0x1ce
V  [libjvm.so+0xac41a0]  VMThread::run()+0x70
V  [libjvm.so+0x91ef78]  java_start(Thread*)+0x108

VM_Operation (0x00007f97d5719bb0): ParallelGCFailedAllocation, mode: safepoint, requested by thread 0x00007f97f0234000


---------------  P R O C E S S  ---------------

Java Threads: ( => current thread )
  0x00007f97f023b000 JavaThread "pool-2-thread-4" [_thread_blocked, id=12794, stack(0x00007f97d5217000,0x00007f97d5318000)]
  0x00007f97f0239000 JavaThread "pool-2-thread-3" [_thread_blocked, id=12793, stack(0x00007f97d5318000,0x00007f97d5419000)]
  0x00007f97f0237800 JavaThread "pool-2-thread-2" [_thread_blocked, id=12792, stack(0x00007f97d5419000,0x00007f97d551a000)]
  0x00007f97f0236800 JavaThread "pool-3-thread-1" [_thread_blocked, id=12791, stack(0x00007f97d551a000,0x00007f97d561b000)]
  0x00007f97f0234000 JavaThread "pool-2-thread-1" [_thread_blocked, id=12790, stack(0x00007f97d561b000,0x00007f97d571c000)]
  0x00007f97f00d4000 JavaThread "Service Thread" daemon [_thread_blocked, id=12788, stack(0x00007f97d5853000,0x00007f97d5954000)]
  0x00007f97f00c8800 JavaThread "C1 CompilerThread3" daemon [_thread_blocked, id=12787, stack(0x00007f97d5954000,0x00007f97d5a55000)]
  0x00007f97f00c6800 JavaThread "C2 CompilerThread2" daemon [_thread_blocked, id=12786, stack(0x00007f97d5a55000,0x00007f97d5b56000)]
  0x00007f97f00c5000 JavaThread "C2 CompilerThread1" daemon [_thread_in_native, id=12785, stack(0x00007f97d5b56000,0x00007f97d5c57000)]
  0x00007f97f00c2000 JavaThread "C2 CompilerThread0" daemon [_thread_blocked, id=12784, stack(0x00007f97d5c57000,0x00007f97d5d58000)]
  0x00007f97f00c0800 JavaThread "Signal Dispatcher" daemon [_thread_blocked, id=12783, stack(0x00007f97d5d58000,0x00007f97d5e59000)]
  0x00007f97f008c800 JavaThread "Finalizer" daemon [_thread_blocked, id=12782, stack(0x00007f97d66a5000,0x00007f97d67a6000)]
  0x00007f97f0087800 JavaThread "Reference Handler" daemon [_thread_blocked, id=12781, stack(0x00007f97d67a6000,0x00007f97d68a7000)]
  0x00007f97f000a000 JavaThread "main" [_thread_blocked, id=12771, stack(0x00007f97f6009000,0x00007f97f610a000)]

Other Threads:
=>0x00007f97f0080000 VMThread [stack: 0x00007f97d68a7000,0x00007f97d69a8000] [id=12780]
  0x00007f97f00d6800 WatcherThread [stack: 0x00007f97d5752000,0x00007f97d5853000] [id=12789]

VM state:at safepoint (normal execution)

VM Mutex/Monitor currently owned by a thread:  ([mutex/lock_event])
[0x00007f97f0005f30] ExpandHeap_lock - owner thread: 0x00007f97f0080000
[0x00007f97f00065b0] Threads_lock - owner thread: 0x00007f97f0080000
[0x00007f97f0006ab0] Heap_lock - owner thread: 0x00007f97f0234000

Heap:
 PSYoungGen      total 222720K, used 27527K [0x00000000eab00000, 0x0000000100000000, 0x0000000100000000)
  eden space 167936K, 0% used [0x00000000eab00000,0x00000000eab00000,0x00000000f4f00000)
  from space 54784K, 50% used [0x00000000fca80000,0x00000000fe561c70,0x0000000100000000)
  to   space 90624K, 0% used [0x00000000f4f00000,0x00000000f4f00000,0x00000000fa780000)
 ParOldGen       total 161792K, used 161686K [0x00000000c0000000, 0x00000000c9e00000, 0x00000000eab00000)
  object space 161792K, 99% used [0x00000000c0000000,0x00000000c9de58a0,0x00000000c9e00000)
 Metaspace       used 6575K, capacity 7320K, committed 7680K, reserved 1056768K
  class space    used 615K, capacity 656K, committed 768K, reserved 1048576K

Card table byte_map: [0x00007f97dfbae000,0x00007f97dfdaf000] byte_map_base: 0x00007f97df5ae000

Marking Bits: (ParMarkBitMap*) 0x00007f97f54e1d60
 Begin Bits: [0x00007f97dd250000, 0x00007f97de250000)
 End Bits:   [0x00007f97de250000, 0x00007f97df250000)

Polling page: 0x00007f97f612a000

CodeCache: size=245760Kb used=10329Kb max_used=10329Kb free=235430Kb
 bounds [0x00007f97e016f000, 0x00007f97e0b8f000, 0x00007f97ef16f000]
 total_blobs=2680 nmethods=2411 adapters=182
 compilation: enabled

Compilation events (10 events):
Event: 3,932 Thread 0x00007f97f00c8800 nmethod 2648 0x00007f97e0b845d0 code [0x00007f97e0b84740, 0x00007f97e0b84908]
Event: 3,943 Thread 0x00007f97f00c8800 2650   !   3       com.android.dx.cf.code.BasicBlocker::doit (156 bytes)
Event: 3,944 Thread 0x00007f97f00c8800 nmethod 2650 0x00007f97e0b849d0 code [0x00007f97e0b84c60, 0x00007f97e0b85ff8]
Event: 3,944 Thread 0x00007f97f00c8800 2651       3       com.android.dx.ssa.SCCP::simulateBranch (666 bytes)
Event: 3,947 Thread 0x00007f97f00c8800 nmethod 2651 0x00007f97e0b86d10 code [0x00007f97e0b871c0, 0x00007f97e0b8acb8]
Event: 3,956 Thread 0x00007f97f00c8800 2654       2       sun.reflect.generics.repository.ClassRepository::getSuperInterfaces (77 bytes)
Event: 3,956 Thread 0x00007f97f00c8800 nmethod 2654 0x00007f97e0b8c910 code [0x00007f97e0b8caa0, 0x00007f97e0b8cf58]
Event: 3,956 Thread 0x00007f97f00c8800 2653       2       java.lang.Class::getGenericInfo (52 bytes)
Event: 3,957 Thread 0x00007f97f00c8800 nmethod 2653 0x00007f97e0b8d250 code [0x00007f97e0b8d3e0, 0x00007f97e0b8d808]
Event: 3,964 Thread 0x00007f97f00c8800 2656 % !   3       com.android.dx.cf.code.RopperMachine::run @ 247 (1550 bytes)

GC Heap History (10 events):
Event: 2,369 GC heap after
Heap after GC invocations=7 (full 0):
 PSYoungGen      total 282112K, used 30199K [0x00000000eab00000, 0x0000000100000000, 0x0000000100000000)
  eden space 251904K, 0% used [0x00000000eab00000,0x00000000eab00000,0x00000000fa100000)
  from space 30208K, 99% used [0x00000000fa100000,0x00000000fbe7df40,0x00000000fbe80000)
  to   space 48640K, 0% used [0x00000000fd080000,0x00000000fd080000,0x0000000100000000)
 ParOldGen       total 84992K, used 64229K [0x00000000c0000000, 0x00000000c5300000, 0x00000000eab00000)
  object space 84992K, 75% used [0x00000000c0000000,0x00000000c3eb9708,0x00000000c5300000)
 Metaspace       used 6512K, capacity 7256K, committed 7424K, reserved 1056768K
  class space    used 615K, capacity 656K, committed 768K, reserved 1048576K
}
Event: 2,369 GC heap before
{Heap before GC invocations=8 (full 1):
 PSYoungGen      total 282112K, used 30199K [0x00000000eab00000, 0x0000000100000000, 0x0000000100000000)
  eden space 251904K, 0% used [0x00000000eab00000,0x00000000eab00000,0x00000000fa100000)
  from space 30208K, 99% used [0x00000000fa100000,0x00000000fbe7df40,0x00000000fbe80000)
  to   space 48640K, 0% used [0x00000000fd080000,0x00000000fd080000,0x0000000100000000)
 ParOldGen       total 84992K, used 64229K [0x00000000c0000000, 0x00000000c5300000, 0x00000000eab00000)
  object space 84992K, 75% used [0x00000000c0000000,0x00000000c3eb9708,0x00000000c5300000)
 Metaspace       used 6512K, capacity 7256K, committed 7424K, reserved 1056768K
  class space    used 615K, capacity 656K, committed 768K, reserved 1048576K
Event: 2,647 GC heap after
Heap after GC invocations=8 (full 1):
 PSYoungGen      total 282112K, used 3040K [0x00000000eab00000, 0x0000000100000000, 0x0000000100000000)
  eden space 251904K, 0% used [0x00000000eab00000,0x00000000eab00000,0x00000000fa100000)
  from space 30208K, 10% used [0x00000000fa100000,0x00000000fa3f8380,0x00000000fbe80000)
  to   space 48640K, 0% used [0x00000000fd080000,0x00000000fd080000,0x0000000100000000)
 ParOldGen       total 161792K, used 84798K [0x00000000c0000000, 0x00000000c9e00000, 0x00000000eab00000)
  object space 161792K, 52% used [0x00000000c0000000,0x00000000c52cf920,0x00000000c9e00000)
 Metaspace       used 6512K, capacity 7256K, committed 7424K, reserved 1056768K
  class space    used 615K, capacity 656K, committed 768K, reserved 1048576K
}
Event: 3,061 GC heap before
{Heap before GC invocations=9 (full 1):
 PSYoungGen      total 282112K, used 254944K [0x00000000eab00000, 0x0000000100000000, 0x0000000100000000)
  eden space 251904K, 100% used [0x00000000eab00000,0x00000000fa100000,0x00000000fa100000)
  from space 30208K, 10% used [0x00000000fa100000,0x00000000fa3f8380,0x00000000fbe80000)
  to   space 48640K, 0% used [0x00000000fd080000,0x00000000fd080000,0x0000000100000000)
 ParOldGen       total 161792K, used 84798K [0x00000000c0000000, 0x00000000c9e00000, 0x00000000eab00000)
  object space 161792K, 52% used [0x00000000c0000000,0x00000000c52cf920,0x00000000c9e00000)
 Metaspace       used 6548K, capacity 7320K, committed 7680K, reserved 1056768K
  class space    used 615K, capacity 656K, committed 768K, reserved 1048576K
Event: 3,135 GC heap after
Heap after GC invocations=9 (full 1):
 PSYoungGen      total 288256K, used 41163K [0x00000000eab00000, 0x0000000100000000, 0x0000000100000000)
  eden space 239616K, 0% used [0x00000000eab00000,0x00000000eab00000,0x00000000f9500000)
  from space 48640K, 84% used [0x00000000fd080000,0x00000000ff8b2fc0,0x0000000100000000)
  to   space 54784K, 0% used [0x00000000f9500000,0x00000000f9500000,0x00000000fca80000)
 ParOldGen       total 161792K, used 84806K [0x00000000c0000000, 0x00000000c9e00000, 0x00000000eab00000)
  object space 161792K, 52% used [0x00000000c0000000,0x00000000c52d1920,0x00000000c9e00000)
 Metaspace       used 6548K, capacity 7320K, committed 7680K, reserved 1056768K
  class space    used 615K, capacity 656K, committed 768K, reserved 1048576K
}
Event: 3,510 GC heap before
{Heap before GC invocations=10 (full 1):
 PSYoungGen      total 288256K, used 280779K [0x00000000eab00000, 0x0000000100000000, 0x0000000100000000)
  eden space 239616K, 100% used [0x00000000eab00000,0x00000000f9500000,0x00000000f9500000)
  from space 48640K, 84% used [0x00000000fd080000,0x00000000ff8b2fc0,0x0000000100000000)
  to   space 54784K, 0% used [0x00000000f9500000,0x00000000f9500000,0x00000000fca80000)
 ParOldGen       total 161792K, used 84806K [0x00000000c0000000, 0x00000000c9e00000, 0x00000000eab00000)
  object space 161792K, 52% used [0x00000000c0000000,0x00000000c52d1920,0x00000000c9e00000)
 Metaspace       used 6555K, capacity 7320K, committed 7680K, reserved 1056768K
  class space    used 615K, capacity 656K, committed 768K, reserved 1048576K
Event: 3,588 GC heap after
Heap after GC invocations=10 (full 1):
 PSYoungGen      total 294400K, used 54759K [0x00000000eab00000, 0x0000000100000000, 0x0000000100000000)
  eden space 239616K, 0% used [0x00000000eab00000,0x00000000eab00000,0x00000000f9500000)
  from space 54784K, 99% used [0x00000000f9500000,0x00000000fca79ff0,0x00000000fca80000)
  to   space 54784K, 0% used [0x00000000fca80000,0x00000000fca80000,0x0000000100000000)
 ParOldGen       total 161792K, used 105584K [0x00000000c0000000, 0x00000000c9e00000, 0x00000000eab00000)
  object space 161792K, 65% used [0x00000000c0000000,0x00000000c671c178,0x00000000c9e00000)
 Metaspace       used 6555K, capacity 7320K, committed 7680K, reserved 1056768K
  class space    used 615K, capacity 656K, committed 768K, reserved 1048576K
}
Event: 3,969 GC heap before
{Heap before GC invocations=11 (full 1):
 PSYoungGen      total 294400K, used 294375K [0x00000000eab00000, 0x0000000100000000, 0x0000000100000000)
  eden space 239616K, 100% used [0x00000000eab00000,0x00000000f9500000,0x00000000f9500000)
  from space 54784K, 99% used [0x00000000f9500000,0x00000000fca79ff0,0x00000000fca80000)
  to   space 54784K, 0% used [0x00000000fca80000,0x00000000fca80000,0x0000000100000000)
 ParOldGen       total 161792K, used 105584K [0x00000000c0000000, 0x00000000c9e00000, 0x00000000eab00000)
  object space 161792K, 65% used [0x00000000c0000000,0x00000000c671c178,0x00000000c9e00000)
 Metaspace       used 6575K, capacity 7320K, committed 7680K, reserved 1056768K
  class space    used 615K, capacity 656K, committed 768K, reserved 1048576K
Event: 4,052 GC heap after
Heap after GC invocations=11 (full 1):
 PSYoungGen      total 222720K, used 54779K [0x00000000eab00000, 0x0000000100000000, 0x0000000100000000)
  eden space 167936K, 0% used [0x00000000eab00000,0x00000000eab00000,0x00000000f4f00000)
  from space 54784K, 99% used [0x00000000fca80000,0x00000000ffffee40,0x0000000100000000)
  to   space 90624K, 0% used [0x00000000f4f00000,0x00000000f4f00000,0x00000000fa780000)
 ParOldGen       total 161792K, used 139134K [0x00000000c0000000, 0x00000000c9e00000, 0x00000000eab00000)
  object space 161792K, 85% used [0x00000000c0000000,0x00000000c87dfa00,0x00000000c9e00000)
 Metaspace       used 6575K, capacity 7320K, committed 7680K, reserved 1056768K
  class space    used 615K, capacity 656K, committed 768K, reserved 1048576K
}
Event: 4,052 GC heap before
{Heap before GC invocations=12 (full 2):
 PSYoungGen      total 222720K, used 54779K [0x00000000eab00000, 0x0000000100000000, 0x0000000100000000)
  eden space 167936K, 0% used [0x00000000eab00000,0x00000000eab00000,0x00000000f4f00000)
  from space 54784K, 99% used [0x00000000fca80000,0x00000000ffffee40,0x0000000100000000)
  to   space 90624K, 0% used [0x00000000f4f00000,0x00000000f4f00000,0x00000000fa780000)
 ParOldGen       total 161792K, used 139134K [0x00000000c0000000, 0x00000000c9e00000, 0x00000000eab00000)
  object space 161792K, 85% used [0x00000000c0000000,0x00000000c87dfa00,0x00000000c9e00000)
 Metaspace       used 6575K, capacity 7320K, committed 7680K, reserved 1056768K
  class space    used 615K, capacity 656K, committed 768K, reserved 1048576K

Deoptimization events (10 events):
Event: 2,858 Thread 0x00007f97f000a000 Uncommon trap: reason=unstable_if action=reinterpret pc=0x00007f97e0a0cfa8 method=com.android.dx.rop.cst.CstNat.equals(Ljava/lang/Object;)Z @ 25
Event: 3,234 Thread 0x00007f97f0237800 Uncommon trap: reason=bimorphic action=maybe_recompile pc=0x00007f97e08b3238 method=com.android.dx.ssa.LiteralOpUpgrader.tryReplacingWithConstant(Lcom/android/dx/ssa/NormalSsaInsn;)Z @ 62
Event: 3,275 Thread 0x00007f97f0239000 Uncommon trap: reason=bimorphic action=maybe_recompile pc=0x00007f97e08b3238 method=com.android.dx.ssa.LiteralOpUpgrader.tryReplacingWithConstant(Lcom/android/dx/ssa/NormalSsaInsn;)Z @ 62
Event: 3,454 Thread 0x00007f97f0237800 Uncommon trap: reason=bimorphic action=maybe_recompile pc=0x00007f97e08fccf0 method=com.android.dx.cf.code.BytecodeArray.parseInstruction(ILcom/android/dx/cf/code/BytecodeArray$Visitor;)I @ 2554
Event: 3,454 Thread 0x00007f97f0237800 Uncommon trap: reason=bimorphic action=maybe_recompile pc=0x00007f97e08fccf0 method=com.android.dx.cf.code.BytecodeArray.parseInstruction(ILcom/android/dx/cf/code/BytecodeArray$Visitor;)I @ 2554
Event: 3,623 Thread 0x00007f97f0234000 Uncommon trap: reason=unstable_if action=reinterpret pc=0x00007f97e0b0981c method=com.android.dx.cf.code.RopperMachine.run(Lcom/android/dx/cf/code/Frame;II)V @ 1250
Event: 3,651 Thread 0x00007f97f0234000 Uncommon trap: reason=unstable_if action=reinterpret pc=0x00007f97e0b32d94 method=com.android.dx.ssa.SsaBasicBlock.scheduleMovesFromPhis()V @ 63
Event: 3,806 Thread 0x00007f97f0237800 Uncommon trap: reason=unstable_if action=reinterpret pc=0x00007f97e0b408b8 method=com.android.dx.rop.code.BasicBlockList.preferredSuccessorOf(Lcom/android/dx/rop/code/BasicBlock;)Lcom/android/dx/rop/code/BasicBlock; @ 58
Event: 3,864 Thread 0x00007f97f000a000 Uncommon trap: reason=unstable_if action=reinterpret pc=0x00007f97e08fce10 method=com.android.dx.cf.code.ByteCatchList.listFor(I)Lcom/android/dx/cf/code/ByteCatchList; @ 47
Event: 3,943 Thread 0x00007f97f0239000 Uncommon trap: reason=unstable_if action=reinterpret pc=0x00007f97e0aebf08 method=com.android.dx.ssa.SCCP.simulateBranch(Lcom/android/dx/ssa/SsaInsn;)V @ 140

Internal exceptions (7 events):
Event: 0,019 Thread 0x00007f97f000a000 Exception <a 'java/lang/NoSuchMethodError': Method sun.misc.Unsafe.defineClass(Ljava/lang/String;[BII)Ljava/lang/Class; name or signature does not match> (0x00000000eab07cc0) thrown at [/HUDSON/workspace/8-2-build-linux-amd64/jdk8u91/6644/hotspot/src/shar
Event: 0,020 Thread 0x00007f97f000a000 Exception <a 'java/lang/NoSuchMethodError': Method sun.misc.Unsafe.prefetchRead(Ljava/lang/Object;J)V name or signature does not match> (0x00000000eab07fa8) thrown at [/HUDSON/workspace/8-2-build-linux-amd64/jdk8u91/6644/hotspot/src/share/vm/prims/jni.cpp
Event: 0,719 Thread 0x00007f97f023b000 Implicit null exception at 0x00007f97e0442f31 to 0x00007f97e0445c91
Event: 1,201 Thread 0x00007f97f023b000 Exception <a 'java/lang/ArrayIndexOutOfBoundsException': 18> (0x00000000eec9de50) thrown at [/HUDSON/workspace/8-2-build-linux-amd64/jdk8u91/6644/hotspot/src/share/vm/interpreter/interpreterRuntime.cpp, line 366]
Event: 1,202 Thread 0x00007f97f023b000 Exception <a 'java/lang/ArrayIndexOutOfBoundsException': 145> (0x00000000eec9f9d0) thrown at [/HUDSON/workspace/8-2-build-linux-amd64/jdk8u91/6644/hotspot/src/share/vm/interpreter/interpreterRuntime.cpp, line 366]
Event: 1,202 Thread 0x00007f97f023b000 Exception <a 'java/lang/ArrayIndexOutOfBoundsException': 40> (0x00000000eeca0cb8) thrown at [/HUDSON/workspace/8-2-build-linux-amd64/jdk8u91/6644/hotspot/src/share/vm/interpreter/interpreterRuntime.cpp, line 366]
Event: 1,750 Thread 0x00007f97f0239000 Implicit null exception at 0x00007f97e05f7bb9 to 0x00007f97e05f7e99

Events (10 events):
Event: 3,951 Thread 0x00007f97f000a000 DEOPT UNPACKING pc=0x00007f97e01b6633 sp=0x00007f97f6107770 mode 0
Event: 3,954 Thread 0x00007f97f000a000 DEOPT PACKING pc=0x00007f97e051ec26 sp=0x00007f97f6107330
Event: 3,955 Thread 0x00007f97f000a000 DEOPT UNPACKING pc=0x00007f97e01b6633 sp=0x00007f97f6107070 mode 0
Event: 3,955 loading class com/android/dx/ssa/Dominators$1
Event: 3,955 loading class com/android/dx/ssa/Dominators$1 done
Event: 3,964 Thread 0x00007f97f000a000 DEOPT PACKING pc=0x00007f97e0559fac sp=0x00007f97f61077f0
Event: 3,964 Thread 0x00007f97f000a000 DEOPT UNPACKING pc=0x00007f97e01b6633 sp=0x00007f97f6107590 mode 0
Event: 3,966 Thread 0x00007f97f023b000 DEOPT PACKING pc=0x00007f97e055f827 sp=0x00007f97d5316030
Event: 3,966 Executing VM operation: ParallelGCFailedAllocation
Event: 3,968 Thread 0x00007f97f023b000 DEOPT UNPACKING pc=0x00007f97e01b6633 sp=0x00007f97d5315e60 mode 0


Dynamic libraries:
00400000-00401000 r-xp 00000000 08:04 1184221                            /usr/lib/jvm/java-8-oracle/bin/java
00600000-00601000 rw-p 00000000 08:04 1184221                            /usr/lib/jvm/java-8-oracle/bin/java
01591000-015b2000 rw-p 00000000 00:00 0                                  [heap]
c0000000-c9e00000 rw-p 00000000 00:00 0 
d1200000-eab00000 ---p 00000000 00:00 0 
eab00000-100000000 rw-p 00000000 00:00 0 
100000000-1000c0000 rw-p 00000000 00:00 0 
1000c0000-140000000 ---p 00000000 00:00 0 
7f9770000000-7f9770028000 rw-p 00000000 00:00 0 
7f9770028000-7f9774000000 ---p 00000000 00:00 0 
7f9774000000-7f9774021000 rw-p 00000000 00:00 0 
7f9774021000-7f9778000000 ---p 00000000 00:00 0 
7f9778000000-7f9778021000 rw-p 00000000 00:00 0 
7f9778021000-7f977c000000 ---p 00000000 00:00 0 
7f977c000000-7f977c041000 rw-p 00000000 00:00 0 
7f977c041000-7f9780000000 ---p 00000000 00:00 0 
7f9780000000-7f9780021000 rw-p 00000000 00:00 0 
7f9780021000-7f9784000000 ---p 00000000 00:00 0 
7f9784000000-7f9784032000 rw-p 00000000 00:00 0 
7f9784032000-7f9788000000 ---p 00000000 00:00 0 
7f9788000000-7f9788c29000 rw-p 00000000 00:00 0 
7f9788c29000-7f978c000000 ---p 00000000 00:00 0 
7f978c000000-7f978c021000 rw-p 00000000 00:00 0 
7f978c021000-7f9790000000 ---p 00000000 00:00 0 
7f9790000000-7f9790af2000 rw-p 00000000 00:00 0 
7f9790af2000-7f9794000000 ---p 00000000 00:00 0 
7f9794000000-7f9794d85000 rw-p 00000000 00:00 0 
7f9794d85000-7f9798000000 ---p 00000000 00:00 0 
7f9798000000-7f9798021000 rw-p 00000000 00:00 0 
7f9798021000-7f979c000000 ---p 00000000 00:00 0 
7f979c000000-7f979d236000 rw-p 00000000 00:00 0 
7f979d236000-7f97a0000000 ---p 00000000 00:00 0 
7f97a0000000-7f97a0021000 rw-p 00000000 00:00 0 
7f97a0021000-7f97a4000000 ---p 00000000 00:00 0 
7f97a4000000-7f97a4021000 rw-p 00000000 00:00 0 
7f97a4021000-7f97a8000000 ---p 00000000 00:00 0 
7f97a8000000-7f97a8021000 rw-p 00000000 00:00 0 
7f97a8021000-7f97ac000000 ---p 00000000 00:00 0 
7f97ac000000-7f97ac29d000 rw-p 00000000 00:00 0 
7f97ac29d000-7f97b0000000 ---p 00000000 00:00 0 
7f97b0000000-7f97b0021000 rw-p 00000000 00:00 0 
7f97b0021000-7f97b4000000 ---p 00000000 00:00 0 
7f97b8000000-7f97b8021000 rw-p 00000000 00:00 0 
7f97b8021000-7f97bc000000 ---p 00000000 00:00 0 
7f97bc000000-7f97bc021000 rw-p 00000000 00:00 0 
7f97bc021000-7f97c0000000 ---p 00000000 00:00 0 
7f97c0000000-7f97c0021000 rw-p 00000000 00:00 0 
7f97c0021000-7f97c4000000 ---p 00000000 00:00 0 
7f97c8000000-7f97c8021000 rw-p 00000000 00:00 0 
7f97c8021000-7f97cc000000 ---p 00000000 00:00 0 
7f97d0000000-7f97d0021000 rw-p 00000000 00:00 0 
7f97d0021000-7f97d4000000 ---p 00000000 00:00 0 
7f97d5217000-7f97d521a000 ---p 00000000 00:00 0 
7f97d521a000-7f97d5318000 rw-p 00000000 00:00 0 
7f97d5318000-7f97d531b000 ---p 00000000 00:00 0 
7f97d531b000-7f97d5419000 rw-p 00000000 00:00 0 
7f97d5419000-7f97d541c000 ---p 00000000 00:00 0 
7f97d541c000-7f97d551a000 rw-p 00000000 00:00 0 
7f97d551a000-7f97d551d000 ---p 00000000 00:00 0 
7f97d551d000-7f97d561b000 rw-p 00000000 00:00 0 
7f97d561b000-7f97d561e000 ---p 00000000 00:00 0 
7f97d561e000-7f97d571c000 rw-p 00000000 00:00 0 
7f97d571c000-7f97d5752000 r--s 002b1000 08:04 422358                     /home/ankoma88/AndroidStudioProjects/RatesChart/app/build/intermediates/transforms/jarMerging/debug/jars/1/1f/combined.jar
7f97d5752000-7f97d5753000 ---p 00000000 00:00 0 
7f97d5753000-7f97d5853000 rw-p 00000000 00:00 0 
7f97d5853000-7f97d5856000 ---p 00000000 00:00 0 
7f97d5856000-7f97d5954000 rw-p 00000000 00:00 0 
7f97d5954000-7f97d5957000 ---p 00000000 00:00 0 
7f97d5957000-7f97d5a55000 rw-p 00000000 00:00 0 
7f97d5a55000-7f97d5a58000 ---p 00000000 00:00 0 
7f97d5a58000-7f97d5b56000 rw-p 00000000 00:00 0 
7f97d5b56000-7f97d5b59000 ---p 00000000 00:00 0 
7f97d5b59000-7f97d5c57000 rw-p 00000000 00:00 0 
7f97d5c57000-7f97d5c5a000 ---p 00000000 00:00 0 
7f97d5c5a000-7f97d5d58000 rw-p 00000000 00:00 0 
7f97d5d58000-7f97d5d5b000 ---p 00000000 00:00 0 
7f97d5d5b000-7f97d5e59000 rw-p 00000000 00:00 0 
7f97d5e59000-7f97d66a5000 r--p 00000000 08:04 531399                     /usr/lib/locale/locale-archive
7f97d66a5000-7f97d66a8000 ---p 00000000 00:00 0 
7f97d66a8000-7f97d67a6000 rw-p 00000000 00:00 0 
7f97d67a6000-7f97d67a9000 ---p 00000000 00:00 0 
7f97d67a9000-7f97d68a7000 rw-p 00000000 00:00 0 
7f97d68a7000-7f97d68a8000 ---p 00000000 00:00 0 
7f97d68a8000-7f97d8000000 rw-p 00000000 00:00 0 
7f97d8000000-7f97d8021000 rw-p 00000000 00:00 0 
7f97d8021000-7f97dc000000 ---p 00000000 00:00 0 
7f97dc008000-7f97dc601000 rw-p 00000000 00:00 0 
7f97dc601000-7f97dc7da000 r--s 03d1f000 08:04 802413                     /usr/lib/jvm/java-8-oracle/jre/lib/rt.jar
7f97dc7da000-7f97dcf10000 rw-p 00000000 00:00 0 
7f97dcf10000-7f97dd050000 ---p 00000000 00:00 0 
7f97dd050000-7f97df250000 rw-p 00000000 00:00 0 
7f97df250000-7f97df251000 ---p 00000000 00:00 0 
7f97df251000-7f97df351000 rw-p 00000000 00:00 0 
7f97df351000-7f97df352000 ---p 00000000 00:00 0 
7f97df352000-7f97df452000 rw-p 00000000 00:00 0 
7f97df452000-7f97df453000 ---p 00000000 00:00 0 
7f97df453000-7f97df553000 rw-p 00000000 00:00 0 
7f97df553000-7f97df554000 ---p 00000000 00:00 0 
7f97df554000-7f97df654000 rw-p 00000000 00:00 0 
7f97df654000-7f97df655000 ---p 00000000 00:00 0 
7f97df655000-7f97df755000 rw-p 00000000 00:00 0 
7f97df755000-7f97df756000 ---p 00000000 00:00 0 
7f97df756000-7f97df856000 rw-p 00000000 00:00 0 
7f97df856000-7f97df857000 ---p 00000000 00:00 0 
7f97df857000-7f97df957000 rw-p 00000000 00:00 0 
7f97df957000-7f97df958000 ---p 00000000 00:00 0 
7f97df958000-7f97dfaa7000 rw-p 00000000 00:00 0 
7f97dfaa7000-7f97dfbae000 ---p 00000000 00:00 0 
7f97dfbae000-7f97dfbfd000 rw-p 00000000 00:00 0 
7f97dfbfd000-7f97dfd03000 ---p 00000000 00:00 0 
7f97dfd03000-7f97dfdae000 rw-p 00000000 00:00 0 
7f97dfdae000-7f97dfdd8000 rw-p 00000000 00:00 0 
7f97dfdd8000-7f97e016f000 ---p 00000000 00:00 0 
7f97e016f000-7f97e0b8f000 rwxp 00000000 00:00 0 
7f97e0b8f000-7f97ef16f000 ---p 00000000 00:00 0 
7f97ef16f000-7f97ef189000 r-xp 00000000 08:04 1054389                    /usr/lib/jvm/java-8-oracle/jre/lib/amd64/libzip.so
7f97ef189000-7f97ef389000 ---p 0001a000 08:04 1054389                    /usr/lib/jvm/java-8-oracle/jre/lib/amd64/libzip.so
7f97ef389000-7f97ef38a000 rw-p 0001a000 08:04 1054389                    /usr/lib/jvm/java-8-oracle/jre/lib/amd64/libzip.so
7f97ef38a000-7f97ef394000 r-xp 00000000 08:04 270973                     /lib/x86_64-linux-gnu/libnss_files-2.19.so
7f97ef394000-7f97ef593000 ---p 0000a000 08:04 270973                     /lib/x86_64-linux-gnu/libnss_files-2.19.so
7f97ef593000-7f97ef594000 r--p 00009000 08:04 270973                     /lib/x86_64-linux-gnu/libnss_files-2.19.so
7f97ef594000-7f97ef595000 rw-p 0000a000 08:04 270973                     /lib/x86_64-linux-gnu/libnss_files-2.19.so
7f97ef595000-7f97ef5a0000 r-xp 00000000 08:04 270961                     /lib/x86_64-linux-gnu/libnss_nis-2.19.so
7f97ef5a0000-7f97ef79f000 ---p 0000b000 08:04 270961                     /lib/x86_64-linux-gnu/libnss_nis-2.19.so
7f97ef79f000-7f97ef7a0000 r--p 0000a000 08:04 270961                     /lib/x86_64-linux-gnu/libnss_nis-2.19.so
7f97ef7a0000-7f97ef7a1000 rw-p 0000b000 08:04 270961                     /lib/x86_64-linux-gnu/libnss_nis-2.19.so
7f97ef7a1000-7f97ef7b8000 r-xp 00000000 08:04 270957                     /lib/x86_64-linux-gnu/libnsl-2.19.so
7f97ef7b8000-7f97ef9b7000 ---p 00017000 08:04 270957                     /lib/x86_64-linux-gnu/libnsl-2.19.so
7f97ef9b7000-7f97ef9b8000 r--p 00016000 08:04 270957                     /lib/x86_64-linux-gnu/libnsl-2.19.so
7f97ef9b8000-7f97ef9b9000 rw-p 00017000 08:04 270957                     /lib/x86_64-linux-gnu/libnsl-2.19.so
7f97ef9b9000-7f97ef9bb000 rw-p 00000000 00:00 0 
7f97ef9bb000-7f97ef9c4000 r-xp 00000000 08:04 270956                     /lib/x86_64-linux-gnu/libnss_compat-2.19.so
7f97ef9c4000-7f97efbc3000 ---p 00009000 08:04 270956                     /lib/x86_64-linux-gnu/libnss_compat-2.19.so
7f97efbc3000-7f97efbc4000 r--p 00008000 08:04 270956                     /lib/x86_64-linux-gnu/libnss_compat-2.19.so
7f97efbc4000-7f97efbc5000 rw-p 00009000 08:04 270956                     /lib/x86_64-linux-gnu/libnss_compat-2.19.so
7f97efbc5000-7f97efbef000 r-xp 00000000 08:04 1054391                    /usr/lib/jvm/java-8-oracle/jre/lib/amd64/libjava.so
7f97efbef000-7f97efdef000 ---p 0002a000 08:04 1054391                    /usr/lib/jvm/java-8-oracle/jre/lib/amd64/libjava.so
7f97efdef000-7f97efdf1000 rw-p 0002a000 08:04 1054391                    /usr/lib/jvm/java-8-oracle/jre/lib/amd64/libjava.so
7f97efdf1000-7f97efdfe000 r-xp 00000000 08:04 1057088                    /usr/lib/jvm/java-8-oracle/jre/lib/amd64/libverify.so
7f97efdfe000-7f97efffe000 ---p 0000d000 08:04 1057088                    /usr/lib/jvm/java-8-oracle/jre/lib/amd64/libverify.so
7f97efffe000-7f97f0000000 rw-p 0000d000 08:04 1057088                    /usr/lib/jvm/java-8-oracle/jre/lib/amd64/libverify.so
7f97f0000000-7f97f03b1000 rw-p 00000000 00:00 0 
7f97f03b1000-7f97f4000000 ---p 00000000 00:00 0 
7f97f401d000-7f97f4024000 r-xp 00000000 08:04 270968                     /lib/x86_64-linux-gnu/librt-2.19.so
7f97f4024000-7f97f4223000 ---p 00007000 08:04 270968                     /lib/x86_64-linux-gnu/librt-2.19.so
7f97f4223000-7f97f4224000 r--p 00006000 08:04 270968                     /lib/x86_64-linux-gnu/librt-2.19.so
7f97f4224000-7f97f4225000 rw-p 00007000 08:04 270968                     /lib/x86_64-linux-gnu/librt-2.19.so
7f97f4225000-7f97f432a000 r-xp 00000000 08:04 270934                     /lib/x86_64-linux-gnu/libm-2.19.so
7f97f432a000-7f97f4529000 ---p 00105000 08:04 270934                     /lib/x86_64-linux-gnu/libm-2.19.so
7f97f4529000-7f97f452a000 r--p 00104000 08:04 270934                     /lib/x86_64-linux-gnu/libm-2.19.so
7f97f452a000-7f97f452b000 rw-p 00105000 08:04 270934                     /lib/x86_64-linux-gnu/libm-2.19.so
7f97f452b000-7f97f51eb000 r-xp 00000000 08:04 1057253                    /usr/lib/jvm/java-8-oracle/jre/lib/amd64/server/libjvm.so
7f97f51eb000-7f97f53eb000 ---p 00cc0000 08:04 1057253                    /usr/lib/jvm/java-8-oracle/jre/lib/amd64/server/libjvm.so
7f97f53eb000-7f97f54c3000 rw-p 00cc0000 08:04 1057253                    /usr/lib/jvm/java-8-oracle/jre/lib/amd64/server/libjvm.so
7f97f54c3000-7f97f550e000 rw-p 00000000 00:00 0 
7f97f550e000-7f97f56c8000 r-xp 00000000 08:04 270969                     /lib/x86_64-linux-gnu/libc-2.19.so
7f97f56c8000-7f97f58c8000 ---p 001ba000 08:04 270969                     /lib/x86_64-linux-gnu/libc-2.19.so
7f97f58c8000-7f97f58cc000 r--p 001ba000 08:04 270969                     /lib/x86_64-linux-gnu/libc-2.19.so
7f97f58cc000-7f97f58ce000 rw-p 001be000 08:04 270969                     /lib/x86_64-linux-gnu/libc-2.19.so
7f97f58ce000-7f97f58d3000 rw-p 00000000 00:00 0 
7f97f58d3000-7f97f58d6000 r-xp 00000000 08:04 270944                     /lib/x86_64-linux-gnu/libdl-2.19.so
7f97f58d6000-7f97f5ad5000 ---p 00003000 08:04 270944                     /lib/x86_64-linux-gnu/libdl-2.19.so
7f97f5ad5000-7f97f5ad6000 r--p 00002000 08:04 270944                     /lib/x86_64-linux-gnu/libdl-2.19.so
7f97f5ad6000-7f97f5ad7000 rw-p 00003000 08:04 270944                     /lib/x86_64-linux-gnu/libdl-2.19.so
7f97f5ad7000-7f97f5aec000 r-xp 00000000 08:04 802217                     /usr/lib/jvm/java-8-oracle/lib/amd64/jli/libjli.so
7f97f5aec000-7f97f5cec000 ---p 00015000 08:04 802217                     /usr/lib/jvm/java-8-oracle/lib/amd64/jli/libjli.so
7f97f5cec000-7f97f5ced000 rw-p 00015000 08:04 802217                     /usr/lib/jvm/java-8-oracle/lib/amd64/jli/libjli.so
7f97f5ced000-7f97f5d06000 r-xp 00000000 08:04 270958                     /lib/x86_64-linux-gnu/libpthread-2.19.so
7f97f5d06000-7f97f5f05000 ---p 00019000 08:04 270958                     /lib/x86_64-linux-gnu/libpthread-2.19.so
7f97f5f05000-7f97f5f06000 r--p 00018000 08:04 270958                     /lib/x86_64-linux-gnu/libpthread-2.19.so
7f97f5f06000-7f97f5f07000 rw-p 00019000 08:04 270958                     /lib/x86_64-linux-gnu/libpthread-2.19.so
7f97f5f07000-7f97f5f0b000 rw-p 00000000 00:00 0 
7f97f5f0b000-7f97f5f2e000 r-xp 00000000 08:04 270959                     /lib/x86_64-linux-gnu/ld-2.19.so
7f97f5f30000-7f97f6009000 rw-p 00000000 00:00 0 
7f97f6009000-7f97f600c000 ---p 00000000 00:00 0 
7f97f600c000-7f97f610e000 rw-p 00000000 00:00 0 
7f97f6111000-7f97f6112000 rw-p 00000000 00:00 0 
7f97f6112000-7f97f6121000 r--s 000df000 08:04 135543                     /home/ankoma88/Android/Sdk/build-tools/23.0.3/lib/dx.jar
7f97f6121000-7f97f6129000 rw-s 00000000 08:04 422363                     /tmp/hsperfdata_ankoma88/12766
7f97f6129000-7f97f612a000 rw-p 00000000 00:00 0 
7f97f612a000-7f97f612b000 ---p 00000000 00:00 0 
7f97f612b000-7f97f612d000 rw-p 00000000 00:00 0 
7f97f612d000-7f97f612e000 r--p 00022000 08:04 270959                     /lib/x86_64-linux-gnu/ld-2.19.so
7f97f612e000-7f97f612f000 rw-p 00023000 08:04 270959                     /lib/x86_64-linux-gnu/ld-2.19.so
7f97f612f000-7f97f6130000 rw-p 00000000 00:00 0 
7ffedc1e4000-7ffedc205000 rw-p 00000000 00:00 0                          [stack]
7ffedc304000-7ffedc306000 r--p 00000000 00:00 0                          [vvar]
7ffedc306000-7ffedc308000 r-xp 00000000 00:00 0                          [vdso]
ffffffffff600000-ffffffffff601000 r-xp 00000000 00:00 0                  [vsyscall]

VM Arguments:
jvm_args: -Djava.awt.headless=true -Xmx1024M -Dfile.encoding=UTF-8 -Duser.country=US -Duser.language=en -Duser.variant 
java_command: com.android.dx.command.Main --dex --num-threads=4 --multi-dex --main-dex-list /home/ankoma88/AndroidStudioProjects/RatesChart/app/build/intermediates/multi-dex/debug/maindexlist.txt --output /home/ankoma88/AndroidStudioProjects/RatesChart/app/build/intermediates/transforms/dex/debug/folders/1000/1f/main /home/ankoma88/AndroidStudioProjects/RatesChart/app/build/intermediates/transforms/jarMerging/debug/jars/1/1f/combined.jar
java_class_path (initial): /home/ankoma88/Android/Sdk/build-tools/23.0.3/lib/dx.jar
Launcher Type: SUN_STANDARD

Environment Variables:
JAVA_HOME=/usr/lib/jvm/java-8-oracle
PATH=/usr/local/sbin:/usr/local/bin:/usr/sbin:/usr/bin:/sbin:/bin:/usr/games:/usr/local/games:/usr/lib/jvm/java-8-oracle/bin:/usr/lib/jvm/java-8-oracle/db/bin:/usr/lib/jvm/java-8-oracle/jre/bin
LD_LIBRARY_PATH=/usr/local/ide/android-studio/bin:
SHELL=/bin/bash
DISPLAY=:0

Signal Handlers:
SIGSEGV: [libjvm.so+0xabca10], sa_mask[0]=11111111011111111101111111111110, sa_flags=SA_RESTART|SA_SIGINFO
SIGBUS: [libjvm.so+0xabca10], sa_mask[0]=11111111011111111101111111111110, sa_flags=SA_RESTART|SA_SIGINFO
SIGFPE: [libjvm.so+0x919a20], sa_mask[0]=11111111011111111101111111111110, sa_flags=SA_RESTART|SA_SIGINFO
SIGPIPE: [libjvm.so+0x919a20], sa_mask[0]=11111111011111111101111111111110, sa_flags=SA_RESTART|SA_SIGINFO
SIGXFSZ: [libjvm.so+0x919a20], sa_mask[0]=11111111011111111101111111111110, sa_flags=SA_RESTART|SA_SIGINFO
SIGILL: [libjvm.so+0x919a20], sa_mask[0]=11111111011111111101111111111110, sa_flags=SA_RESTART|SA_SIGINFO
SIGUSR1: SIG_DFL, sa_mask[0]=00000000000000000000000000000000, sa_flags=none
SIGUSR2: [libjvm.so+0x91b050], sa_mask[0]=00100000000000000000000000000000, sa_flags=SA_RESTART|SA_SIGINFO
SIGHUP: [libjvm.so+0x91c450], sa_mask[0]=11111111011111111101111111111110, sa_flags=SA_RESTART|SA_SIGINFO
SIGINT: [libjvm.so+0x91c450], sa_mask[0]=11111111011111111101111111111110, sa_flags=SA_RESTART|SA_SIGINFO
SIGTERM: [libjvm.so+0x91c450], sa_mask[0]=11111111011111111101111111111110, sa_flags=SA_RESTART|SA_SIGINFO
SIGQUIT: [libjvm.so+0x91c450], sa_mask[0]=11111111011111111101111111111110, sa_flags=SA_RESTART|SA_SIGINFO


---------------  S Y S T E M  ---------------

OS:DISTRIB_ID=Ubuntu
DISTRIB_RELEASE=14.04
DISTRIB_CODENAME=trusty
DISTRIB_DESCRIPTION="Ubuntu 14.04.4 LTS"

uname:Linux 4.2.0-38-generic #45~14.04.1-Ubuntu SMP Thu Jun 9 09:27:51 UTC 2016 x86_64
libc:glibc 2.19 NPTL 2.19 
rlimit: STACK 8192k, CORE 0k, NPROC 31126, NOFILE 4096, AS infinity
load average:3,40 2,66 2,28

/proc/meminfo:
MemTotal:        8058472 kB
MemFree:          131952 kB
MemAvailable:     104776 kB
Buffers:            1744 kB
Cached:          1294736 kB
SwapCached:            0 kB
Active:          6524860 kB
Inactive:        1145512 kB
Active(anon):    6481608 kB
Inactive(anon):  1112816 kB
Active(file):      43252 kB
Inactive(file):    32696 kB
Unevictable:          32 kB
Mlocked:              32 kB
SwapTotal:             0 kB
SwapFree:              0 kB
Dirty:               200 kB
Writeback:             0 kB
AnonPages:       6374856 kB
Mapped:           657512 kB
Shmem:           1219640 kB
Slab:              97560 kB
SReclaimable:      38636 kB
SUnreclaim:        58924 kB
KernelStack:       16416 kB
PageTables:        68764 kB
NFS_Unstable:          0 kB
Bounce:                0 kB
WritebackTmp:          0 kB
CommitLimit:     4029236 kB
Committed_AS:   15198744 kB
VmallocTotal:   34359738367 kB
VmallocUsed:      390948 kB
VmallocChunk:   34358947836 kB
HardwareCorrupted:     0 kB
AnonHugePages:   3321856 kB
CmaTotal:              0 kB
CmaFree:               0 kB
HugePages_Total:       0
HugePages_Free:        0
HugePages_Rsvd:        0
HugePages_Surp:        0
Hugepagesize:       2048 kB
DirectMap4k:      221160 kB
DirectMap2M:     8050688 kB


CPU:total 8 (4 cores per cpu, 2 threads per core) family 6 model 58 stepping 9, cmov, cx8, fxsr, mmx, sse, sse2, sse3, ssse3, sse4.1, sse4.2, popcnt, avx, clmul, erms, ht, tsc, tscinvbit, tscinv

/proc/cpuinfo:
processor	: 0
vendor_id	: GenuineIntel
cpu family	: 6
model		: 58
model name	: Intel(R) Core(TM) i7-3610QM CPU @ 2.30GHz
stepping	: 9
microcode	: 0x15
cpu MHz		: 3106.976
cache size	: 6144 KB
physical id	: 0
siblings	: 8
core id		: 0
cpu cores	: 4
apicid		: 0
initial apicid	: 0
fpu		: yes
fpu_exception	: yes
cpuid level	: 13
wp		: yes
flags		: fpu vme de pse tsc msr pae mce cx8 apic sep mtrr pge mca cmov pat pse36 clflush dts acpi mmx fxsr sse sse2 ss ht tm pbe syscall nx rdtscp lm constant_tsc arch_perfmon pebs bts rep_good nopl xtopology nonstop_tsc aperfmperf eagerfpu pni pclmulqdq dtes64 monitor ds_cpl vmx est tm2 ssse3 cx16 xtpr pdcm pcid sse4_1 sse4_2 x2apic popcnt tsc_deadline_timer xsave avx f16c rdrand lahf_lm ida arat epb pln pts dtherm tpr_shadow vnmi flexpriority ept vpid fsgsbase smep erms xsaveopt
bugs		:
bogomips	: 4589.64
clflush size	: 64
cache_alignment	: 64
address sizes	: 36 bits physical, 48 bits virtual
power management:

processor	: 1
vendor_id	: GenuineIntel
cpu family	: 6
model		: 58
model name	: Intel(R) Core(TM) i7-3610QM CPU @ 2.30GHz
stepping	: 9
microcode	: 0x15
cpu MHz		: 3107.695
cache size	: 6144 KB
physical id	: 0
siblings	: 8
core id		: 1
cpu cores	: 4
apicid		: 2
initial apicid	: 2
fpu		: yes
fpu_exception	: yes
cpuid level	: 13
wp		: yes
flags		: fpu vme de pse tsc msr pae mce cx8 apic sep mtrr pge mca cmov pat pse36 clflush dts acpi mmx fxsr sse sse2 ss ht tm pbe syscall nx rdtscp lm constant_tsc arch_perfmon pebs bts rep_good nopl xtopology nonstop_tsc aperfmperf eagerfpu pni pclmulqdq dtes64 monitor ds_cpl vmx est tm2 ssse3 cx16 xtpr pdcm pcid sse4_1 sse4_2 x2apic popcnt tsc_deadline_timer xsave avx f16c rdrand lahf_lm ida arat epb pln pts dtherm tpr_shadow vnmi flexpriority ept vpid fsgsbase smep erms xsaveopt
bugs		:
bogomips	: 4589.64
clflush size	: 64
cache_alignment	: 64
address sizes	: 36 bits physical, 48 bits virtual
power management:

processor	: 2
vendor_id	: GenuineIntel
cpu family	: 6
model		: 58
model name	: Intel(R) Core(TM) i7-3610QM CPU @ 2.30GHz
stepping	: 9
microcode	: 0x15
cpu MHz		: 3165.375
cache size	: 6144 KB
physical id	: 0
siblings	: 8
core id		: 2
cpu cores	: 4
apicid		: 4
initial apicid	: 4
fpu		: yes
fpu_exception	: yes
cpuid level	: 13
wp		: yes
flags		: fpu vme de pse tsc msr pae mce cx8 apic sep mtrr pge mca cmov pat pse36 clflush dts acpi mmx fxsr sse sse2 ss ht tm pbe syscall nx rdtscp lm constant_tsc arch_perfmon pebs bts rep_good nopl xtopology nonstop_tsc aperfmperf eagerfpu pni pclmulqdq dtes64 monitor ds_cpl vmx est tm2 ssse3 cx16 xtpr pdcm pcid sse4_1 sse4_2 x2apic popcnt tsc_deadline_timer xsave avx f16c rdrand lahf_lm ida arat epb pln pts dtherm tpr_shadow vnmi flexpriority ept vpid fsgsbase smep erms xsaveopt
bugs		:
bogomips	: 4589.64
clflush size	: 64
cache_alignment	: 64
address sizes	: 36 bits physical, 48 bits virtual
power management:

processor	: 3
vendor_id	: GenuineIntel
cpu family	: 6
model		: 58
model name	: Intel(R) Core(TM) i7-3610QM CPU @ 2.30GHz
stepping	: 9
microcode	: 0x15
cpu MHz		: 3099.968
cache size	: 6144 KB
physical id	: 0
siblings	: 8
core id		: 3
cpu cores	: 4
apicid		: 6
initial apicid	: 6
fpu		: yes
fpu_exception	: yes
cpuid level	: 13
wp		: yes
flags		: fpu vme de pse tsc msr pae mce cx8 apic sep mtrr pge mca cmov pat pse36 clflush dts acpi mmx fxsr sse sse2 ss ht tm pbe syscall nx rdtscp lm constant_tsc arch_perfmon pebs bts rep_good nopl xtopology nonstop_tsc aperfmperf eagerfpu pni pclmulqdq dtes64 monitor ds_cpl vmx est tm2 ssse3 cx16 xtpr pdcm pcid sse4_1 sse4_2 x2apic popcnt tsc_deadline_timer xsave avx f16c rdrand lahf_lm ida arat epb pln pts dtherm tpr_shadow vnmi flexpriority ept vpid fsgsbase smep erms xsaveopt
bugs		:
bogomips	: 4589.64
clflush size	: 64
cache_alignment	: 64
address sizes	: 36 bits physical, 48 bits virtual
power management:

processor	: 4
vendor_id	: GenuineIntel
cpu family	: 6
model		: 58
model name	: Intel(R) Core(TM) i7-3610QM CPU @ 2.30GHz
stepping	: 9
microcode	: 0x15
cpu MHz		: 3195.742
cache size	: 6144 KB
physical id	: 0
siblings	: 8
core id		: 0
cpu cores	: 4
apicid		: 1
initial apicid	: 1
fpu		: yes
fpu_exception	: yes
cpuid level	: 13
wp		: yes
flags		: fpu vme de pse tsc msr pae mce cx8 apic sep mtrr pge mca cmov pat pse36 clflush dts acpi mmx fxsr sse sse2 ss ht tm pbe syscall nx rdtscp lm constant_tsc arch_perfmon pebs bts rep_good nopl xtopology nonstop_tsc aperfmperf eagerfpu pni pclmulqdq dtes64 monitor ds_cpl vmx est tm2 ssse3 cx16 xtpr pdcm pcid sse4_1 sse4_2 x2apic popcnt tsc_deadline_timer xsave avx f16c rdrand lahf_lm ida arat epb pln pts dtherm tpr_shadow vnmi flexpriority ept vpid fsgsbase smep erms xsaveopt
bugs		:
bogomips	: 4589.64
clflush size	: 64
cache_alignment	: 64
address sizes	: 36 bits physical, 48 bits virtual
power management:

processor	: 5
vendor_id	: GenuineIntel
cpu family	: 6
model		: 58
model name	: Intel(R) Core(TM) i7-3610QM CPU @ 2.30GHz
stepping	: 9
microcode	: 0x15
cpu MHz		: 3126.023
cache size	: 6144 KB
physical id	: 0
siblings	: 8
core id		: 1
cpu cores	: 4
apicid		: 3
initial apicid	: 3
fpu		: yes
fpu_exception	: yes
cpuid level	: 13
wp		: yes
flags		: fpu vme de pse tsc msr pae mce cx8 apic sep mtrr pge mca cmov pat pse36 clflush dts acpi mmx fxsr sse sse2 ss ht tm pbe syscall nx rdtscp lm constant_tsc arch_perfmon pebs bts rep_good nopl xtopology nonstop_tsc aperfmperf eagerfpu pni pclmulqdq dtes64 monitor ds_cpl vmx est tm2 ssse3 cx16 xtpr pdcm pcid sse4_1 sse4_2 x2apic popcnt tsc_deadline_timer xsave avx f16c rdrand lahf_lm ida arat epb pln pts dtherm tpr_shadow vnmi flexpriority ept vpid fsgsbase smep erms xsaveopt
bugs		:
bogomips	: 4589.64
clflush size	: 64
cache_alignment	: 64
address sizes	: 36 bits physical, 48 bits virtual
power management:

processor	: 6
vendor_id	: GenuineIntel
cpu family	: 6
model		: 58
model name	: Intel(R) Core(TM) i7-3610QM CPU @ 2.30GHz
stepping	: 9
microcode	: 0x15
cpu MHz		: 3099.789
cache size	: 6144 KB
physical id	: 0
siblings	: 8
core id		: 2
cpu cores	: 4
apicid		: 5
initial apicid	: 5
fpu		: yes
fpu_exception	: yes
cpuid level	: 13
wp		: yes
flags		: fpu vme de pse tsc msr pae mce cx8 apic sep mtrr pge mca cmov pat pse36 clflush dts acpi mmx fxsr sse sse2 ss ht tm pbe syscall nx rdtscp lm constant_tsc arch_perfmon pebs bts rep_good nopl xtopology nonstop_tsc aperfmperf eagerfpu pni pclmulqdq dtes64 monitor ds_cpl vmx est tm2 ssse3 cx16 xtpr pdcm pcid sse4_1 sse4_2 x2apic popcnt tsc_deadline_timer xsave avx f16c rdrand lahf_lm ida arat epb pln pts dtherm tpr_shadow vnmi flexpriority ept vpid fsgsbase smep erms xsaveopt
bugs		:
bogomips	: 4589.64
clflush size	: 64
cache_alignment	: 64
address sizes	: 36 bits physical, 48 bits virtual
power management:

processor	: 7
vendor_id	: GenuineIntel
cpu family	: 6
model		: 58
model name	: Intel(R) Core(TM) i7-3610QM CPU @ 2.30GHz
stepping	: 9
microcode	: 0x15
cpu MHz		: 3099.968
cache size	: 6144 KB
physical id	: 0
siblings	: 8
core id		: 3
cpu cores	: 4
apicid		: 7
initial apicid	: 7
fpu		: yes
fpu_exception	: yes
cpuid level	: 13
wp		: yes
flags		: fpu vme de pse tsc msr pae mce cx8 apic sep mtrr pge mca cmov pat pse36 clflush dts acpi mmx fxsr sse sse2 ss ht tm pbe syscall nx rdtscp lm constant_tsc arch_perfmon pebs bts rep_good nopl xtopology nonstop_tsc aperfmperf eagerfpu pni pclmulqdq dtes64 monitor ds_cpl vmx est tm2 ssse3 cx16 xtpr pdcm pcid sse4_1 sse4_2 x2apic popcnt tsc_deadline_timer xsave avx f16c rdrand lahf_lm ida arat epb pln pts dtherm tpr_shadow vnmi flexpriority ept vpid fsgsbase smep erms xsaveopt
bugs		:
bogomips	: 4589.64
clflush size	: 64
cache_alignment	: 64
address sizes	: 36 bits physical, 48 bits virtual
power management:



Memory: 4k page, physical 8058472k(131952k free), swap 0k(0k free)

vm_info: Java HotSpot(TM) 64-Bit Server VM (25.91-b14) for linux-amd64 JRE (1.8.0_91-b14), built on Apr  1 2016 00:57:21 by "java_re" with gcc 4.3.0 20080428 (Red Hat 4.3.0-8)

time: Sun Jun 19 20:44:32 2016
elapsed time: 4 seconds (0d 0h 0m 4s)

