#
# There is insufficient memory for the Java Runtime Environment to continue.
# Native memory allocation (mmap) failed to map 124256256 bytes for committing reserved memory.
# Possible reasons:
#   The system is out of physical RAM or swap space
#   In 32 bit mode, the process size limit was hit
# Possible solutions:
#   Reduce memory load on the system
#   Increase physical memory or swap space
#   Check if swap backing store is full
#   Use 64 bit Java on a 64 bit OS
#   Decrease Java heap size (-Xmx/-Xms)
#   Decrease number of Java threads
#   Decrease Java thread stack sizes (-Xss)
#   Set larger code cache with -XX:ReservedCodeCacheSize=
# This output file may be truncated or incomplete.
#
#  Out of Memory Error (os_linux.cpp:2627), pid=11562, tid=140350538643200
#
# JRE version: Java(TM) SE Runtime Environment (8.0_91-b14) (build 1.8.0_91-b14)
# Java VM: Java HotSpot(TM) 64-Bit Server VM (25.91-b14 mixed mode linux-amd64 compressed oops)
# Failed to write core dump. Core dumps have been disabled. To enable core dumping, try "ulimit -c unlimited" before starting Java again
#

---------------  T H R E A D  ---------------

Current thread (0x00007fa618080000):  VMThread [stack: 0x00007fa5e7eff000,0x00007fa5e8000000] [id=11576]

Stack: [0x00007fa5e7eff000,0x00007fa5e8000000],  sp=0x00007fa5e7ffe260,  free space=1020k
Native frames: (J=compiled Java code, j=interpreted, Vv=VM code, C=native code)
V  [libjvm.so+0xabc18a]  VMError::report_and_die()+0x2ba
V  [libjvm.so+0x4fafeb]  report_vm_out_of_memory(char const*, int, unsigned long, VMErrorType, char const*)+0x8b
V  [libjvm.so+0x91cbb3]  os::Linux::commit_memory_impl(char*, unsigned long, bool)+0x103
V  [libjvm.so+0x91d109]  os::pd_commit_memory(char*, unsigned long, unsigned long, bool)+0x29
V  [libjvm.so+0x91740a]  os::commit_memory(char*, unsigned long, unsigned long, bool)+0x2a
V  [libjvm.so+0x98b033]  PSVirtualSpace::expand_by(unsigned long)+0x53
V  [libjvm.so+0x97b920]  PSOldGen::expand(unsigned long)+0x170
V  [libjvm.so+0x97bb2b]  PSOldGen::resize(unsigned long)+0x1cb
V  [libjvm.so+0x983801]  PSParallelCompact::invoke_no_policy(bool)+0x991
V  [libjvm.so+0x98915d]  PSScavenge::invoke()+0x1ad
V  [libjvm.so+0x9408b0]  ParallelScavengeHeap::failed_mem_allocate(unsigned long)+0x70
V  [libjvm.so+0xabdba7]  VM_ParallelGCFailedAllocation::doit()+0x97
V  [libjvm.so+0xac55d5]  VM_Operation::evaluate()+0x55
V  [libjvm.so+0xac39aa]  VMThread::evaluate_operation(VM_Operation*)+0xba
V  [libjvm.so+0xac3d2e]  VMThread::loop()+0x1ce
V  [libjvm.so+0xac41a0]  VMThread::run()+0x70
V  [libjvm.so+0x91ef78]  java_start(Thread*)+0x108

VM_Operation (0x00007fa5e6aa48a0): ParallelGCFailedAllocation, mode: safepoint, requested by thread 0x00007fa618219000


---------------  P R O C E S S  ---------------

Java Threads: ( => current thread )
  0x00007fa61821b000 JavaThread "pool-2-thread-4" [_thread_blocked, id=11590, stack(0x00007fa5e68a5000,0x00007fa5e69a6000)]
  0x00007fa618219000 JavaThread "pool-2-thread-3" [_thread_blocked, id=11589, stack(0x00007fa5e69a6000,0x00007fa5e6aa7000)]
  0x00007fa618217800 JavaThread "pool-2-thread-2" [_thread_blocked, id=11588, stack(0x00007fa5e6aa7000,0x00007fa5e6ba8000)]
  0x00007fa618216800 JavaThread "pool-3-thread-1" [_thread_blocked, id=11587, stack(0x00007fa5e6ba8000,0x00007fa5e6ca9000)]
  0x00007fa618214000 JavaThread "pool-2-thread-1" [_thread_blocked, id=11586, stack(0x00007fa5e6ca9000,0x00007fa5e6daa000)]
  0x00007fa6180d4000 JavaThread "Service Thread" daemon [_thread_blocked, id=11584, stack(0x00007fa5e6eab000,0x00007fa5e6fac000)]
  0x00007fa6180c8800 JavaThread "C1 CompilerThread3" daemon [_thread_blocked, id=11583, stack(0x00007fa5e6fac000,0x00007fa5e70ad000)]
  0x00007fa6180c6800 JavaThread "C2 CompilerThread2" daemon [_thread_blocked, id=11582, stack(0x00007fa5e70ad000,0x00007fa5e71ae000)]
  0x00007fa6180c5000 JavaThread "C2 CompilerThread1" daemon [_thread_blocked, id=11581, stack(0x00007fa5e71ae000,0x00007fa5e72af000)]
  0x00007fa6180c2000 JavaThread "C2 CompilerThread0" daemon [_thread_blocked, id=11580, stack(0x00007fa5e72af000,0x00007fa5e73b0000)]
  0x00007fa6180c0800 JavaThread "Signal Dispatcher" daemon [_thread_blocked, id=11579, stack(0x00007fa5e73b0000,0x00007fa5e74b1000)]
  0x00007fa61808c800 JavaThread "Finalizer" daemon [_thread_blocked, id=11578, stack(0x00007fa5e7cfd000,0x00007fa5e7dfe000)]
  0x00007fa618087800 JavaThread "Reference Handler" daemon [_thread_blocked, id=11577, stack(0x00007fa5e7dfe000,0x00007fa5e7eff000)]
  0x00007fa61800a000 JavaThread "main" [_thread_blocked, id=11567, stack(0x00007fa61f6aa000,0x00007fa61f7ab000)]

Other Threads:
=>0x00007fa618080000 VMThread [stack: 0x00007fa5e7eff000,0x00007fa5e8000000] [id=11576]
  0x00007fa6180d6800 WatcherThread [stack: 0x00007fa5e6daa000,0x00007fa5e6eab000] [id=11585]

VM state:at safepoint (normal execution)

VM Mutex/Monitor currently owned by a thread:  ([mutex/lock_event])
[0x00007fa618005f30] ExpandHeap_lock - owner thread: 0x00007fa618080000
[0x00007fa6180065b0] Threads_lock - owner thread: 0x00007fa618080000
[0x00007fa618006ab0] Heap_lock - owner thread: 0x00007fa618219000

Heap:
 PSYoungGen      total 224256K, used 24986K [0x00000000eab00000, 0x0000000100000000, 0x0000000100000000)
  eden space 169984K, 0% used [0x00000000eab00000,0x00000000eab00000,0x00000000f5100000)
  from space 54272K, 46% used [0x00000000fcb00000,0x00000000fe366870,0x0000000100000000)
  to   space 89600K, 0% used [0x00000000f5100000,0x00000000f5100000,0x00000000fa880000)
 ParOldGen       total 162304K, used 161876K [0x00000000c0000000, 0x00000000c9e80000, 0x00000000eab00000)
  object space 162304K, 99% used [0x00000000c0000000,0x00000000c9e152e0,0x00000000c9e80000)
 Metaspace       used 6562K, capacity 7320K, committed 7680K, reserved 1056768K
  class space    used 615K, capacity 656K, committed 768K, reserved 1048576K

Card table byte_map: [0x00007fa61c26c000,0x00007fa61c46d000] byte_map_base: 0x00007fa61bc6c000

Marking Bits: (ParMarkBitMap*) 0x00007fa61eb82d60
 Begin Bits: [0x00007fa5ee000000, 0x00007fa5ef000000)
 End Bits:   [0x00007fa5ef000000, 0x00007fa5f0000000)

Polling page: 0x00007fa61f7cb000

CodeCache: size=245760Kb used=10057Kb max_used=10086Kb free=235702Kb
 bounds [0x00007fa609000000, 0x00007fa6099f0000, 0x00007fa618000000]
 total_blobs=2637 nmethods=2368 adapters=182
 compilation: enabled

Compilation events (10 events):
Event: 3,884 Thread 0x00007fa6180c8800 2576       2       com.android.dx.rop.cst.CstLiteral64::<init> (10 bytes)
Event: 3,884 Thread 0x00007fa6180c8800 nmethod 2576 0x00007fa6099beb90 code [0x00007fa6099bece0, 0x00007fa6099bee30]
Event: 3,884 Thread 0x00007fa6180c8800 2575       2       com.android.dx.util.ByteArray::getLong (104 bytes)
Event: 3,884 Thread 0x00007fa6180c8800 nmethod 2575 0x00007fa6099be450 code [0x00007fa6099be5c0, 0x00007fa6099be8e8]
Event: 3,886 Thread 0x00007fa6180c8800 2579       2       sun.reflect.generics.reflectiveObjects.ParameterizedTypeImpl::getRawType (5 bytes)
Event: 3,886 Thread 0x00007fa6180c8800 nmethod 2579 0x00007fa6099be110 code [0x00007fa6099be260, 0x00007fa6099be3b0]
Event: 3,886 Thread 0x00007fa6180c8800 2580       2       sun.reflect.generics.reflectiveObjects.ParameterizedTypeImpl::getActualTypeArguments (11 bytes)
Event: 3,886 Thread 0x00007fa6180c8800 nmethod 2580 0x00007fa6099bdd10 code [0x00007fa6099bde80, 0x00007fa6099be048]
Event: 3,895 Thread 0x00007fa6180c5000 nmethod 2465 0x00007fa6099d6250 code [0x00007fa6099d67c0, 0x00007fa6099daeb8]
Event: 3,896 Thread 0x00007fa6180c5000 2548       4       com.android.dx.ssa.back.LivenessAnalyzer::coInterferePhis (128 bytes)

GC Heap History (10 events):
Event: 2,155 GC heap after
Heap after GC invocations=7 (full 0):
 PSYoungGen      total 282112K, used 30697K [0x00000000eab00000, 0x0000000100000000, 0x0000000100000000)
  eden space 251392K, 0% used [0x00000000eab00000,0x00000000eab00000,0x00000000fa080000)
  from space 30720K, 99% used [0x00000000fa080000,0x00000000fbe7a488,0x00000000fbe80000)
  to   space 49152K, 0% used [0x00000000fd000000,0x00000000fd000000,0x0000000100000000)
 ParOldGen       total 84992K, used 62842K [0x00000000c0000000, 0x00000000c5300000, 0x00000000eab00000)
  object space 84992K, 73% used [0x00000000c0000000,0x00000000c3d5e8b0,0x00000000c5300000)
 Metaspace       used 6517K, capacity 7256K, committed 7424K, reserved 1056768K
  class space    used 615K, capacity 656K, committed 768K, reserved 1048576K
}
Event: 2,155 GC heap before
{Heap before GC invocations=8 (full 1):
 PSYoungGen      total 282112K, used 30697K [0x00000000eab00000, 0x0000000100000000, 0x0000000100000000)
  eden space 251392K, 0% used [0x00000000eab00000,0x00000000eab00000,0x00000000fa080000)
  from space 30720K, 99% used [0x00000000fa080000,0x00000000fbe7a488,0x00000000fbe80000)
  to   space 49152K, 0% used [0x00000000fd000000,0x00000000fd000000,0x0000000100000000)
 ParOldGen       total 84992K, used 62842K [0x00000000c0000000, 0x00000000c5300000, 0x00000000eab00000)
  object space 84992K, 73% used [0x00000000c0000000,0x00000000c3d5e8b0,0x00000000c5300000)
 Metaspace       used 6517K, capacity 7256K, committed 7424K, reserved 1056768K
  class space    used 615K, capacity 656K, committed 768K, reserved 1048576K
Event: 2,452 GC heap after
Heap after GC invocations=8 (full 1):
 PSYoungGen      total 282112K, used 2530K [0x00000000eab00000, 0x0000000100000000, 0x0000000100000000)
  eden space 251392K, 0% used [0x00000000eab00000,0x00000000eab00000,0x00000000fa080000)
  from space 30720K, 8% used [0x00000000fa080000,0x00000000fa2f88b8,0x00000000fbe80000)
  to   space 49152K, 0% used [0x00000000fd000000,0x00000000fd000000,0x0000000100000000)
 ParOldGen       total 162304K, used 84515K [0x00000000c0000000, 0x00000000c9e80000, 0x00000000eab00000)
  object space 162304K, 52% used [0x00000000c0000000,0x00000000c5288dd0,0x00000000c9e80000)
 Metaspace       used 6517K, capacity 7256K, committed 7424K, reserved 1056768K
  class space    used 615K, capacity 656K, committed 768K, reserved 1048576K
}
Event: 2,900 GC heap before
{Heap before GC invocations=9 (full 1):
 PSYoungGen      total 282112K, used 253922K [0x00000000eab00000, 0x0000000100000000, 0x0000000100000000)
  eden space 251392K, 100% used [0x00000000eab00000,0x00000000fa080000,0x00000000fa080000)
  from space 30720K, 8% used [0x00000000fa080000,0x00000000fa2f88b8,0x00000000fbe80000)
  to   space 49152K, 0% used [0x00000000fd000000,0x00000000fd000000,0x0000000100000000)
 ParOldGen       total 162304K, used 84515K [0x00000000c0000000, 0x00000000c9e80000, 0x00000000eab00000)
  object space 162304K, 52% used [0x00000000c0000000,0x00000000c5288dd0,0x00000000c9e80000)
 Metaspace       used 6542K, capacity 7320K, committed 7680K, reserved 1056768K
  class space    used 615K, capacity 656K, committed 768K, reserved 1048576K
Event: 2,972 GC heap after
Heap after GC invocations=9 (full 1):
 PSYoungGen      total 289792K, used 39976K [0x00000000eab00000, 0x0000000100000000, 0x0000000100000000)
  eden space 240640K, 0% used [0x00000000eab00000,0x00000000eab00000,0x00000000f9600000)
  from space 49152K, 81% used [0x00000000fd000000,0x00000000ff70a3d0,0x0000000100000000)
  to   space 54272K, 0% used [0x00000000f9600000,0x00000000f9600000,0x00000000fcb00000)
 ParOldGen       total 162304K, used 84587K [0x00000000c0000000, 0x00000000c9e80000, 0x00000000eab00000)
  object space 162304K, 52% used [0x00000000c0000000,0x00000000c529add0,0x00000000c9e80000)
 Metaspace       used 6542K, capacity 7320K, committed 7680K, reserved 1056768K
  class space    used 615K, capacity 656K, committed 768K, reserved 1048576K
}
Event: 3,436 GC heap before
{Heap before GC invocations=10 (full 1):
 PSYoungGen      total 289792K, used 280616K [0x00000000eab00000, 0x0000000100000000, 0x0000000100000000)
  eden space 240640K, 100% used [0x00000000eab00000,0x00000000f9600000,0x00000000f9600000)
  from space 49152K, 81% used [0x00000000fd000000,0x00000000ff70a3d0,0x0000000100000000)
  to   space 54272K, 0% used [0x00000000f9600000,0x00000000f9600000,0x00000000fcb00000)
 ParOldGen       total 162304K, used 84587K [0x00000000c0000000, 0x00000000c9e80000, 0x00000000eab00000)
  object space 162304K, 52% used [0x00000000c0000000,0x00000000c529add0,0x00000000c9e80000)
 Metaspace       used 6548K, capacity 7320K, committed 7680K, reserved 1056768K
  class space    used 615K, capacity 656K, committed 768K, reserved 1048576K
Event: 3,497 GC heap after
Heap after GC invocations=10 (full 1):
 PSYoungGen      total 294912K, used 54263K [0x00000000eab00000, 0x0000000100000000, 0x0000000100000000)
  eden space 240640K, 0% used [0x00000000eab00000,0x00000000eab00000,0x00000000f9600000)
  from space 54272K, 99% used [0x00000000f9600000,0x00000000fcafdce0,0x00000000fcb00000)
  to   space 54272K, 0% used [0x00000000fcb00000,0x00000000fcb00000,0x0000000100000000)
 ParOldGen       total 162304K, used 103839K [0x00000000c0000000, 0x00000000c9e80000, 0x00000000eab00000)
  object space 162304K, 63% used [0x00000000c0000000,0x00000000c6567e98,0x00000000c9e80000)
 Metaspace       used 6548K, capacity 7320K, committed 7680K, reserved 1056768K
  class space    used 615K, capacity 656K, committed 768K, reserved 1048576K
}
Event: 3,899 GC heap before
{Heap before GC invocations=11 (full 1):
 PSYoungGen      total 294912K, used 294903K [0x00000000eab00000, 0x0000000100000000, 0x0000000100000000)
  eden space 240640K, 100% used [0x00000000eab00000,0x00000000f9600000,0x00000000f9600000)
  from space 54272K, 99% used [0x00000000f9600000,0x00000000fcafdce0,0x00000000fcb00000)
  to   space 54272K, 0% used [0x00000000fcb00000,0x00000000fcb00000,0x0000000100000000)
 ParOldGen       total 162304K, used 103839K [0x00000000c0000000, 0x00000000c9e80000, 0x00000000eab00000)
  object space 162304K, 63% used [0x00000000c0000000,0x00000000c6567e98,0x00000000c9e80000)
 Metaspace       used 6562K, capacity 7320K, committed 7680K, reserved 1056768K
  class space    used 615K, capacity 656K, committed 768K, reserved 1048576K
Event: 3,983 GC heap after
Heap after GC invocations=11 (full 1):
 PSYoungGen      total 224256K, used 54245K [0x00000000eab00000, 0x0000000100000000, 0x0000000100000000)
  eden space 169984K, 0% used [0x00000000eab00000,0x00000000eab00000,0x00000000f5100000)
  from space 54272K, 99% used [0x00000000fcb00000,0x00000000ffff9690,0x0000000100000000)
  to   space 89600K, 0% used [0x00000000f5100000,0x00000000f5100000,0x00000000fa880000)
 ParOldGen       total 162304K, used 137664K [0x00000000c0000000, 0x00000000c9e80000, 0x00000000eab00000)
  object space 162304K, 84% used [0x00000000c0000000,0x00000000c8670008,0x00000000c9e80000)
 Metaspace       used 6562K, capacity 7320K, committed 7680K, reserved 1056768K
  class space    used 615K, capacity 656K, committed 768K, reserved 1048576K
}
Event: 3,983 GC heap before
{Heap before GC invocations=12 (full 2):
 PSYoungGen      total 224256K, used 54245K [0x00000000eab00000, 0x0000000100000000, 0x0000000100000000)
  eden space 169984K, 0% used [0x00000000eab00000,0x00000000eab00000,0x00000000f5100000)
  from space 54272K, 99% used [0x00000000fcb00000,0x00000000ffff9690,0x0000000100000000)
  to   space 89600K, 0% used [0x00000000f5100000,0x00000000f5100000,0x00000000fa880000)
 ParOldGen       total 162304K, used 137664K [0x00000000c0000000, 0x00000000c9e80000, 0x00000000eab00000)
  object space 162304K, 84% used [0x00000000c0000000,0x00000000c8670008,0x00000000c9e80000)
 Metaspace       used 6562K, capacity 7320K, committed 7680K, reserved 1056768K
  class space    used 615K, capacity 656K, committed 768K, reserved 1048576K

Deoptimization events (10 events):
Event: 1,630 Thread 0x00007fa618217800 Uncommon trap: reason=unstable_if action=reinterpret pc=0x00007fa6093860fc method=com.android.dx.rop.code.LocalItem.compareHandlesNulls(Lcom/android/dx/rop/cst/CstString;Lcom/android/dx/rop/cst/CstString;)I @ 8
Event: 1,646 Thread 0x00007fa618219000 Uncommon trap: reason=unstable_if action=reinterpret pc=0x00007fa60973639c method=com.android.dx.ssa.SCCP.simulateBranch(Lcom/android/dx/ssa/SsaInsn;)V @ 548
Event: 1,843 Thread 0x00007fa618217800 Uncommon trap: reason=unstable_if action=reinterpret pc=0x00007fa6097dea3c method=com.android.dx.cf.code.ExecutionStack.push(Lcom/android/dx/rop/type/TypeBearer;)V @ 58
Event: 2,467 Thread 0x00007fa618217800 Uncommon trap: reason=unstable_if action=reinterpret pc=0x00007fa60985db7c method=com.android.dx.rop.code.RegisterSpec.intersect(Lcom/android/dx/rop/code/RegisterSpec;Z)Lcom/android/dx/rop/code/RegisterSpec; @ 42
Event: 2,494 Thread 0x00007fa618217800 Uncommon trap: reason=unstable_if action=reinterpret pc=0x00007fa609465a84 method=com.android.dx.rop.code.RegisterSpecSet.<init>(I)V @ 2
Event: 2,541 Thread 0x00007fa618219000 Uncommon trap: reason=unstable_if action=reinterpret pc=0x00007fa6097b0760 method=java.util.HashMap.putVal(ILjava/lang/Object;Ljava/lang/Object;ZZ)Ljava/lang/Object; @ 109
Event: 2,581 Thread 0x00007fa618217800 Uncommon trap: reason=unstable_if action=reinterpret pc=0x00007fa6092b4018 method=com.android.dx.ssa.SsaMethod.getExitBlock()Lcom/android/dx/ssa/SsaBasicBlock; @ 4
Event: 3,254 Thread 0x00007fa618217800 Uncommon trap: reason=unstable_if action=reinterpret pc=0x00007fa6098915b8 method=com.android.dx.ssa.SCCP.simulateBranch(Lcom/android/dx/ssa/SsaInsn;)V @ 140
Event: 3,298 Thread 0x00007fa618219000 Uncommon trap: reason=unstable_if action=reinterpret pc=0x00007fa6098fd56c method=java.util.HashMap.putVal(ILjava/lang/Object;Ljava/lang/Object;ZZ)Ljava/lang/Object; @ 109
Event: 3,797 Thread 0x00007fa618214000 Uncommon trap: reason=unstable_if action=reinterpret pc=0x00007fa6099a6978 method=com.android.dx.rop.code.LocalVariableInfo.mergeStarts(ILcom/android/dx/rop/code/RegisterSpecSet;)Z @ 31

Internal exceptions (7 events):
Event: 0,020 Thread 0x00007fa61800a000 Exception <a 'java/lang/NoSuchMethodError': Method sun.misc.Unsafe.defineClass(Ljava/lang/String;[BII)Ljava/lang/Class; name or signature does not match> (0x00000000eab07cc0) thrown at [/HUDSON/workspace/8-2-build-linux-amd64/jdk8u91/6644/hotspot/src/shar
Event: 0,020 Thread 0x00007fa61800a000 Exception <a 'java/lang/NoSuchMethodError': Method sun.misc.Unsafe.prefetchRead(Ljava/lang/Object;J)V name or signature does not match> (0x00000000eab07fa8) thrown at [/HUDSON/workspace/8-2-build-linux-amd64/jdk8u91/6644/hotspot/src/share/vm/prims/jni.cpp
Event: 0,632 Thread 0x00007fa61800a000 Implicit null exception at 0x00007fa609326741 to 0x00007fa6093294d1
Event: 1,108 Thread 0x00007fa618217800 Exception <a 'java/lang/ArrayIndexOutOfBoundsException': 18> (0x00000000ef3b80d0) thrown at [/HUDSON/workspace/8-2-build-linux-amd64/jdk8u91/6644/hotspot/src/share/vm/interpreter/interpreterRuntime.cpp, line 366]
Event: 1,108 Thread 0x00007fa618217800 Exception <a 'java/lang/ArrayIndexOutOfBoundsException': 145> (0x00000000ef3b9c50) thrown at [/HUDSON/workspace/8-2-build-linux-amd64/jdk8u91/6644/hotspot/src/share/vm/interpreter/interpreterRuntime.cpp, line 366]
Event: 1,109 Thread 0x00007fa618217800 Exception <a 'java/lang/ArrayIndexOutOfBoundsException': 40> (0x00000000ef3baf38) thrown at [/HUDSON/workspace/8-2-build-linux-amd64/jdk8u91/6644/hotspot/src/share/vm/interpreter/interpreterRuntime.cpp, line 366]
Event: 1,630 Thread 0x00007fa618217800 Implicit null exception at 0x00007fa609385f72 to 0x00007fa6093860e9

Events (10 events):
Event: 3,797 Thread 0x00007fa618214000 DEOPT UNPACKING pc=0x00007fa609005229 sp=0x00007fa5e6da81a0 mode 2
Event: 3,810 Thread 0x00007fa618217800 DEOPT PACKING pc=0x00007fa609532b19 sp=0x00007fa5e6ba5d10
Event: 3,810 Thread 0x00007fa618217800 DEOPT UNPACKING pc=0x00007fa609047633 sp=0x00007fa5e6ba5b60 mode 0
Event: 3,824 Thread 0x00007fa618214000 DEOPT PACKING pc=0x00007fa6093dfe6c sp=0x00007fa5e6da8210
Event: 3,824 Thread 0x00007fa618214000 DEOPT UNPACKING pc=0x00007fa609047633 sp=0x00007fa5e6da7f10 mode 0
Event: 3,851 Thread 0x00007fa61800a000 DEOPT PACKING pc=0x00007fa6093dfe6c sp=0x00007fa61f7a8820
Event: 3,851 Thread 0x00007fa61800a000 DEOPT UNPACKING pc=0x00007fa609047633 sp=0x00007fa61f7a8520 mode 0
Event: 3,881 Thread 0x00007fa61821b000 DEOPT PACKING pc=0x00007fa6093dfe6c sp=0x00007fa5e69a3f10
Event: 3,881 Thread 0x00007fa61821b000 DEOPT UNPACKING pc=0x00007fa609047633 sp=0x00007fa5e69a3c10 mode 0
Event: 3,898 Executing VM operation: ParallelGCFailedAllocation


Dynamic libraries:
00400000-00401000 r-xp 00000000 08:04 1184221                            /usr/lib/jvm/java-8-oracle/bin/java
00600000-00601000 rw-p 00000000 08:04 1184221                            /usr/lib/jvm/java-8-oracle/bin/java
01d42000-01d63000 rw-p 00000000 00:00 0                                  [heap]
c0000000-c9e80000 rw-p 00000000 00:00 0 
d1500000-eab00000 ---p 00000000 00:00 0 
eab00000-100000000 rw-p 00000000 00:00 0 
100000000-1000c0000 rw-p 00000000 00:00 0 
1000c0000-140000000 ---p 00000000 00:00 0 
7fa5a4000000-7fa5a4021000 rw-p 00000000 00:00 0 
7fa5a4021000-7fa5a8000000 ---p 00000000 00:00 0 
7fa5a8000000-7fa5a8029000 rw-p 00000000 00:00 0 
7fa5a8029000-7fa5ac000000 ---p 00000000 00:00 0 
7fa5ac000000-7fa5ac021000 rw-p 00000000 00:00 0 
7fa5ac021000-7fa5b0000000 ---p 00000000 00:00 0 
7fa5b0000000-7fa5b0022000 rw-p 00000000 00:00 0 
7fa5b0022000-7fa5b4000000 ---p 00000000 00:00 0 
7fa5b4000000-7fa5b4021000 rw-p 00000000 00:00 0 
7fa5b4021000-7fa5b8000000 ---p 00000000 00:00 0 
7fa5b8000000-7fa5b802a000 rw-p 00000000 00:00 0 
7fa5b802a000-7fa5bc000000 ---p 00000000 00:00 0 
7fa5bc000000-7fa5bcddd000 rw-p 00000000 00:00 0 
7fa5bcddd000-7fa5c0000000 ---p 00000000 00:00 0 
7fa5c0000000-7fa5c0021000 rw-p 00000000 00:00 0 
7fa5c0021000-7fa5c4000000 ---p 00000000 00:00 0 
7fa5c4000000-7fa5c4fed000 rw-p 00000000 00:00 0 
7fa5c4fed000-7fa5c8000000 ---p 00000000 00:00 0 
7fa5c8000000-7fa5c8ddf000 rw-p 00000000 00:00 0 
7fa5c8ddf000-7fa5cc000000 ---p 00000000 00:00 0 
7fa5cc000000-7fa5cc021000 rw-p 00000000 00:00 0 
7fa5cc021000-7fa5d0000000 ---p 00000000 00:00 0 
7fa5d0000000-7fa5d1351000 rw-p 00000000 00:00 0 
7fa5d1351000-7fa5d4000000 ---p 00000000 00:00 0 
7fa5d4000000-7fa5d4021000 rw-p 00000000 00:00 0 
7fa5d4021000-7fa5d8000000 ---p 00000000 00:00 0 
7fa5d8000000-7fa5d8021000 rw-p 00000000 00:00 0 
7fa5d8021000-7fa5dc000000 ---p 00000000 00:00 0 
7fa5dc000000-7fa5dc295000 rw-p 00000000 00:00 0 
7fa5dc295000-7fa5e0000000 ---p 00000000 00:00 0 
7fa5e0000000-7fa5e0021000 rw-p 00000000 00:00 0 
7fa5e0021000-7fa5e4000000 ---p 00000000 00:00 0 
7fa5e68a5000-7fa5e68a8000 ---p 00000000 00:00 0 
7fa5e68a8000-7fa5e69a6000 rw-p 00000000 00:00 0 
7fa5e69a6000-7fa5e69a9000 ---p 00000000 00:00 0 
7fa5e69a9000-7fa5e6aa7000 rw-p 00000000 00:00 0 
7fa5e6aa7000-7fa5e6aaa000 ---p 00000000 00:00 0 
7fa5e6aaa000-7fa5e6ba8000 rw-p 00000000 00:00 0 
7fa5e6ba8000-7fa5e6bab000 ---p 00000000 00:00 0 
7fa5e6bab000-7fa5e6ca9000 rw-p 00000000 00:00 0 
7fa5e6ca9000-7fa5e6cac000 ---p 00000000 00:00 0 
7fa5e6cac000-7fa5e6daa000 rw-p 00000000 00:00 0 
7fa5e6daa000-7fa5e6dab000 ---p 00000000 00:00 0 
7fa5e6dab000-7fa5e6eab000 rw-p 00000000 00:00 0 
7fa5e6eab000-7fa5e6eae000 ---p 00000000 00:00 0 
7fa5e6eae000-7fa5e6fac000 rw-p 00000000 00:00 0 
7fa5e6fac000-7fa5e6faf000 ---p 00000000 00:00 0 
7fa5e6faf000-7fa5e70ad000 rw-p 00000000 00:00 0 
7fa5e70ad000-7fa5e70b0000 ---p 00000000 00:00 0 
7fa5e70b0000-7fa5e71ae000 rw-p 00000000 00:00 0 
7fa5e71ae000-7fa5e71b1000 ---p 00000000 00:00 0 
7fa5e71b1000-7fa5e72af000 rw-p 00000000 00:00 0 
7fa5e72af000-7fa5e72b2000 ---p 00000000 00:00 0 
7fa5e72b2000-7fa5e73b0000 rw-p 00000000 00:00 0 
7fa5e73b0000-7fa5e73b3000 ---p 00000000 00:00 0 
7fa5e73b3000-7fa5e74b1000 rw-p 00000000 00:00 0 
7fa5e74b1000-7fa5e7cfd000 r--p 00000000 08:04 531399                     /usr/lib/locale/locale-archive
7fa5e7cfd000-7fa5e7d00000 ---p 00000000 00:00 0 
7fa5e7d00000-7fa5e7dfe000 rw-p 00000000 00:00 0 
7fa5e7dfe000-7fa5e7e01000 ---p 00000000 00:00 0 
7fa5e7e01000-7fa5e7eff000 rw-p 00000000 00:00 0 
7fa5e7eff000-7fa5e7f00000 ---p 00000000 00:00 0 
7fa5e7f00000-7fa5e8000000 rw-p 00000000 00:00 0 
7fa5e8000000-7fa5e8021000 rw-p 00000000 00:00 0 
7fa5e8021000-7fa5ec000000 ---p 00000000 00:00 0 
7fa5ec00e000-7fa5ec044000 r--s 002b1000 08:04 421943                     /home/ankoma88/AndroidStudioProjects/RatesChart/app/build/intermediates/transforms/jarMerging/debug/jars/1/1f/combined.jar
7fa5ec044000-7fa5edec0000 rw-p 00000000 00:00 0 
7fa5edec0000-7fa5ee000000 ---p 00000000 00:00 0 
7fa5ee000000-7fa5f0000000 rw-p 00000000 00:00 0 
7fa5f0000000-7fa5f0021000 rw-p 00000000 00:00 0 
7fa5f0021000-7fa5f4000000 ---p 00000000 00:00 0 
7fa5f4000000-7fa5f4021000 rw-p 00000000 00:00 0 
7fa5f4021000-7fa5f8000000 ---p 00000000 00:00 0 
7fa5f8000000-7fa5f8021000 rw-p 00000000 00:00 0 
7fa5f8021000-7fa5fc000000 ---p 00000000 00:00 0 
7fa5fc000000-7fa5fc021000 rw-p 00000000 00:00 0 
7fa5fc021000-7fa600000000 ---p 00000000 00:00 0 
7fa600000000-7fa600021000 rw-p 00000000 00:00 0 
7fa600021000-7fa604000000 ---p 00000000 00:00 0 
7fa604000000-7fa604021000 rw-p 00000000 00:00 0 
7fa604021000-7fa608000000 ---p 00000000 00:00 0 
7fa608015000-7fa6084aa000 rw-p 00000000 00:00 0 
7fa6084aa000-7fa608683000 r--s 03d1f000 08:04 802413                     /usr/lib/jvm/java-8-oracle/jre/lib/rt.jar
7fa608683000-7fa6088f9000 rw-p 00000000 00:00 0 
7fa6088f9000-7fa6088fa000 ---p 00000000 00:00 0 
7fa6088fa000-7fa6089fa000 rw-p 00000000 00:00 0 
7fa6089fa000-7fa6089fb000 ---p 00000000 00:00 0 
7fa6089fb000-7fa608afb000 rw-p 00000000 00:00 0 
7fa608afb000-7fa608afc000 ---p 00000000 00:00 0 
7fa608afc000-7fa608bfc000 rw-p 00000000 00:00 0 
7fa608bfc000-7fa608bfd000 ---p 00000000 00:00 0 
7fa608bfd000-7fa608cfd000 rw-p 00000000 00:00 0 
7fa608cfd000-7fa608cfe000 ---p 00000000 00:00 0 
7fa608cfe000-7fa608dfe000 rw-p 00000000 00:00 0 
7fa608dfe000-7fa608dff000 ---p 00000000 00:00 0 
7fa608dff000-7fa608eff000 rw-p 00000000 00:00 0 
7fa608eff000-7fa608f00000 ---p 00000000 00:00 0 
7fa608f00000-7fa609000000 rw-p 00000000 00:00 0 
7fa609000000-7fa6099f0000 rwxp 00000000 00:00 0 
7fa6099f0000-7fa618000000 ---p 00000000 00:00 0 
7fa618000000-7fa6183a9000 rw-p 00000000 00:00 0 
7fa6183a9000-7fa61c000000 ---p 00000000 00:00 0 
7fa61c015000-7fa61c016000 ---p 00000000 00:00 0 
7fa61c016000-7fa61c166000 rw-p 00000000 00:00 0 
7fa61c166000-7fa61c26c000 ---p 00000000 00:00 0 
7fa61c26c000-7fa61c2bc000 rw-p 00000000 00:00 0 
7fa61c2bc000-7fa61c3c1000 ---p 00000000 00:00 0 
7fa61c3c1000-7fa61c46c000 rw-p 00000000 00:00 0 
7fa61c46c000-7fa61c495000 rw-p 00000000 00:00 0 
7fa61c495000-7fa61c82d000 ---p 00000000 00:00 0 
7fa61c82d000-7fa61c847000 r-xp 00000000 08:04 1054389                    /usr/lib/jvm/java-8-oracle/jre/lib/amd64/libzip.so
7fa61c847000-7fa61ca47000 ---p 0001a000 08:04 1054389                    /usr/lib/jvm/java-8-oracle/jre/lib/amd64/libzip.so
7fa61ca47000-7fa61ca48000 rw-p 0001a000 08:04 1054389                    /usr/lib/jvm/java-8-oracle/jre/lib/amd64/libzip.so
7fa61ca48000-7fa61ca52000 r-xp 00000000 08:04 270973                     /lib/x86_64-linux-gnu/libnss_files-2.19.so
7fa61ca52000-7fa61cc51000 ---p 0000a000 08:04 270973                     /lib/x86_64-linux-gnu/libnss_files-2.19.so
7fa61cc51000-7fa61cc52000 r--p 00009000 08:04 270973                     /lib/x86_64-linux-gnu/libnss_files-2.19.so
7fa61cc52000-7fa61cc53000 rw-p 0000a000 08:04 270973                     /lib/x86_64-linux-gnu/libnss_files-2.19.so
7fa61cc53000-7fa61cc5e000 r-xp 00000000 08:04 270961                     /lib/x86_64-linux-gnu/libnss_nis-2.19.so
7fa61cc5e000-7fa61ce5d000 ---p 0000b000 08:04 270961                     /lib/x86_64-linux-gnu/libnss_nis-2.19.so
7fa61ce5d000-7fa61ce5e000 r--p 0000a000 08:04 270961                     /lib/x86_64-linux-gnu/libnss_nis-2.19.so
7fa61ce5e000-7fa61ce5f000 rw-p 0000b000 08:04 270961                     /lib/x86_64-linux-gnu/libnss_nis-2.19.so
7fa61ce5f000-7fa61ce76000 r-xp 00000000 08:04 270957                     /lib/x86_64-linux-gnu/libnsl-2.19.so
7fa61ce76000-7fa61d075000 ---p 00017000 08:04 270957                     /lib/x86_64-linux-gnu/libnsl-2.19.so
7fa61d075000-7fa61d076000 r--p 00016000 08:04 270957                     /lib/x86_64-linux-gnu/libnsl-2.19.so
7fa61d076000-7fa61d077000 rw-p 00017000 08:04 270957                     /lib/x86_64-linux-gnu/libnsl-2.19.so
7fa61d077000-7fa61d079000 rw-p 00000000 00:00 0 
7fa61d079000-7fa61d082000 r-xp 00000000 08:04 270956                     /lib/x86_64-linux-gnu/libnss_compat-2.19.so
7fa61d082000-7fa61d281000 ---p 00009000 08:04 270956                     /lib/x86_64-linux-gnu/libnss_compat-2.19.so
7fa61d281000-7fa61d282000 r--p 00008000 08:04 270956                     /lib/x86_64-linux-gnu/libnss_compat-2.19.so
7fa61d282000-7fa61d283000 rw-p 00009000 08:04 270956                     /lib/x86_64-linux-gnu/libnss_compat-2.19.so
7fa61d283000-7fa61d2ad000 r-xp 00000000 08:04 1054391                    /usr/lib/jvm/java-8-oracle/jre/lib/amd64/libjava.so
7fa61d2ad000-7fa61d4ad000 ---p 0002a000 08:04 1054391                    /usr/lib/jvm/java-8-oracle/jre/lib/amd64/libjava.so
7fa61d4ad000-7fa61d4af000 rw-p 0002a000 08:04 1054391                    /usr/lib/jvm/java-8-oracle/jre/lib/amd64/libjava.so
7fa61d4af000-7fa61d4bc000 r-xp 00000000 08:04 1057088                    /usr/lib/jvm/java-8-oracle/jre/lib/amd64/libverify.so
7fa61d4bc000-7fa61d6bc000 ---p 0000d000 08:04 1057088                    /usr/lib/jvm/java-8-oracle/jre/lib/amd64/libverify.so
7fa61d6bc000-7fa61d6be000 rw-p 0000d000 08:04 1057088                    /usr/lib/jvm/java-8-oracle/jre/lib/amd64/libverify.so
7fa61d6be000-7fa61d6c5000 r-xp 00000000 08:04 270968                     /lib/x86_64-linux-gnu/librt-2.19.so
7fa61d6c5000-7fa61d8c4000 ---p 00007000 08:04 270968                     /lib/x86_64-linux-gnu/librt-2.19.so
7fa61d8c4000-7fa61d8c5000 r--p 00006000 08:04 270968                     /lib/x86_64-linux-gnu/librt-2.19.so
7fa61d8c5000-7fa61d8c6000 rw-p 00007000 08:04 270968                     /lib/x86_64-linux-gnu/librt-2.19.so
7fa61d8c6000-7fa61d9cb000 r-xp 00000000 08:04 270934                     /lib/x86_64-linux-gnu/libm-2.19.so
7fa61d9cb000-7fa61dbca000 ---p 00105000 08:04 270934                     /lib/x86_64-linux-gnu/libm-2.19.so
7fa61dbca000-7fa61dbcb000 r--p 00104000 08:04 270934                     /lib/x86_64-linux-gnu/libm-2.19.so
7fa61dbcb000-7fa61dbcc000 rw-p 00105000 08:04 270934                     /lib/x86_64-linux-gnu/libm-2.19.so
7fa61dbcc000-7fa61e88c000 r-xp 00000000 08:04 1057253                    /usr/lib/jvm/java-8-oracle/jre/lib/amd64/server/libjvm.so
7fa61e88c000-7fa61ea8c000 ---p 00cc0000 08:04 1057253                    /usr/lib/jvm/java-8-oracle/jre/lib/amd64/server/libjvm.so
7fa61ea8c000-7fa61eb64000 rw-p 00cc0000 08:04 1057253                    /usr/lib/jvm/java-8-oracle/jre/lib/amd64/server/libjvm.so
7fa61eb64000-7fa61ebaf000 rw-p 00000000 00:00 0 
7fa61ebaf000-7fa61ed69000 r-xp 00000000 08:04 270969                     /lib/x86_64-linux-gnu/libc-2.19.so
7fa61ed69000-7fa61ef69000 ---p 001ba000 08:04 270969                     /lib/x86_64-linux-gnu/libc-2.19.so
7fa61ef69000-7fa61ef6d000 r--p 001ba000 08:04 270969                     /lib/x86_64-linux-gnu/libc-2.19.so
7fa61ef6d000-7fa61ef6f000 rw-p 001be000 08:04 270969                     /lib/x86_64-linux-gnu/libc-2.19.so
7fa61ef6f000-7fa61ef74000 rw-p 00000000 00:00 0 
7fa61ef74000-7fa61ef77000 r-xp 00000000 08:04 270944                     /lib/x86_64-linux-gnu/libdl-2.19.so
7fa61ef77000-7fa61f176000 ---p 00003000 08:04 270944                     /lib/x86_64-linux-gnu/libdl-2.19.so
7fa61f176000-7fa61f177000 r--p 00002000 08:04 270944                     /lib/x86_64-linux-gnu/libdl-2.19.so
7fa61f177000-7fa61f178000 rw-p 00003000 08:04 270944                     /lib/x86_64-linux-gnu/libdl-2.19.so
7fa61f178000-7fa61f18d000 r-xp 00000000 08:04 802217                     /usr/lib/jvm/java-8-oracle/lib/amd64/jli/libjli.so
7fa61f18d000-7fa61f38d000 ---p 00015000 08:04 802217                     /usr/lib/jvm/java-8-oracle/lib/amd64/jli/libjli.so
7fa61f38d000-7fa61f38e000 rw-p 00015000 08:04 802217                     /usr/lib/jvm/java-8-oracle/lib/amd64/jli/libjli.so
7fa61f38e000-7fa61f3a7000 r-xp 00000000 08:04 270958                     /lib/x86_64-linux-gnu/libpthread-2.19.so
7fa61f3a7000-7fa61f5a6000 ---p 00019000 08:04 270958                     /lib/x86_64-linux-gnu/libpthread-2.19.so
7fa61f5a6000-7fa61f5a7000 r--p 00018000 08:04 270958                     /lib/x86_64-linux-gnu/libpthread-2.19.so
7fa61f5a7000-7fa61f5a8000 rw-p 00019000 08:04 270958                     /lib/x86_64-linux-gnu/libpthread-2.19.so
7fa61f5a8000-7fa61f5ac000 rw-p 00000000 00:00 0 
7fa61f5ac000-7fa61f5cf000 r-xp 00000000 08:04 270959                     /lib/x86_64-linux-gnu/ld-2.19.so
7fa61f5d1000-7fa61f6aa000 rw-p 00000000 00:00 0 
7fa61f6aa000-7fa61f6ad000 ---p 00000000 00:00 0 
7fa61f6ad000-7fa61f7af000 rw-p 00000000 00:00 0 
7fa61f7b2000-7fa61f7b3000 rw-p 00000000 00:00 0 
7fa61f7b3000-7fa61f7c2000 r--s 000df000 08:04 135543                     /home/ankoma88/Android/Sdk/build-tools/23.0.3/lib/dx.jar
7fa61f7c2000-7fa61f7ca000 rw-s 00000000 08:04 422106                     /tmp/hsperfdata_ankoma88/11562
7fa61f7ca000-7fa61f7cb000 rw-p 00000000 00:00 0 
7fa61f7cb000-7fa61f7cc000 ---p 00000000 00:00 0 
7fa61f7cc000-7fa61f7ce000 rw-p 00000000 00:00 0 
7fa61f7ce000-7fa61f7cf000 r--p 00022000 08:04 270959                     /lib/x86_64-linux-gnu/ld-2.19.so
7fa61f7cf000-7fa61f7d0000 rw-p 00023000 08:04 270959                     /lib/x86_64-linux-gnu/ld-2.19.so
7fa61f7d0000-7fa61f7d1000 rw-p 00000000 00:00 0 
7ffe03e8a000-7ffe03eab000 rw-p 00000000 00:00 0                          [stack]
7ffe03efd000-7ffe03eff000 r--p 00000000 00:00 0                          [vvar]
7ffe03eff000-7ffe03f01000 r-xp 00000000 00:00 0                          [vdso]
ffffffffff600000-ffffffffff601000 r-xp 00000000 00:00 0                  [vsyscall]

VM Arguments:
jvm_args: -Djava.awt.headless=true -Xmx1024M -Dfile.encoding=UTF-8 -Duser.country=US -Duser.language=en -Duser.variant 
java_command: com.android.dx.command.Main --dex --num-threads=4 --multi-dex --main-dex-list /home/ankoma88/AndroidStudioProjects/RatesChart/app/build/intermediates/multi-dex/debug/maindexlist.txt --output /home/ankoma88/AndroidStudioProjects/RatesChart/app/build/intermediates/transforms/dex/debug/folders/1000/1f/main /home/ankoma88/AndroidStudioProjects/RatesChart/app/build/intermediates/transforms/jarMerging/debug/jars/1/1f/combined.jar
java_class_path (initial): /home/ankoma88/Android/Sdk/build-tools/23.0.3/lib/dx.jar
Launcher Type: SUN_STANDARD

Environment Variables:
JAVA_HOME=/usr/lib/jvm/java-8-oracle
PATH=/usr/local/sbin:/usr/local/bin:/usr/sbin:/usr/bin:/sbin:/bin:/usr/games:/usr/local/games:/usr/lib/jvm/java-8-oracle/bin:/usr/lib/jvm/java-8-oracle/db/bin:/usr/lib/jvm/java-8-oracle/jre/bin
LD_LIBRARY_PATH=/usr/local/ide/android-studio/bin:
SHELL=/bin/bash
DISPLAY=:0

Signal Handlers:
SIGSEGV: [libjvm.so+0xabca10], sa_mask[0]=11111111011111111101111111111110, sa_flags=SA_RESTART|SA_SIGINFO
SIGBUS: [libjvm.so+0xabca10], sa_mask[0]=11111111011111111101111111111110, sa_flags=SA_RESTART|SA_SIGINFO
SIGFPE: [libjvm.so+0x919a20], sa_mask[0]=11111111011111111101111111111110, sa_flags=SA_RESTART|SA_SIGINFO
SIGPIPE: [libjvm.so+0x919a20], sa_mask[0]=11111111011111111101111111111110, sa_flags=SA_RESTART|SA_SIGINFO
SIGXFSZ: [libjvm.so+0x919a20], sa_mask[0]=11111111011111111101111111111110, sa_flags=SA_RESTART|SA_SIGINFO
SIGILL: [libjvm.so+0x919a20], sa_mask[0]=11111111011111111101111111111110, sa_flags=SA_RESTART|SA_SIGINFO
SIGUSR1: SIG_DFL, sa_mask[0]=00000000000000000000000000000000, sa_flags=none
SIGUSR2: [libjvm.so+0x91b050], sa_mask[0]=00100000000000000000000000000000, sa_flags=SA_RESTART|SA_SIGINFO
SIGHUP: [libjvm.so+0x91c450], sa_mask[0]=11111111011111111101111111111110, sa_flags=SA_RESTART|SA_SIGINFO
SIGINT: [libjvm.so+0x91c450], sa_mask[0]=11111111011111111101111111111110, sa_flags=SA_RESTART|SA_SIGINFO
SIGTERM: [libjvm.so+0x91c450], sa_mask[0]=11111111011111111101111111111110, sa_flags=SA_RESTART|SA_SIGINFO
SIGQUIT: [libjvm.so+0x91c450], sa_mask[0]=11111111011111111101111111111110, sa_flags=SA_RESTART|SA_SIGINFO


---------------  S Y S T E M  ---------------

OS:DISTRIB_ID=Ubuntu
DISTRIB_RELEASE=14.04
DISTRIB_CODENAME=trusty
DISTRIB_DESCRIPTION="Ubuntu 14.04.4 LTS"

uname:Linux 4.2.0-38-generic #45~14.04.1-Ubuntu SMP Thu Jun 9 09:27:51 UTC 2016 x86_64
libc:glibc 2.19 NPTL 2.19 
rlimit: STACK 8192k, CORE 0k, NPROC 31126, NOFILE 4096, AS infinity
load average:2,73 2,16 2,07

/proc/meminfo:
MemTotal:        8058472 kB
MemFree:          128148 kB
MemAvailable:      98492 kB
Buffers:            1464 kB
Cached:          1298840 kB
SwapCached:            0 kB
Active:          6520092 kB
Inactive:        1152188 kB
Active(anon):    6484588 kB
Inactive(anon):  1116696 kB
Active(file):      35504 kB
Inactive(file):    35492 kB
Unevictable:          32 kB
Mlocked:              32 kB
SwapTotal:             0 kB
SwapFree:              0 kB
Dirty:              3956 kB
Writeback:             0 kB
AnonPages:       6372196 kB
Mapped:           662656 kB
Shmem:           1229184 kB
Slab:              96540 kB
SReclaimable:      38632 kB
SUnreclaim:        57908 kB
KernelStack:       16288 kB
PageTables:        69408 kB
NFS_Unstable:          0 kB
Bounce:                0 kB
WritebackTmp:          0 kB
CommitLimit:     4029236 kB
Committed_AS:   15316260 kB
VmallocTotal:   34359738367 kB
VmallocUsed:      390960 kB
VmallocChunk:   34358947836 kB
HardwareCorrupted:     0 kB
AnonHugePages:   3354624 kB
CmaTotal:              0 kB
CmaFree:               0 kB
HugePages_Total:       0
HugePages_Free:        0
HugePages_Rsvd:        0
HugePages_Surp:        0
Hugepagesize:       2048 kB
DirectMap4k:      221160 kB
DirectMap2M:     8050688 kB


CPU:total 8 (4 cores per cpu, 2 threads per core) family 6 model 58 stepping 9, cmov, cx8, fxsr, mmx, sse, sse2, sse3, ssse3, sse4.1, sse4.2, popcnt, avx, clmul, erms, ht, tsc, tscinvbit, tscinv

/proc/cpuinfo:
processor	: 0
vendor_id	: GenuineIntel
cpu family	: 6
model		: 58
model name	: Intel(R) Core(TM) i7-3610QM CPU @ 2.30GHz
stepping	: 9
microcode	: 0x15
cpu MHz		: 2504.394
cache size	: 6144 KB
physical id	: 0
siblings	: 8
core id		: 0
cpu cores	: 4
apicid		: 0
initial apicid	: 0
fpu		: yes
fpu_exception	: yes
cpuid level	: 13
wp		: yes
flags		: fpu vme de pse tsc msr pae mce cx8 apic sep mtrr pge mca cmov pat pse36 clflush dts acpi mmx fxsr sse sse2 ss ht tm pbe syscall nx rdtscp lm constant_tsc arch_perfmon pebs bts rep_good nopl xtopology nonstop_tsc aperfmperf eagerfpu pni pclmulqdq dtes64 monitor ds_cpl vmx est tm2 ssse3 cx16 xtpr pdcm pcid sse4_1 sse4_2 x2apic popcnt tsc_deadline_timer xsave avx f16c rdrand lahf_lm ida arat epb pln pts dtherm tpr_shadow vnmi flexpriority ept vpid fsgsbase smep erms xsaveopt
bugs		:
bogomips	: 4589.64
clflush size	: 64
cache_alignment	: 64
address sizes	: 36 bits physical, 48 bits virtual
power management:

processor	: 1
vendor_id	: GenuineIntel
cpu family	: 6
model		: 58
model name	: Intel(R) Core(TM) i7-3610QM CPU @ 2.30GHz
stepping	: 9
microcode	: 0x15
cpu MHz		: 3142.105
cache size	: 6144 KB
physical id	: 0
siblings	: 8
core id		: 1
cpu cores	: 4
apicid		: 2
initial apicid	: 2
fpu		: yes
fpu_exception	: yes
cpuid level	: 13
wp		: yes
flags		: fpu vme de pse tsc msr pae mce cx8 apic sep mtrr pge mca cmov pat pse36 clflush dts acpi mmx fxsr sse sse2 ss ht tm pbe syscall nx rdtscp lm constant_tsc arch_perfmon pebs bts rep_good nopl xtopology nonstop_tsc aperfmperf eagerfpu pni pclmulqdq dtes64 monitor ds_cpl vmx est tm2 ssse3 cx16 xtpr pdcm pcid sse4_1 sse4_2 x2apic popcnt tsc_deadline_timer xsave avx f16c rdrand lahf_lm ida arat epb pln pts dtherm tpr_shadow vnmi flexpriority ept vpid fsgsbase smep erms xsaveopt
bugs		:
bogomips	: 4589.64
clflush size	: 64
cache_alignment	: 64
address sizes	: 36 bits physical, 48 bits virtual
power management:

processor	: 2
vendor_id	: GenuineIntel
cpu family	: 6
model		: 58
model name	: Intel(R) Core(TM) i7-3610QM CPU @ 2.30GHz
stepping	: 9
microcode	: 0x15
cpu MHz		: 3099.968
cache size	: 6144 KB
physical id	: 0
siblings	: 8
core id		: 2
cpu cores	: 4
apicid		: 4
initial apicid	: 4
fpu		: yes
fpu_exception	: yes
cpuid level	: 13
wp		: yes
flags		: fpu vme de pse tsc msr pae mce cx8 apic sep mtrr pge mca cmov pat pse36 clflush dts acpi mmx fxsr sse sse2 ss ht tm pbe syscall nx rdtscp lm constant_tsc arch_perfmon pebs bts rep_good nopl xtopology nonstop_tsc aperfmperf eagerfpu pni pclmulqdq dtes64 monitor ds_cpl vmx est tm2 ssse3 cx16 xtpr pdcm pcid sse4_1 sse4_2 x2apic popcnt tsc_deadline_timer xsave avx f16c rdrand lahf_lm ida arat epb pln pts dtherm tpr_shadow vnmi flexpriority ept vpid fsgsbase smep erms xsaveopt
bugs		:
bogomips	: 4589.64
clflush size	: 64
cache_alignment	: 64
address sizes	: 36 bits physical, 48 bits virtual
power management:

processor	: 3
vendor_id	: GenuineIntel
cpu family	: 6
model		: 58
model name	: Intel(R) Core(TM) i7-3610QM CPU @ 2.30GHz
stepping	: 9
microcode	: 0x15
cpu MHz		: 3099.968
cache size	: 6144 KB
physical id	: 0
siblings	: 8
core id		: 3
cpu cores	: 4
apicid		: 6
initial apicid	: 6
fpu		: yes
fpu_exception	: yes
cpuid level	: 13
wp		: yes
flags		: fpu vme de pse tsc msr pae mce cx8 apic sep mtrr pge mca cmov pat pse36 clflush dts acpi mmx fxsr sse sse2 ss ht tm pbe syscall nx rdtscp lm constant_tsc arch_perfmon pebs bts rep_good nopl xtopology nonstop_tsc aperfmperf eagerfpu pni pclmulqdq dtes64 monitor ds_cpl vmx est tm2 ssse3 cx16 xtpr pdcm pcid sse4_1 sse4_2 x2apic popcnt tsc_deadline_timer xsave avx f16c rdrand lahf_lm ida arat epb pln pts dtherm tpr_shadow vnmi flexpriority ept vpid fsgsbase smep erms xsaveopt
bugs		:
bogomips	: 4589.64
clflush size	: 64
cache_alignment	: 64
address sizes	: 36 bits physical, 48 bits virtual
power management:

processor	: 4
vendor_id	: GenuineIntel
cpu family	: 6
model		: 58
model name	: Intel(R) Core(TM) i7-3610QM CPU @ 2.30GHz
stepping	: 9
microcode	: 0x15
cpu MHz		: 1915.468
cache size	: 6144 KB
physical id	: 0
siblings	: 8
core id		: 0
cpu cores	: 4
apicid		: 1
initial apicid	: 1
fpu		: yes
fpu_exception	: yes
cpuid level	: 13
wp		: yes
flags		: fpu vme de pse tsc msr pae mce cx8 apic sep mtrr pge mca cmov pat pse36 clflush dts acpi mmx fxsr sse sse2 ss ht tm pbe syscall nx rdtscp lm constant_tsc arch_perfmon pebs bts rep_good nopl xtopology nonstop_tsc aperfmperf eagerfpu pni pclmulqdq dtes64 monitor ds_cpl vmx est tm2 ssse3 cx16 xtpr pdcm pcid sse4_1 sse4_2 x2apic popcnt tsc_deadline_timer xsave avx f16c rdrand lahf_lm ida arat epb pln pts dtherm tpr_shadow vnmi flexpriority ept vpid fsgsbase smep erms xsaveopt
bugs		:
bogomips	: 4589.64
clflush size	: 64
cache_alignment	: 64
address sizes	: 36 bits physical, 48 bits virtual
power management:

processor	: 5
vendor_id	: GenuineIntel
cpu family	: 6
model		: 58
model name	: Intel(R) Core(TM) i7-3610QM CPU @ 2.30GHz
stepping	: 9
microcode	: 0x15
cpu MHz		: 1708.378
cache size	: 6144 KB
physical id	: 0
siblings	: 8
core id		: 1
cpu cores	: 4
apicid		: 3
initial apicid	: 3
fpu		: yes
fpu_exception	: yes
cpuid level	: 13
wp		: yes
flags		: fpu vme de pse tsc msr pae mce cx8 apic sep mtrr pge mca cmov pat pse36 clflush dts acpi mmx fxsr sse sse2 ss ht tm pbe syscall nx rdtscp lm constant_tsc arch_perfmon pebs bts rep_good nopl xtopology nonstop_tsc aperfmperf eagerfpu pni pclmulqdq dtes64 monitor ds_cpl vmx est tm2 ssse3 cx16 xtpr pdcm pcid sse4_1 sse4_2 x2apic popcnt tsc_deadline_timer xsave avx f16c rdrand lahf_lm ida arat epb pln pts dtherm tpr_shadow vnmi flexpriority ept vpid fsgsbase smep erms xsaveopt
bugs		:
bogomips	: 4589.64
clflush size	: 64
cache_alignment	: 64
address sizes	: 36 bits physical, 48 bits virtual
power management:

processor	: 6
vendor_id	: GenuineIntel
cpu family	: 6
model		: 58
model name	: Intel(R) Core(TM) i7-3610QM CPU @ 2.30GHz
stepping	: 9
microcode	: 0x15
cpu MHz		: 3099.968
cache size	: 6144 KB
physical id	: 0
siblings	: 8
core id		: 2
cpu cores	: 4
apicid		: 5
initial apicid	: 5
fpu		: yes
fpu_exception	: yes
cpuid level	: 13
wp		: yes
flags		: fpu vme de pse tsc msr pae mce cx8 apic sep mtrr pge mca cmov pat pse36 clflush dts acpi mmx fxsr sse sse2 ss ht tm pbe syscall nx rdtscp lm constant_tsc arch_perfmon pebs bts rep_good nopl xtopology nonstop_tsc aperfmperf eagerfpu pni pclmulqdq dtes64 monitor ds_cpl vmx est tm2 ssse3 cx16 xtpr pdcm pcid sse4_1 sse4_2 x2apic popcnt tsc_deadline_timer xsave avx f16c rdrand lahf_lm ida arat epb pln pts dtherm tpr_shadow vnmi flexpriority ept vpid fsgsbase smep erms xsaveopt
bugs		:
bogomips	: 4589.64
clflush size	: 64
cache_alignment	: 64
address sizes	: 36 bits physical, 48 bits virtual
power management:

processor	: 7
vendor_id	: GenuineIntel
cpu family	: 6
model		: 58
model name	: Intel(R) Core(TM) i7-3610QM CPU @ 2.30GHz
stepping	: 9
microcode	: 0x15
cpu MHz		: 3100.867
cache size	: 6144 KB
physical id	: 0
siblings	: 8
core id		: 3
cpu cores	: 4
apicid		: 7
initial apicid	: 7
fpu		: yes
fpu_exception	: yes
cpuid level	: 13
wp		: yes
flags		: fpu vme de pse tsc msr pae mce cx8 apic sep mtrr pge mca cmov pat pse36 clflush dts acpi mmx fxsr sse sse2 ss ht tm pbe syscall nx rdtscp lm constant_tsc arch_perfmon pebs bts rep_good nopl xtopology nonstop_tsc aperfmperf eagerfpu pni pclmulqdq dtes64 monitor ds_cpl vmx est tm2 ssse3 cx16 xtpr pdcm pcid sse4_1 sse4_2 x2apic popcnt tsc_deadline_timer xsave avx f16c rdrand lahf_lm ida arat epb pln pts dtherm tpr_shadow vnmi flexpriority ept vpid fsgsbase smep erms xsaveopt
bugs		:
bogomips	: 4589.64
clflush size	: 64
cache_alignment	: 64
address sizes	: 36 bits physical, 48 bits virtual
power management:



Memory: 4k page, physical 8058472k(128148k free), swap 0k(0k free)

vm_info: Java HotSpot(TM) 64-Bit Server VM (25.91-b14) for linux-amd64 JRE (1.8.0_91-b14), built on Apr  1 2016 00:57:21 by "java_re" with gcc 4.3.0 20080428 (Red Hat 4.3.0-8)

time: Sun Jun 19 20:40:44 2016
elapsed time: 4 seconds (0d 0h 0m 4s)

