#
# There is insufficient memory for the Java Runtime Environment to continue.
# Native memory allocation (mmap) failed to map 120061952 bytes for committing reserved memory.
# Possible reasons:
#   The system is out of physical RAM or swap space
#   In 32 bit mode, the process size limit was hit
# Possible solutions:
#   Reduce memory load on the system
#   Increase physical memory or swap space
#   Check if swap backing store is full
#   Use 64 bit Java on a 64 bit OS
#   Decrease Java heap size (-Xmx/-Xms)
#   Decrease number of Java threads
#   Decrease Java thread stack sizes (-Xss)
#   Set larger code cache with -XX:ReservedCodeCacheSize=
# This output file may be truncated or incomplete.
#
#  Out of Memory Error (os_linux.cpp:2627), pid=12201, tid=140005344274176
#
# JRE version: Java(TM) SE Runtime Environment (8.0_91-b14) (build 1.8.0_91-b14)
# Java VM: Java HotSpot(TM) 64-Bit Server VM (25.91-b14 mixed mode linux-amd64 compressed oops)
# Failed to write core dump. Core dumps have been disabled. To enable core dumping, try "ulimit -c unlimited" before starting Java again
#

---------------  T H R E A D  ---------------

Current thread (0x00007f559c080000):  VMThread [stack: 0x00007f5588bfe000,0x00007f5588cff000] [id=12214]

Stack: [0x00007f5588bfe000,0x00007f5588cff000],  sp=0x00007f5588cfd2e0,  free space=1020k
Native frames: (J=compiled Java code, j=interpreted, Vv=VM code, C=native code)
V  [libjvm.so+0xabc18a]  VMError::report_and_die()+0x2ba
V  [libjvm.so+0x4fafeb]  report_vm_out_of_memory(char const*, int, unsigned long, VMErrorType, char const*)+0x8b
V  [libjvm.so+0x91cbb3]  os::Linux::commit_memory_impl(char*, unsigned long, bool)+0x103
V  [libjvm.so+0x91d109]  os::pd_commit_memory(char*, unsigned long, unsigned long, bool)+0x29
V  [libjvm.so+0x91740a]  os::commit_memory(char*, unsigned long, unsigned long, bool)+0x2a
V  [libjvm.so+0x98b033]  PSVirtualSpace::expand_by(unsigned long)+0x53
V  [libjvm.so+0x97b920]  PSOldGen::expand(unsigned long)+0x170
V  [libjvm.so+0x97bb2b]  PSOldGen::resize(unsigned long)+0x1cb
V  [libjvm.so+0x983801]  PSParallelCompact::invoke_no_policy(bool)+0x991
V  [libjvm.so+0x98915d]  PSScavenge::invoke()+0x1ad
V  [libjvm.so+0x9408b0]  ParallelScavengeHeap::failed_mem_allocate(unsigned long)+0x70
V  [libjvm.so+0xabdba7]  VM_ParallelGCFailedAllocation::doit()+0x97
V  [libjvm.so+0xac55d5]  VM_Operation::evaluate()+0x55
V  [libjvm.so+0xac39aa]  VMThread::evaluate_operation(VM_Operation*)+0xba
V  [libjvm.so+0xac3d2e]  VMThread::loop()+0x1ce
V  [libjvm.so+0xac41a0]  VMThread::run()+0x70
V  [libjvm.so+0x91ef78]  java_start(Thread*)+0x108

VM_Operation (0x00007f55837f5d90): ParallelGCFailedAllocation, mode: safepoint, requested by thread 0x00007f559c26f800


---------------  P R O C E S S  ---------------

Java Threads: ( => current thread )
  0x00007f559c273000 JavaThread "pool-2-thread-4" [_thread_blocked, id=12228, stack(0x00007f55834f5000,0x00007f55835f6000)]
  0x00007f559c271000 JavaThread "pool-2-thread-3" [_thread_blocked, id=12227, stack(0x00007f55835f6000,0x00007f55836f7000)]
  0x00007f559c26f800 JavaThread "pool-2-thread-2" [_thread_blocked, id=12226, stack(0x00007f55836f7000,0x00007f55837f8000)]
  0x00007f559c26d800 JavaThread "pool-3-thread-1" [_thread_blocked, id=12225, stack(0x00007f55837f8000,0x00007f55838f9000)]
  0x00007f559c26c000 JavaThread "pool-2-thread-1" [_thread_blocked, id=12224, stack(0x00007f55838f9000,0x00007f55839fa000)]
  0x00007f559c0d4000 JavaThread "Service Thread" daemon [_thread_blocked, id=12222, stack(0x00007f5583afb000,0x00007f5583bfc000)]
  0x00007f559c0c8800 JavaThread "C1 CompilerThread3" daemon [_thread_blocked, id=12221, stack(0x00007f5583bfc000,0x00007f5583cfd000)]
  0x00007f559c0c6800 JavaThread "C2 CompilerThread2" daemon [_thread_blocked, id=12220, stack(0x00007f5583cfd000,0x00007f5583dfe000)]
  0x00007f559c0c5000 JavaThread "C2 CompilerThread1" daemon [_thread_blocked, id=12219, stack(0x00007f5583dfe000,0x00007f5583eff000)]
  0x00007f559c0c2000 JavaThread "C2 CompilerThread0" daemon [_thread_blocked, id=12218, stack(0x00007f5583eff000,0x00007f5584000000)]
  0x00007f559c0c0800 JavaThread "Signal Dispatcher" daemon [_thread_blocked, id=12217, stack(0x00007f55880af000,0x00007f55881b0000)]
  0x00007f559c08c800 JavaThread "Finalizer" daemon [_thread_blocked, id=12216, stack(0x00007f55889fc000,0x00007f5588afd000)]
  0x00007f559c087800 JavaThread "Reference Handler" daemon [_thread_blocked, id=12215, stack(0x00007f5588afd000,0x00007f5588bfe000)]
  0x00007f559c00a000 JavaThread "main" [_thread_blocked, id=12205, stack(0x00007f55a433c000,0x00007f55a443d000)]

Other Threads:
=>0x00007f559c080000 VMThread [stack: 0x00007f5588bfe000,0x00007f5588cff000] [id=12214]
  0x00007f559c0d6800 WatcherThread [stack: 0x00007f55839fa000,0x00007f5583afb000] [id=12223]

VM state:at safepoint (normal execution)

VM Mutex/Monitor currently owned by a thread:  ([mutex/lock_event])
[0x00007f559c005f30] ExpandHeap_lock - owner thread: 0x00007f559c080000
[0x00007f559c0065b0] Threads_lock - owner thread: 0x00007f559c080000
[0x00007f559c006ab0] Heap_lock - owner thread: 0x00007f559c26f800

Heap:
 PSYoungGen      total 224256K, used 25995K [0x00000000eab00000, 0x0000000100000000, 0x0000000100000000)
  eden space 169984K, 0% used [0x00000000eab00000,0x00000000eab00000,0x00000000f5100000)
  from space 54272K, 47% used [0x00000000fcb00000,0x00000000fe462e98,0x0000000100000000)
  to   space 89600K, 0% used [0x00000000f5100000,0x00000000f5100000,0x00000000fa880000)
 ParOldGen       total 161792K, used 161762K [0x00000000c0000000, 0x00000000c9e00000, 0x00000000eab00000)
  object space 161792K, 99% used [0x00000000c0000000,0x00000000c9df8a48,0x00000000c9e00000)
 Metaspace       used 6571K, capacity 7320K, committed 7680K, reserved 1056768K
  class space    used 615K, capacity 656K, committed 768K, reserved 1048576K

Card table byte_map: [0x00007f55a0efe000,0x00007f55a10ff000] byte_map_base: 0x00007f55a08fe000

Marking Bits: (ParMarkBitMap*) 0x00007f55a3814d60
 Begin Bits: [0x00007f558b000000, 0x00007f558c000000)
 End Bits:   [0x00007f558c000000, 0x00007f558d000000)

Polling page: 0x00007f55a445d000

CodeCache: size=245760Kb used=10631Kb max_used=10660Kb free=235128Kb
 bounds [0x00007f558d000000, 0x00007f558da80000, 0x00007f559c000000]
 total_blobs=2687 nmethods=2418 adapters=182
 compilation: enabled

Compilation events (10 events):
Event: 3,612 Thread 0x00007f559c0c8800 2584       2       sun.reflect.generics.reflectiveObjects.ParameterizedTypeImpl::getActualTypeArguments (11 bytes)
Event: 3,612 Thread 0x00007f559c0c8800 nmethod 2584 0x00007f558da3db90 code [0x00007f558da3dd00, 0x00007f558da3dec8]
Event: 3,614 Thread 0x00007f559c0c8800 2585       3       com.android.dx.ssa.SCCP::run (298 bytes)
Event: 3,617 Thread 0x00007f559c0c8800 nmethod 2585 0x00007f558da597d0 code [0x00007f558da59ba0, 0x00007f558da5bac8]
Event: 3,617 Thread 0x00007f559c0c8800 2586       2       com.android.dx.util.ByteArray::getLong (104 bytes)
Event: 3,617 Thread 0x00007f559c0c8800 nmethod 2586 0x00007f558da66210 code [0x00007f558da66380, 0x00007f558da666a8]
Event: 3,619 Thread 0x00007f559c0c2000 nmethod 2565 0x00007f558da69e10 code [0x00007f558da69fc0, 0x00007f558da6a858]
Event: 3,619 Thread 0x00007f559c0c2000 2406       4       com.android.dx.ssa.SsaMethod::buildUseList (112 bytes)
Event: 3,624 Thread 0x00007f559c0c5000 nmethod 2432 0x00007f558da6b190 code [0x00007f558da6b700, 0x00007f558da6fd18]
Event: 3,624 Thread 0x00007f559c0c5000 2524       4       com.android.dx.ssa.back.LivenessAnalyzer::coInterferePhis (128 bytes)

GC Heap History (10 events):
Event: 2,095 GC heap after
Heap after GC invocations=7 (full 0):
 PSYoungGen      total 281600K, used 30198K [0x00000000eab00000, 0x0000000100000000, 0x0000000100000000)
  eden space 251392K, 0% used [0x00000000eab00000,0x00000000eab00000,0x00000000fa080000)
  from space 30208K, 99% used [0x00000000fa080000,0x00000000fbdfda88,0x00000000fbe00000)
  to   space 48640K, 0% used [0x00000000fd080000,0x00000000fd080000,0x0000000100000000)
 ParOldGen       total 84992K, used 61920K [0x00000000c0000000, 0x00000000c5300000, 0x00000000eab00000)
  object space 84992K, 72% used [0x00000000c0000000,0x00000000c3c78220,0x00000000c5300000)
 Metaspace       used 6535K, capacity 7320K, committed 7680K, reserved 1056768K
  class space    used 615K, capacity 656K, committed 768K, reserved 1048576K
}
Event: 2,095 GC heap before
{Heap before GC invocations=8 (full 1):
 PSYoungGen      total 281600K, used 30198K [0x00000000eab00000, 0x0000000100000000, 0x0000000100000000)
  eden space 251392K, 0% used [0x00000000eab00000,0x00000000eab00000,0x00000000fa080000)
  from space 30208K, 99% used [0x00000000fa080000,0x00000000fbdfda88,0x00000000fbe00000)
  to   space 48640K, 0% used [0x00000000fd080000,0x00000000fd080000,0x0000000100000000)
 ParOldGen       total 84992K, used 61920K [0x00000000c0000000, 0x00000000c5300000, 0x00000000eab00000)
  object space 84992K, 72% used [0x00000000c0000000,0x00000000c3c78220,0x00000000c5300000)
 Metaspace       used 6535K, capacity 7320K, committed 7680K, reserved 1056768K
  class space    used 615K, capacity 656K, committed 768K, reserved 1048576K
Event: 2,366 GC heap after
Heap after GC invocations=8 (full 1):
 PSYoungGen      total 281600K, used 2032K [0x00000000eab00000, 0x0000000100000000, 0x0000000100000000)
  eden space 251392K, 0% used [0x00000000eab00000,0x00000000eab00000,0x00000000fa080000)
  from space 30208K, 6% used [0x00000000fa080000,0x00000000fa27c210,0x00000000fbe00000)
  to   space 48640K, 0% used [0x00000000fd080000,0x00000000fd080000,0x0000000100000000)
 ParOldGen       total 161792K, used 84851K [0x00000000c0000000, 0x00000000c9e00000, 0x00000000eab00000)
  object space 161792K, 52% used [0x00000000c0000000,0x00000000c52dcc78,0x00000000c9e00000)
 Metaspace       used 6535K, capacity 7320K, committed 7680K, reserved 1056768K
  class space    used 615K, capacity 656K, committed 768K, reserved 1048576K
}
Event: 2,745 GC heap before
{Heap before GC invocations=9 (full 1):
 PSYoungGen      total 281600K, used 253424K [0x00000000eab00000, 0x0000000100000000, 0x0000000100000000)
  eden space 251392K, 100% used [0x00000000eab00000,0x00000000fa080000,0x00000000fa080000)
  from space 30208K, 6% used [0x00000000fa080000,0x00000000fa27c210,0x00000000fbe00000)
  to   space 48640K, 0% used [0x00000000fd080000,0x00000000fd080000,0x0000000100000000)
 ParOldGen       total 161792K, used 84851K [0x00000000c0000000, 0x00000000c9e00000, 0x00000000eab00000)
  object space 161792K, 52% used [0x00000000c0000000,0x00000000c52dcc78,0x00000000c9e00000)
 Metaspace       used 6552K, capacity 7320K, committed 7680K, reserved 1056768K
  class space    used 615K, capacity 656K, committed 768K, reserved 1048576K
Event: 2,795 GC heap after
Heap after GC invocations=9 (full 1):
 PSYoungGen      total 289280K, used 39467K [0x00000000eab00000, 0x0000000100000000, 0x0000000100000000)
  eden space 240640K, 0% used [0x00000000eab00000,0x00000000eab00000,0x00000000f9600000)
  from space 48640K, 81% used [0x00000000fd080000,0x00000000ff70afb0,0x0000000100000000)
  to   space 54272K, 0% used [0x00000000f9600000,0x00000000f9600000,0x00000000fcb00000)
 ParOldGen       total 161792K, used 84923K [0x00000000c0000000, 0x00000000c9e00000, 0x00000000eab00000)
  object space 161792K, 52% used [0x00000000c0000000,0x00000000c52eec78,0x00000000c9e00000)
 Metaspace       used 6552K, capacity 7320K, committed 7680K, reserved 1056768K
  class space    used 615K, capacity 656K, committed 768K, reserved 1048576K
}
Event: 3,174 GC heap before
{Heap before GC invocations=10 (full 1):
 PSYoungGen      total 289280K, used 280107K [0x00000000eab00000, 0x0000000100000000, 0x0000000100000000)
  eden space 240640K, 100% used [0x00000000eab00000,0x00000000f9600000,0x00000000f9600000)
  from space 48640K, 81% used [0x00000000fd080000,0x00000000ff70afb0,0x0000000100000000)
  to   space 54272K, 0% used [0x00000000f9600000,0x00000000f9600000,0x00000000fcb00000)
 ParOldGen       total 161792K, used 84923K [0x00000000c0000000, 0x00000000c9e00000, 0x00000000eab00000)
  object space 161792K, 52% used [0x00000000c0000000,0x00000000c52eec78,0x00000000c9e00000)
 Metaspace       used 6559K, capacity 7320K, committed 7680K, reserved 1056768K
  class space    used 615K, capacity 656K, committed 768K, reserved 1048576K
Event: 3,253 GC heap after
Heap after GC invocations=10 (full 1):
 PSYoungGen      total 294912K, used 54247K [0x00000000eab00000, 0x0000000100000000, 0x0000000100000000)
  eden space 240640K, 0% used [0x00000000eab00000,0x00000000eab00000,0x00000000f9600000)
  from space 54272K, 99% used [0x00000000f9600000,0x00000000fcaf9f80,0x00000000fcb00000)
  to   space 54272K, 0% used [0x00000000fcb00000,0x00000000fcb00000,0x0000000100000000)
 ParOldGen       total 161792K, used 103917K [0x00000000c0000000, 0x00000000c9e00000, 0x00000000eab00000)
  object space 161792K, 64% used [0x00000000c0000000,0x00000000c657b478,0x00000000c9e00000)
 Metaspace       used 6559K, capacity 7320K, committed 7680K, reserved 1056768K
  class space    used 615K, capacity 656K, committed 768K, reserved 1048576K
}
Event: 3,632 GC heap before
{Heap before GC invocations=11 (full 1):
 PSYoungGen      total 294912K, used 294887K [0x00000000eab00000, 0x0000000100000000, 0x0000000100000000)
  eden space 240640K, 100% used [0x00000000eab00000,0x00000000f9600000,0x00000000f9600000)
  from space 54272K, 99% used [0x00000000f9600000,0x00000000fcaf9f80,0x00000000fcb00000)
  to   space 54272K, 0% used [0x00000000fcb00000,0x00000000fcb00000,0x0000000100000000)
 ParOldGen       total 161792K, used 103917K [0x00000000c0000000, 0x00000000c9e00000, 0x00000000eab00000)
  object space 161792K, 64% used [0x00000000c0000000,0x00000000c657b478,0x00000000c9e00000)
 Metaspace       used 6571K, capacity 7320K, committed 7680K, reserved 1056768K
  class space    used 615K, capacity 656K, committed 768K, reserved 1048576K
Event: 3,708 GC heap after
Heap after GC invocations=11 (full 1):
 PSYoungGen      total 224256K, used 54261K [0x00000000eab00000, 0x0000000100000000, 0x0000000100000000)
  eden space 169984K, 0% used [0x00000000eab00000,0x00000000eab00000,0x00000000f5100000)
  from space 54272K, 99% used [0x00000000fcb00000,0x00000000ffffd530,0x0000000100000000)
  to   space 89600K, 0% used [0x00000000f5100000,0x00000000f5100000,0x00000000fa880000)
 ParOldGen       total 161792K, used 137963K [0x00000000c0000000, 0x00000000c9e00000, 0x00000000eab00000)
  object space 161792K, 85% used [0x00000000c0000000,0x00000000c86bad70,0x00000000c9e00000)
 Metaspace       used 6571K, capacity 7320K, committed 7680K, reserved 1056768K
  class space    used 615K, capacity 656K, committed 768K, reserved 1048576K
}
Event: 3,708 GC heap before
{Heap before GC invocations=12 (full 2):
 PSYoungGen      total 224256K, used 54261K [0x00000000eab00000, 0x0000000100000000, 0x0000000100000000)
  eden space 169984K, 0% used [0x00000000eab00000,0x00000000eab00000,0x00000000f5100000)
  from space 54272K, 99% used [0x00000000fcb00000,0x00000000ffffd530,0x0000000100000000)
  to   space 89600K, 0% used [0x00000000f5100000,0x00000000f5100000,0x00000000fa880000)
 ParOldGen       total 161792K, used 137963K [0x00000000c0000000, 0x00000000c9e00000, 0x00000000eab00000)
  object space 161792K, 85% used [0x00000000c0000000,0x00000000c86bad70,0x00000000c9e00000)
 Metaspace       used 6571K, capacity 7320K, committed 7680K, reserved 1056768K
  class space    used 615K, capacity 656K, committed 768K, reserved 1048576K

Deoptimization events (10 events):
Event: 2,390 Thread 0x00007f559c273000 Uncommon trap: reason=unstable_if action=reinterpret pc=0x00007f558d5db884 method=com.android.dx.rop.code.RegisterSpecSet.<init>(I)V @ 2
Event: 2,455 Thread 0x00007f559c273000 Uncommon trap: reason=bimorphic action=maybe_recompile pc=0x00007f558d65845c method=com.android.dx.ssa.LiteralOpUpgrader.tryReplacingWithConstant(Lcom/android/dx/ssa/NormalSsaInsn;)Z @ 62
Event: 2,458 Thread 0x00007f559c273000 Uncommon trap: reason=bimorphic action=maybe_recompile pc=0x00007f558d65845c method=com.android.dx.ssa.LiteralOpUpgrader.tryReplacingWithConstant(Lcom/android/dx/ssa/NormalSsaInsn;)Z @ 62
Event: 2,572 Thread 0x00007f559c00a000 Uncommon trap: reason=unstable_if action=reinterpret pc=0x00007f558d7d3a34 method=com.android.dx.rop.cst.CstNat.equals(Ljava/lang/Object;)Z @ 25
Event: 2,904 Thread 0x00007f559c273000 Uncommon trap: reason=bimorphic action=maybe_recompile pc=0x00007f558d65845c method=com.android.dx.ssa.LiteralOpUpgrader.tryReplacingWithConstant(Lcom/android/dx/ssa/NormalSsaInsn;)Z @ 62
Event: 2,935 Thread 0x00007f559c26c000 Uncommon trap: reason=bimorphic action=maybe_recompile pc=0x00007f558d65845c method=com.android.dx.ssa.LiteralOpUpgrader.tryReplacingWithConstant(Lcom/android/dx/ssa/NormalSsaInsn;)Z @ 62
Event: 3,024 Thread 0x00007f559c26f800 Uncommon trap: reason=unstable_if action=reinterpret pc=0x00007f558d9661a0 method=com.android.dx.ssa.SCCP.simulateBranch(Lcom/android/dx/ssa/SsaInsn;)V @ 140
Event: 3,543 Thread 0x00007f559c26f800 Uncommon trap: reason=unstable_if action=reinterpret pc=0x00007f558d8f7540 method=com.android.dx.cf.code.Merger.isPossiblyAssignableFrom(Lcom/android/dx/rop/type/TypeBearer;Lcom/android/dx/rop/type/TypeBearer;)Z @ 131
Event: 3,543 Thread 0x00007f559c26f800 Uncommon trap: reason=unstable_if action=reinterpret pc=0x00007f558d931140 method=com.android.dx.cf.code.Merger.isPossiblyAssignableFrom(Lcom/android/dx/rop/type/TypeBearer;Lcom/android/dx/rop/type/TypeBearer;)Z @ 131
Event: 3,612 Thread 0x00007f559c00a000 Uncommon trap: reason=unstable_if action=reinterpret pc=0x00007f558da29f38 method=com.android.dx.ssa.SCCP.replaceBranches()V @ 14

Internal exceptions (7 events):
Event: 0,021 Thread 0x00007f559c00a000 Exception <a 'java/lang/NoSuchMethodError': Method sun.misc.Unsafe.defineClass(Ljava/lang/String;[BII)Ljava/lang/Class; name or signature does not match> (0x00000000eab07cc0) thrown at [/HUDSON/workspace/8-2-build-linux-amd64/jdk8u91/6644/hotspot/src/shar
Event: 0,021 Thread 0x00007f559c00a000 Exception <a 'java/lang/NoSuchMethodError': Method sun.misc.Unsafe.prefetchRead(Ljava/lang/Object;J)V name or signature does not match> (0x00000000eab07fa8) thrown at [/HUDSON/workspace/8-2-build-linux-amd64/jdk8u91/6644/hotspot/src/share/vm/prims/jni.cpp
Event: 1,142 Thread 0x00007f559c271000 Exception <a 'java/lang/ArrayIndexOutOfBoundsException': 18> (0x00000000ef33bf70) thrown at [/HUDSON/workspace/8-2-build-linux-amd64/jdk8u91/6644/hotspot/src/share/vm/interpreter/interpreterRuntime.cpp, line 366]
Event: 1,142 Thread 0x00007f559c271000 Exception <a 'java/lang/ArrayIndexOutOfBoundsException': 145> (0x00000000ef33daf0) thrown at [/HUDSON/workspace/8-2-build-linux-amd64/jdk8u91/6644/hotspot/src/share/vm/interpreter/interpreterRuntime.cpp, line 366]
Event: 1,143 Thread 0x00007f559c271000 Exception <a 'java/lang/ArrayIndexOutOfBoundsException': 40> (0x00000000ef33edd8) thrown at [/HUDSON/workspace/8-2-build-linux-amd64/jdk8u91/6644/hotspot/src/share/vm/interpreter/interpreterRuntime.cpp, line 366]
Event: 1,394 Thread 0x00007f559c271000 Implicit null exception at 0x00007f558d70dc26 to 0x00007f558d710319
Event: 1,474 Thread 0x00007f559c00a000 Implicit null exception at 0x00007f558d3a7f72 to 0x00007f558d3a80e9

Events (10 events):
Event: 3,583 Thread 0x00007f559c273000 DEOPT PACKING pc=0x00007f558d3f83ac sp=0x00007f55835f3e90
Event: 3,584 Thread 0x00007f559c273000 DEOPT UNPACKING pc=0x00007f558d047633 sp=0x00007f55835f3b90 mode 0
Event: 3,605 Thread 0x00007f559c26c000 DEOPT PACKING pc=0x00007f558d3f83ac sp=0x00007f55839f7f40
Event: 3,605 Thread 0x00007f559c26c000 DEOPT UNPACKING pc=0x00007f558d047633 sp=0x00007f55839f7c40 mode 0
Event: 3,612 Thread 0x00007f559c00a000 Uncommon trap: trap_request=0xffffff65 fr.pc=0x00007f558da29f38
Event: 3,612 Thread 0x00007f559c00a000 DEOPT PACKING pc=0x00007f558da29f38 sp=0x00007f55a443a7e0
Event: 3,612 Thread 0x00007f559c00a000 DEOPT UNPACKING pc=0x00007f558d005229 sp=0x00007f55a443a788 mode 2
Event: 3,627 Thread 0x00007f559c00a000 DEOPT PACKING pc=0x00007f558d3f83ac sp=0x00007f55a443a920
Event: 3,627 Thread 0x00007f559c00a000 DEOPT UNPACKING pc=0x00007f558d047633 sp=0x00007f55a443a620 mode 0
Event: 3,631 Executing VM operation: ParallelGCFailedAllocation


Dynamic libraries:
00400000-00401000 r-xp 00000000 08:04 1184221                            /usr/lib/jvm/java-8-oracle/bin/java
00600000-00601000 rw-p 00000000 08:04 1184221                            /usr/lib/jvm/java-8-oracle/bin/java
01d7a000-01d9b000 rw-p 00000000 00:00 0                                  [heap]
c0000000-c9e00000 rw-p 00000000 00:00 0 
d1080000-eab00000 ---p 00000000 00:00 0 
eab00000-100000000 rw-p 00000000 00:00 0 
100000000-1000c0000 rw-p 00000000 00:00 0 
1000c0000-140000000 ---p 00000000 00:00 0 
7f5514000000-7f551402b000 rw-p 00000000 00:00 0 
7f551402b000-7f5518000000 ---p 00000000 00:00 0 
7f5518000000-7f5518021000 rw-p 00000000 00:00 0 
7f5518021000-7f551c000000 ---p 00000000 00:00 0 
7f551c000000-7f551c021000 rw-p 00000000 00:00 0 
7f551c021000-7f5520000000 ---p 00000000 00:00 0 
7f5520000000-7f5520021000 rw-p 00000000 00:00 0 
7f5520021000-7f5524000000 ---p 00000000 00:00 0 
7f5524000000-7f5524021000 rw-p 00000000 00:00 0 
7f5524021000-7f5528000000 ---p 00000000 00:00 0 
7f5528000000-7f552804c000 rw-p 00000000 00:00 0 
7f552804c000-7f552c000000 ---p 00000000 00:00 0 
7f552c000000-7f552cd0e000 rw-p 00000000 00:00 0 
7f552cd0e000-7f5530000000 ---p 00000000 00:00 0 
7f5530000000-7f5530021000 rw-p 00000000 00:00 0 
7f5530021000-7f5534000000 ---p 00000000 00:00 0 
7f5534000000-7f5534d93000 rw-p 00000000 00:00 0 
7f5534d93000-7f5538000000 ---p 00000000 00:00 0 
7f5538000000-7f553925c000 rw-p 00000000 00:00 0 
7f553925c000-7f553c000000 ---p 00000000 00:00 0 
7f553c000000-7f553c021000 rw-p 00000000 00:00 0 
7f553c021000-7f5540000000 ---p 00000000 00:00 0 
7f5540000000-7f5541234000 rw-p 00000000 00:00 0 
7f5541234000-7f5544000000 ---p 00000000 00:00 0 
7f5544000000-7f5544021000 rw-p 00000000 00:00 0 
7f5544021000-7f5548000000 ---p 00000000 00:00 0 
7f5548000000-7f5548021000 rw-p 00000000 00:00 0 
7f5548021000-7f554c000000 ---p 00000000 00:00 0 
7f554c000000-7f554c021000 rw-p 00000000 00:00 0 
7f554c021000-7f5550000000 ---p 00000000 00:00 0 
7f5550000000-7f555028d000 rw-p 00000000 00:00 0 
7f555028d000-7f5554000000 ---p 00000000 00:00 0 
7f5554000000-7f5554021000 rw-p 00000000 00:00 0 
7f5554021000-7f5558000000 ---p 00000000 00:00 0 
7f555c000000-7f555c021000 rw-p 00000000 00:00 0 
7f555c021000-7f5560000000 ---p 00000000 00:00 0 
7f5564000000-7f5564021000 rw-p 00000000 00:00 0 
7f5564021000-7f5568000000 ---p 00000000 00:00 0 
7f556c000000-7f556c021000 rw-p 00000000 00:00 0 
7f556c021000-7f5570000000 ---p 00000000 00:00 0 
7f5574000000-7f5574021000 rw-p 00000000 00:00 0 
7f5574021000-7f5578000000 ---p 00000000 00:00 0 
7f557c000000-7f557c021000 rw-p 00000000 00:00 0 
7f557c021000-7f5580000000 ---p 00000000 00:00 0 
7f55834f5000-7f55834f8000 ---p 00000000 00:00 0 
7f55834f8000-7f55835f6000 rw-p 00000000 00:00 0 
7f55835f6000-7f55835f9000 ---p 00000000 00:00 0 
7f55835f9000-7f55836f7000 rw-p 00000000 00:00 0 
7f55836f7000-7f55836fa000 ---p 00000000 00:00 0 
7f55836fa000-7f55837f8000 rw-p 00000000 00:00 0 
7f55837f8000-7f55837fb000 ---p 00000000 00:00 0 
7f55837fb000-7f55838f9000 rw-p 00000000 00:00 0 
7f55838f9000-7f55838fc000 ---p 00000000 00:00 0 
7f55838fc000-7f55839fa000 rw-p 00000000 00:00 0 
7f55839fa000-7f55839fb000 ---p 00000000 00:00 0 
7f55839fb000-7f5583afb000 rw-p 00000000 00:00 0 
7f5583afb000-7f5583afe000 ---p 00000000 00:00 0 
7f5583afe000-7f5583bfc000 rw-p 00000000 00:00 0 
7f5583bfc000-7f5583bff000 ---p 00000000 00:00 0 
7f5583bff000-7f5583cfd000 rw-p 00000000 00:00 0 
7f5583cfd000-7f5583d00000 ---p 00000000 00:00 0 
7f5583d00000-7f5583dfe000 rw-p 00000000 00:00 0 
7f5583dfe000-7f5583e01000 ---p 00000000 00:00 0 
7f5583e01000-7f5583eff000 rw-p 00000000 00:00 0 
7f5583eff000-7f5583f02000 ---p 00000000 00:00 0 
7f5583f02000-7f5584000000 rw-p 00000000 00:00 0 
7f5584000000-7f5584021000 rw-p 00000000 00:00 0 
7f5584021000-7f5588000000 ---p 00000000 00:00 0 
7f5588079000-7f55880af000 r--s 002b1000 08:04 422286                     /home/ankoma88/AndroidStudioProjects/RatesChart/app/build/intermediates/transforms/jarMerging/debug/jars/1/1f/combined.jar
7f55880af000-7f55880b2000 ---p 00000000 00:00 0 
7f55880b2000-7f55881b0000 rw-p 00000000 00:00 0 
7f55881b0000-7f55889fc000 r--p 00000000 08:04 531399                     /usr/lib/locale/locale-archive
7f55889fc000-7f55889ff000 ---p 00000000 00:00 0 
7f55889ff000-7f5588afd000 rw-p 00000000 00:00 0 
7f5588afd000-7f5588b00000 ---p 00000000 00:00 0 
7f5588b00000-7f5588bfe000 rw-p 00000000 00:00 0 
7f5588bfe000-7f5588bff000 ---p 00000000 00:00 0 
7f5588bff000-7f558aec0000 rw-p 00000000 00:00 0 
7f558aec0000-7f558b000000 ---p 00000000 00:00 0 
7f558b000000-7f558d000000 rw-p 00000000 00:00 0 
7f558d000000-7f558da80000 rwxp 00000000 00:00 0 
7f558da80000-7f559c000000 ---p 00000000 00:00 0 
7f559c000000-7f559c3d7000 rw-p 00000000 00:00 0 
7f559c3d7000-7f55a0000000 ---p 00000000 00:00 0 
7f55a0001000-7f55a0151000 rw-p 00000000 00:00 0 
7f55a0151000-7f55a032a000 r--s 03d1f000 08:04 802413                     /usr/lib/jvm/java-8-oracle/jre/lib/rt.jar
7f55a032a000-7f55a05a0000 rw-p 00000000 00:00 0 
7f55a05a0000-7f55a05a1000 ---p 00000000 00:00 0 
7f55a05a1000-7f55a06a1000 rw-p 00000000 00:00 0 
7f55a06a1000-7f55a06a2000 ---p 00000000 00:00 0 
7f55a06a2000-7f55a07a2000 rw-p 00000000 00:00 0 
7f55a07a2000-7f55a07a3000 ---p 00000000 00:00 0 
7f55a07a3000-7f55a08a3000 rw-p 00000000 00:00 0 
7f55a08a3000-7f55a08a4000 ---p 00000000 00:00 0 
7f55a08a4000-7f55a09a4000 rw-p 00000000 00:00 0 
7f55a09a4000-7f55a09a5000 ---p 00000000 00:00 0 
7f55a09a5000-7f55a0aa5000 rw-p 00000000 00:00 0 
7f55a0aa5000-7f55a0aa6000 ---p 00000000 00:00 0 
7f55a0aa6000-7f55a0ba6000 rw-p 00000000 00:00 0 
7f55a0ba6000-7f55a0ba7000 ---p 00000000 00:00 0 
7f55a0ba7000-7f55a0ca7000 rw-p 00000000 00:00 0 
7f55a0ca7000-7f55a0ca8000 ---p 00000000 00:00 0 
7f55a0ca8000-7f55a0df7000 rw-p 00000000 00:00 0 
7f55a0df7000-7f55a0efe000 ---p 00000000 00:00 0 
7f55a0efe000-7f55a0f4d000 rw-p 00000000 00:00 0 
7f55a0f4d000-7f55a1053000 ---p 00000000 00:00 0 
7f55a1053000-7f55a10fe000 rw-p 00000000 00:00 0 
7f55a10fe000-7f55a1129000 rw-p 00000000 00:00 0 
7f55a1129000-7f55a14bf000 ---p 00000000 00:00 0 
7f55a14bf000-7f55a14d9000 r-xp 00000000 08:04 1054389                    /usr/lib/jvm/java-8-oracle/jre/lib/amd64/libzip.so
7f55a14d9000-7f55a16d9000 ---p 0001a000 08:04 1054389                    /usr/lib/jvm/java-8-oracle/jre/lib/amd64/libzip.so
7f55a16d9000-7f55a16da000 rw-p 0001a000 08:04 1054389                    /usr/lib/jvm/java-8-oracle/jre/lib/amd64/libzip.so
7f55a16da000-7f55a16e4000 r-xp 00000000 08:04 270973                     /lib/x86_64-linux-gnu/libnss_files-2.19.so
7f55a16e4000-7f55a18e3000 ---p 0000a000 08:04 270973                     /lib/x86_64-linux-gnu/libnss_files-2.19.so
7f55a18e3000-7f55a18e4000 r--p 00009000 08:04 270973                     /lib/x86_64-linux-gnu/libnss_files-2.19.so
7f55a18e4000-7f55a18e5000 rw-p 0000a000 08:04 270973                     /lib/x86_64-linux-gnu/libnss_files-2.19.so
7f55a18e5000-7f55a18f0000 r-xp 00000000 08:04 270961                     /lib/x86_64-linux-gnu/libnss_nis-2.19.so
7f55a18f0000-7f55a1aef000 ---p 0000b000 08:04 270961                     /lib/x86_64-linux-gnu/libnss_nis-2.19.so
7f55a1aef000-7f55a1af0000 r--p 0000a000 08:04 270961                     /lib/x86_64-linux-gnu/libnss_nis-2.19.so
7f55a1af0000-7f55a1af1000 rw-p 0000b000 08:04 270961                     /lib/x86_64-linux-gnu/libnss_nis-2.19.so
7f55a1af1000-7f55a1b08000 r-xp 00000000 08:04 270957                     /lib/x86_64-linux-gnu/libnsl-2.19.so
7f55a1b08000-7f55a1d07000 ---p 00017000 08:04 270957                     /lib/x86_64-linux-gnu/libnsl-2.19.so
7f55a1d07000-7f55a1d08000 r--p 00016000 08:04 270957                     /lib/x86_64-linux-gnu/libnsl-2.19.so
7f55a1d08000-7f55a1d09000 rw-p 00017000 08:04 270957                     /lib/x86_64-linux-gnu/libnsl-2.19.so
7f55a1d09000-7f55a1d0b000 rw-p 00000000 00:00 0 
7f55a1d0b000-7f55a1d14000 r-xp 00000000 08:04 270956                     /lib/x86_64-linux-gnu/libnss_compat-2.19.so
7f55a1d14000-7f55a1f13000 ---p 00009000 08:04 270956                     /lib/x86_64-linux-gnu/libnss_compat-2.19.so
7f55a1f13000-7f55a1f14000 r--p 00008000 08:04 270956                     /lib/x86_64-linux-gnu/libnss_compat-2.19.so
7f55a1f14000-7f55a1f15000 rw-p 00009000 08:04 270956                     /lib/x86_64-linux-gnu/libnss_compat-2.19.so
7f55a1f15000-7f55a1f3f000 r-xp 00000000 08:04 1054391                    /usr/lib/jvm/java-8-oracle/jre/lib/amd64/libjava.so
7f55a1f3f000-7f55a213f000 ---p 0002a000 08:04 1054391                    /usr/lib/jvm/java-8-oracle/jre/lib/amd64/libjava.so
7f55a213f000-7f55a2141000 rw-p 0002a000 08:04 1054391                    /usr/lib/jvm/java-8-oracle/jre/lib/amd64/libjava.so
7f55a2141000-7f55a214e000 r-xp 00000000 08:04 1057088                    /usr/lib/jvm/java-8-oracle/jre/lib/amd64/libverify.so
7f55a214e000-7f55a234e000 ---p 0000d000 08:04 1057088                    /usr/lib/jvm/java-8-oracle/jre/lib/amd64/libverify.so
7f55a234e000-7f55a2350000 rw-p 0000d000 08:04 1057088                    /usr/lib/jvm/java-8-oracle/jre/lib/amd64/libverify.so
7f55a2350000-7f55a2357000 r-xp 00000000 08:04 270968                     /lib/x86_64-linux-gnu/librt-2.19.so
7f55a2357000-7f55a2556000 ---p 00007000 08:04 270968                     /lib/x86_64-linux-gnu/librt-2.19.so
7f55a2556000-7f55a2557000 r--p 00006000 08:04 270968                     /lib/x86_64-linux-gnu/librt-2.19.so
7f55a2557000-7f55a2558000 rw-p 00007000 08:04 270968                     /lib/x86_64-linux-gnu/librt-2.19.so
7f55a2558000-7f55a265d000 r-xp 00000000 08:04 270934                     /lib/x86_64-linux-gnu/libm-2.19.so
7f55a265d000-7f55a285c000 ---p 00105000 08:04 270934                     /lib/x86_64-linux-gnu/libm-2.19.so
7f55a285c000-7f55a285d000 r--p 00104000 08:04 270934                     /lib/x86_64-linux-gnu/libm-2.19.so
7f55a285d000-7f55a285e000 rw-p 00105000 08:04 270934                     /lib/x86_64-linux-gnu/libm-2.19.so
7f55a285e000-7f55a351e000 r-xp 00000000 08:04 1057253                    /usr/lib/jvm/java-8-oracle/jre/lib/amd64/server/libjvm.so
7f55a351e000-7f55a371e000 ---p 00cc0000 08:04 1057253                    /usr/lib/jvm/java-8-oracle/jre/lib/amd64/server/libjvm.so
7f55a371e000-7f55a37f6000 rw-p 00cc0000 08:04 1057253                    /usr/lib/jvm/java-8-oracle/jre/lib/amd64/server/libjvm.so
7f55a37f6000-7f55a3841000 rw-p 00000000 00:00 0 
7f55a3841000-7f55a39fb000 r-xp 00000000 08:04 270969                     /lib/x86_64-linux-gnu/libc-2.19.so
7f55a39fb000-7f55a3bfb000 ---p 001ba000 08:04 270969                     /lib/x86_64-linux-gnu/libc-2.19.so
7f55a3bfb000-7f55a3bff000 r--p 001ba000 08:04 270969                     /lib/x86_64-linux-gnu/libc-2.19.so
7f55a3bff000-7f55a3c01000 rw-p 001be000 08:04 270969                     /lib/x86_64-linux-gnu/libc-2.19.so
7f55a3c01000-7f55a3c06000 rw-p 00000000 00:00 0 
7f55a3c06000-7f55a3c09000 r-xp 00000000 08:04 270944                     /lib/x86_64-linux-gnu/libdl-2.19.so
7f55a3c09000-7f55a3e08000 ---p 00003000 08:04 270944                     /lib/x86_64-linux-gnu/libdl-2.19.so
7f55a3e08000-7f55a3e09000 r--p 00002000 08:04 270944                     /lib/x86_64-linux-gnu/libdl-2.19.so
7f55a3e09000-7f55a3e0a000 rw-p 00003000 08:04 270944                     /lib/x86_64-linux-gnu/libdl-2.19.so
7f55a3e0a000-7f55a3e1f000 r-xp 00000000 08:04 802217                     /usr/lib/jvm/java-8-oracle/lib/amd64/jli/libjli.so
7f55a3e1f000-7f55a401f000 ---p 00015000 08:04 802217                     /usr/lib/jvm/java-8-oracle/lib/amd64/jli/libjli.so
7f55a401f000-7f55a4020000 rw-p 00015000 08:04 802217                     /usr/lib/jvm/java-8-oracle/lib/amd64/jli/libjli.so
7f55a4020000-7f55a4039000 r-xp 00000000 08:04 270958                     /lib/x86_64-linux-gnu/libpthread-2.19.so
7f55a4039000-7f55a4238000 ---p 00019000 08:04 270958                     /lib/x86_64-linux-gnu/libpthread-2.19.so
7f55a4238000-7f55a4239000 r--p 00018000 08:04 270958                     /lib/x86_64-linux-gnu/libpthread-2.19.so
7f55a4239000-7f55a423a000 rw-p 00019000 08:04 270958                     /lib/x86_64-linux-gnu/libpthread-2.19.so
7f55a423a000-7f55a423e000 rw-p 00000000 00:00 0 
7f55a423e000-7f55a4261000 r-xp 00000000 08:04 270959                     /lib/x86_64-linux-gnu/ld-2.19.so
7f55a4263000-7f55a433c000 rw-p 00000000 00:00 0 
7f55a433c000-7f55a433f000 ---p 00000000 00:00 0 
7f55a433f000-7f55a4441000 rw-p 00000000 00:00 0 
7f55a4444000-7f55a4445000 rw-p 00000000 00:00 0 
7f55a4445000-7f55a4454000 r--s 000df000 08:04 135543                     /home/ankoma88/Android/Sdk/build-tools/23.0.3/lib/dx.jar
7f55a4454000-7f55a445c000 rw-s 00000000 08:04 422291                     /tmp/hsperfdata_ankoma88/12201
7f55a445c000-7f55a445d000 rw-p 00000000 00:00 0 
7f55a445d000-7f55a445e000 ---p 00000000 00:00 0 
7f55a445e000-7f55a4460000 rw-p 00000000 00:00 0 
7f55a4460000-7f55a4461000 r--p 00022000 08:04 270959                     /lib/x86_64-linux-gnu/ld-2.19.so
7f55a4461000-7f55a4462000 rw-p 00023000 08:04 270959                     /lib/x86_64-linux-gnu/ld-2.19.so
7f55a4462000-7f55a4463000 rw-p 00000000 00:00 0 
7ffdf6e65000-7ffdf6e86000 rw-p 00000000 00:00 0                          [stack]
7ffdf6eba000-7ffdf6ebc000 r--p 00000000 00:00 0                          [vvar]
7ffdf6ebc000-7ffdf6ebe000 r-xp 00000000 00:00 0                          [vdso]
ffffffffff600000-ffffffffff601000 r-xp 00000000 00:00 0                  [vsyscall]

VM Arguments:
jvm_args: -Djava.awt.headless=true -Xmx1024M -Dfile.encoding=UTF-8 -Duser.country=US -Duser.language=en -Duser.variant 
java_command: com.android.dx.command.Main --dex --num-threads=4 --multi-dex --main-dex-list /home/ankoma88/AndroidStudioProjects/RatesChart/app/build/intermediates/multi-dex/debug/maindexlist.txt --output /home/ankoma88/AndroidStudioProjects/RatesChart/app/build/intermediates/transforms/dex/debug/folders/1000/1f/main /home/ankoma88/AndroidStudioProjects/RatesChart/app/build/intermediates/transforms/jarMerging/debug/jars/1/1f/combined.jar
java_class_path (initial): /home/ankoma88/Android/Sdk/build-tools/23.0.3/lib/dx.jar
Launcher Type: SUN_STANDARD

Environment Variables:
JAVA_HOME=/usr/lib/jvm/java-8-oracle
PATH=/usr/local/sbin:/usr/local/bin:/usr/sbin:/usr/bin:/sbin:/bin:/usr/games:/usr/local/games:/usr/lib/jvm/java-8-oracle/bin:/usr/lib/jvm/java-8-oracle/db/bin:/usr/lib/jvm/java-8-oracle/jre/bin
LD_LIBRARY_PATH=/usr/local/ide/android-studio/bin:
SHELL=/bin/bash
DISPLAY=:0

Signal Handlers:
SIGSEGV: [libjvm.so+0xabca10], sa_mask[0]=11111111011111111101111111111110, sa_flags=SA_RESTART|SA_SIGINFO
SIGBUS: [libjvm.so+0xabca10], sa_mask[0]=11111111011111111101111111111110, sa_flags=SA_RESTART|SA_SIGINFO
SIGFPE: [libjvm.so+0x919a20], sa_mask[0]=11111111011111111101111111111110, sa_flags=SA_RESTART|SA_SIGINFO
SIGPIPE: [libjvm.so+0x919a20], sa_mask[0]=11111111011111111101111111111110, sa_flags=SA_RESTART|SA_SIGINFO
SIGXFSZ: [libjvm.so+0x919a20], sa_mask[0]=11111111011111111101111111111110, sa_flags=SA_RESTART|SA_SIGINFO
SIGILL: [libjvm.so+0x919a20], sa_mask[0]=11111111011111111101111111111110, sa_flags=SA_RESTART|SA_SIGINFO
SIGUSR1: SIG_DFL, sa_mask[0]=00000000000000000000000000000000, sa_flags=none
SIGUSR2: [libjvm.so+0x91b050], sa_mask[0]=00100000000000000000000000000000, sa_flags=SA_RESTART|SA_SIGINFO
SIGHUP: [libjvm.so+0x91c450], sa_mask[0]=11111111011111111101111111111110, sa_flags=SA_RESTART|SA_SIGINFO
SIGINT: [libjvm.so+0x91c450], sa_mask[0]=11111111011111111101111111111110, sa_flags=SA_RESTART|SA_SIGINFO
SIGTERM: [libjvm.so+0x91c450], sa_mask[0]=11111111011111111101111111111110, sa_flags=SA_RESTART|SA_SIGINFO
SIGQUIT: [libjvm.so+0x91c450], sa_mask[0]=11111111011111111101111111111110, sa_flags=SA_RESTART|SA_SIGINFO


---------------  S Y S T E M  ---------------

OS:DISTRIB_ID=Ubuntu
DISTRIB_RELEASE=14.04
DISTRIB_CODENAME=trusty
DISTRIB_DESCRIPTION="Ubuntu 14.04.4 LTS"

uname:Linux 4.2.0-38-generic #45~14.04.1-Ubuntu SMP Thu Jun 9 09:27:51 UTC 2016 x86_64
libc:glibc 2.19 NPTL 2.19 
rlimit: STACK 8192k, CORE 0k, NPROC 31126, NOFILE 4096, AS infinity
load average:2,93 2,43 2,18

/proc/meminfo:
MemTotal:        8058472 kB
MemFree:          135448 kB
MemAvailable:     105972 kB
Buffers:            3780 kB
Cached:          1287296 kB
SwapCached:            0 kB
Active:          6520832 kB
Inactive:        1147672 kB
Active(anon):    6482648 kB
Inactive(anon):  1114552 kB
Active(file):      38184 kB
Inactive(file):    33120 kB
Unevictable:          32 kB
Mlocked:              32 kB
SwapTotal:             0 kB
SwapFree:              0 kB
Dirty:               624 kB
Writeback:             0 kB
AnonPages:       6377680 kB
Mapped:           649376 kB
Shmem:           1219660 kB
Slab:              96676 kB
SReclaimable:      38688 kB
SUnreclaim:        57988 kB
KernelStack:       16384 kB
PageTables:        68756 kB
NFS_Unstable:          0 kB
Bounce:                0 kB
WritebackTmp:          0 kB
CommitLimit:     4029236 kB
Committed_AS:   15193060 kB
VmallocTotal:   34359738367 kB
VmallocUsed:      390948 kB
VmallocChunk:   34358947836 kB
HardwareCorrupted:     0 kB
AnonHugePages:   3350528 kB
CmaTotal:              0 kB
CmaFree:               0 kB
HugePages_Total:       0
HugePages_Free:        0
HugePages_Rsvd:        0
HugePages_Surp:        0
Hugepagesize:       2048 kB
DirectMap4k:      221160 kB
DirectMap2M:     8050688 kB


CPU:total 8 (4 cores per cpu, 2 threads per core) family 6 model 58 stepping 9, cmov, cx8, fxsr, mmx, sse, sse2, sse3, ssse3, sse4.1, sse4.2, popcnt, avx, clmul, erms, ht, tsc, tscinvbit, tscinv

/proc/cpuinfo:
processor	: 0
vendor_id	: GenuineIntel
cpu family	: 6
model		: 58
model name	: Intel(R) Core(TM) i7-3610QM CPU @ 2.30GHz
stepping	: 9
microcode	: 0x15
cpu MHz		: 3084.335
cache size	: 6144 KB
physical id	: 0
siblings	: 8
core id		: 0
cpu cores	: 4
apicid		: 0
initial apicid	: 0
fpu		: yes
fpu_exception	: yes
cpuid level	: 13
wp		: yes
flags		: fpu vme de pse tsc msr pae mce cx8 apic sep mtrr pge mca cmov pat pse36 clflush dts acpi mmx fxsr sse sse2 ss ht tm pbe syscall nx rdtscp lm constant_tsc arch_perfmon pebs bts rep_good nopl xtopology nonstop_tsc aperfmperf eagerfpu pni pclmulqdq dtes64 monitor ds_cpl vmx est tm2 ssse3 cx16 xtpr pdcm pcid sse4_1 sse4_2 x2apic popcnt tsc_deadline_timer xsave avx f16c rdrand lahf_lm ida arat epb pln pts dtherm tpr_shadow vnmi flexpriority ept vpid fsgsbase smep erms xsaveopt
bugs		:
bogomips	: 4589.64
clflush size	: 64
cache_alignment	: 64
address sizes	: 36 bits physical, 48 bits virtual
power management:

processor	: 1
vendor_id	: GenuineIntel
cpu family	: 6
model		: 58
model name	: Intel(R) Core(TM) i7-3610QM CPU @ 2.30GHz
stepping	: 9
microcode	: 0x15
cpu MHz		: 3099.968
cache size	: 6144 KB
physical id	: 0
siblings	: 8
core id		: 1
cpu cores	: 4
apicid		: 2
initial apicid	: 2
fpu		: yes
fpu_exception	: yes
cpuid level	: 13
wp		: yes
flags		: fpu vme de pse tsc msr pae mce cx8 apic sep mtrr pge mca cmov pat pse36 clflush dts acpi mmx fxsr sse sse2 ss ht tm pbe syscall nx rdtscp lm constant_tsc arch_perfmon pebs bts rep_good nopl xtopology nonstop_tsc aperfmperf eagerfpu pni pclmulqdq dtes64 monitor ds_cpl vmx est tm2 ssse3 cx16 xtpr pdcm pcid sse4_1 sse4_2 x2apic popcnt tsc_deadline_timer xsave avx f16c rdrand lahf_lm ida arat epb pln pts dtherm tpr_shadow vnmi flexpriority ept vpid fsgsbase smep erms xsaveopt
bugs		:
bogomips	: 4589.64
clflush size	: 64
cache_alignment	: 64
address sizes	: 36 bits physical, 48 bits virtual
power management:

processor	: 2
vendor_id	: GenuineIntel
cpu family	: 6
model		: 58
model name	: Intel(R) Core(TM) i7-3610QM CPU @ 2.30GHz
stepping	: 9
microcode	: 0x15
cpu MHz		: 3112.007
cache size	: 6144 KB
physical id	: 0
siblings	: 8
core id		: 2
cpu cores	: 4
apicid		: 4
initial apicid	: 4
fpu		: yes
fpu_exception	: yes
cpuid level	: 13
wp		: yes
flags		: fpu vme de pse tsc msr pae mce cx8 apic sep mtrr pge mca cmov pat pse36 clflush dts acpi mmx fxsr sse sse2 ss ht tm pbe syscall nx rdtscp lm constant_tsc arch_perfmon pebs bts rep_good nopl xtopology nonstop_tsc aperfmperf eagerfpu pni pclmulqdq dtes64 monitor ds_cpl vmx est tm2 ssse3 cx16 xtpr pdcm pcid sse4_1 sse4_2 x2apic popcnt tsc_deadline_timer xsave avx f16c rdrand lahf_lm ida arat epb pln pts dtherm tpr_shadow vnmi flexpriority ept vpid fsgsbase smep erms xsaveopt
bugs		:
bogomips	: 4589.64
clflush size	: 64
cache_alignment	: 64
address sizes	: 36 bits physical, 48 bits virtual
power management:

processor	: 3
vendor_id	: GenuineIntel
cpu family	: 6
model		: 58
model name	: Intel(R) Core(TM) i7-3610QM CPU @ 2.30GHz
stepping	: 9
microcode	: 0x15
cpu MHz		: 3099.968
cache size	: 6144 KB
physical id	: 0
siblings	: 8
core id		: 3
cpu cores	: 4
apicid		: 6
initial apicid	: 6
fpu		: yes
fpu_exception	: yes
cpuid level	: 13
wp		: yes
flags		: fpu vme de pse tsc msr pae mce cx8 apic sep mtrr pge mca cmov pat pse36 clflush dts acpi mmx fxsr sse sse2 ss ht tm pbe syscall nx rdtscp lm constant_tsc arch_perfmon pebs bts rep_good nopl xtopology nonstop_tsc aperfmperf eagerfpu pni pclmulqdq dtes64 monitor ds_cpl vmx est tm2 ssse3 cx16 xtpr pdcm pcid sse4_1 sse4_2 x2apic popcnt tsc_deadline_timer xsave avx f16c rdrand lahf_lm ida arat epb pln pts dtherm tpr_shadow vnmi flexpriority ept vpid fsgsbase smep erms xsaveopt
bugs		:
bogomips	: 4589.64
clflush size	: 64
cache_alignment	: 64
address sizes	: 36 bits physical, 48 bits virtual
power management:

processor	: 4
vendor_id	: GenuineIntel
cpu family	: 6
model		: 58
model name	: Intel(R) Core(TM) i7-3610QM CPU @ 2.30GHz
stepping	: 9
microcode	: 0x15
cpu MHz		: 2936.542
cache size	: 6144 KB
physical id	: 0
siblings	: 8
core id		: 0
cpu cores	: 4
apicid		: 1
initial apicid	: 1
fpu		: yes
fpu_exception	: yes
cpuid level	: 13
wp		: yes
flags		: fpu vme de pse tsc msr pae mce cx8 apic sep mtrr pge mca cmov pat pse36 clflush dts acpi mmx fxsr sse sse2 ss ht tm pbe syscall nx rdtscp lm constant_tsc arch_perfmon pebs bts rep_good nopl xtopology nonstop_tsc aperfmperf eagerfpu pni pclmulqdq dtes64 monitor ds_cpl vmx est tm2 ssse3 cx16 xtpr pdcm pcid sse4_1 sse4_2 x2apic popcnt tsc_deadline_timer xsave avx f16c rdrand lahf_lm ida arat epb pln pts dtherm tpr_shadow vnmi flexpriority ept vpid fsgsbase smep erms xsaveopt
bugs		:
bogomips	: 4589.64
clflush size	: 64
cache_alignment	: 64
address sizes	: 36 bits physical, 48 bits virtual
power management:

processor	: 5
vendor_id	: GenuineIntel
cpu family	: 6
model		: 58
model name	: Intel(R) Core(TM) i7-3610QM CPU @ 2.30GHz
stepping	: 9
microcode	: 0x15
cpu MHz		: 3099.968
cache size	: 6144 KB
physical id	: 0
siblings	: 8
core id		: 1
cpu cores	: 4
apicid		: 3
initial apicid	: 3
fpu		: yes
fpu_exception	: yes
cpuid level	: 13
wp		: yes
flags		: fpu vme de pse tsc msr pae mce cx8 apic sep mtrr pge mca cmov pat pse36 clflush dts acpi mmx fxsr sse sse2 ss ht tm pbe syscall nx rdtscp lm constant_tsc arch_perfmon pebs bts rep_good nopl xtopology nonstop_tsc aperfmperf eagerfpu pni pclmulqdq dtes64 monitor ds_cpl vmx est tm2 ssse3 cx16 xtpr pdcm pcid sse4_1 sse4_2 x2apic popcnt tsc_deadline_timer xsave avx f16c rdrand lahf_lm ida arat epb pln pts dtherm tpr_shadow vnmi flexpriority ept vpid fsgsbase smep erms xsaveopt
bugs		:
bogomips	: 4589.64
clflush size	: 64
cache_alignment	: 64
address sizes	: 36 bits physical, 48 bits virtual
power management:

processor	: 6
vendor_id	: GenuineIntel
cpu family	: 6
model		: 58
model name	: Intel(R) Core(TM) i7-3610QM CPU @ 2.30GHz
stepping	: 9
microcode	: 0x15
cpu MHz		: 2838.972
cache size	: 6144 KB
physical id	: 0
siblings	: 8
core id		: 2
cpu cores	: 4
apicid		: 5
initial apicid	: 5
fpu		: yes
fpu_exception	: yes
cpuid level	: 13
wp		: yes
flags		: fpu vme de pse tsc msr pae mce cx8 apic sep mtrr pge mca cmov pat pse36 clflush dts acpi mmx fxsr sse sse2 ss ht tm pbe syscall nx rdtscp lm constant_tsc arch_perfmon pebs bts rep_good nopl xtopology nonstop_tsc aperfmperf eagerfpu pni pclmulqdq dtes64 monitor ds_cpl vmx est tm2 ssse3 cx16 xtpr pdcm pcid sse4_1 sse4_2 x2apic popcnt tsc_deadline_timer xsave avx f16c rdrand lahf_lm ida arat epb pln pts dtherm tpr_shadow vnmi flexpriority ept vpid fsgsbase smep erms xsaveopt
bugs		:
bogomips	: 4589.64
clflush size	: 64
cache_alignment	: 64
address sizes	: 36 bits physical, 48 bits virtual
power management:

processor	: 7
vendor_id	: GenuineIntel
cpu family	: 6
model		: 58
model name	: Intel(R) Core(TM) i7-3610QM CPU @ 2.30GHz
stepping	: 9
microcode	: 0x15
cpu MHz		: 3099.968
cache size	: 6144 KB
physical id	: 0
siblings	: 8
core id		: 3
cpu cores	: 4
apicid		: 7
initial apicid	: 7
fpu		: yes
fpu_exception	: yes
cpuid level	: 13
wp		: yes
flags		: fpu vme de pse tsc msr pae mce cx8 apic sep mtrr pge mca cmov pat pse36 clflush dts acpi mmx fxsr sse sse2 ss ht tm pbe syscall nx rdtscp lm constant_tsc arch_perfmon pebs bts rep_good nopl xtopology nonstop_tsc aperfmperf eagerfpu pni pclmulqdq dtes64 monitor ds_cpl vmx est tm2 ssse3 cx16 xtpr pdcm pcid sse4_1 sse4_2 x2apic popcnt tsc_deadline_timer xsave avx f16c rdrand lahf_lm ida arat epb pln pts dtherm tpr_shadow vnmi flexpriority ept vpid fsgsbase smep erms xsaveopt
bugs		:
bogomips	: 4589.64
clflush size	: 64
cache_alignment	: 64
address sizes	: 36 bits physical, 48 bits virtual
power management:



Memory: 4k page, physical 8058472k(135448k free), swap 0k(0k free)

vm_info: Java HotSpot(TM) 64-Bit Server VM (25.91-b14) for linux-amd64 JRE (1.8.0_91-b14), built on Apr  1 2016 00:57:21 by "java_re" with gcc 4.3.0 20080428 (Red Hat 4.3.0-8)

time: Sun Jun 19 20:43:10 2016
elapsed time: 4 seconds (0d 0h 0m 4s)

