#
# There is insufficient memory for the Java Runtime Environment to continue.
# Native memory allocation (mmap) failed to map 124780544 bytes for committing reserved memory.
# Possible reasons:
#   The system is out of physical RAM or swap space
#   In 32 bit mode, the process size limit was hit
# Possible solutions:
#   Reduce memory load on the system
#   Increase physical memory or swap space
#   Check if swap backing store is full
#   Use 64 bit Java on a 64 bit OS
#   Decrease Java heap size (-Xmx/-Xms)
#   Decrease number of Java threads
#   Decrease Java thread stack sizes (-Xss)
#   Set larger code cache with -XX:ReservedCodeCacheSize=
# This output file may be truncated or incomplete.
#
#  Out of Memory Error (os_linux.cpp:2627), pid=12428, tid=139820380522240
#
# JRE version: Java(TM) SE Runtime Environment (8.0_91-b14) (build 1.8.0_91-b14)
# Java VM: Java HotSpot(TM) 64-Bit Server VM (25.91-b14 mixed mode linux-amd64 compressed oops)
# Failed to write core dump. Core dumps have been disabled. To enable core dumping, try "ulimit -c unlimited" before starting Java again
#

---------------  T H R E A D  ---------------

Current thread (0x00007f2a88080000):  VMThread [stack: 0x00007f2a780d0000,0x00007f2a781d1000] [id=12442]

Stack: [0x00007f2a780d0000,0x00007f2a781d1000],  sp=0x00007f2a781cf160,  free space=1020k
Native frames: (J=compiled Java code, j=interpreted, Vv=VM code, C=native code)
V  [libjvm.so+0xabc18a]  VMError::report_and_die()+0x2ba
V  [libjvm.so+0x4fafeb]  report_vm_out_of_memory(char const*, int, unsigned long, VMErrorType, char const*)+0x8b
V  [libjvm.so+0x91cbb3]  os::Linux::commit_memory_impl(char*, unsigned long, bool)+0x103
V  [libjvm.so+0x91d109]  os::pd_commit_memory(char*, unsigned long, unsigned long, bool)+0x29
V  [libjvm.so+0x91740a]  os::commit_memory(char*, unsigned long, unsigned long, bool)+0x2a
V  [libjvm.so+0x98b033]  PSVirtualSpace::expand_by(unsigned long)+0x53
V  [libjvm.so+0x97b920]  PSOldGen::expand(unsigned long)+0x170
V  [libjvm.so+0x97bb2b]  PSOldGen::resize(unsigned long)+0x1cb
V  [libjvm.so+0x983801]  PSParallelCompact::invoke_no_policy(bool)+0x991
V  [libjvm.so+0x98915d]  PSScavenge::invoke()+0x1ad
V  [libjvm.so+0x9408b0]  ParallelScavengeHeap::failed_mem_allocate(unsigned long)+0x70
V  [libjvm.so+0xabdba7]  VM_ParallelGCFailedAllocation::doit()+0x97
V  [libjvm.so+0xac55d5]  VM_Operation::evaluate()+0x55
V  [libjvm.so+0xac39aa]  VMThread::evaluate_operation(VM_Operation*)+0xba
V  [libjvm.so+0xac3d2e]  VMThread::loop()+0x1ce
V  [libjvm.so+0xac41a0]  VMThread::run()+0x70
V  [libjvm.so+0x91ef78]  java_start(Thread*)+0x108

VM_Operation (0x00007f2a54ba5e90): ParallelGCFailedAllocation, mode: safepoint, requested by thread 0x00007f2a88261800


---------------  P R O C E S S  ---------------

Java Threads: ( => current thread )
  0x00007f2a88263800 JavaThread "pool-2-thread-4" [_thread_blocked, id=12456, stack(0x00007f2a549a6000,0x00007f2a54aa7000)]
  0x00007f2a88261800 JavaThread "pool-2-thread-3" [_thread_blocked, id=12455, stack(0x00007f2a54aa7000,0x00007f2a54ba8000)]
  0x00007f2a8825f800 JavaThread "pool-2-thread-2" [_thread_blocked, id=12454, stack(0x00007f2a54ba8000,0x00007f2a54ca9000)]
  0x00007f2a8825e800 JavaThread "pool-3-thread-1" [_thread_blocked, id=12453, stack(0x00007f2a54ca9000,0x00007f2a54daa000)]
  0x00007f2a88204800 JavaThread "pool-2-thread-1" [_thread_blocked, id=12452, stack(0x00007f2a54daa000,0x00007f2a54eab000)]
  0x00007f2a880d4000 JavaThread "Service Thread" daemon [_thread_blocked, id=12450, stack(0x00007f2a54fac000,0x00007f2a550ad000)]
  0x00007f2a880c8800 JavaThread "C1 CompilerThread3" daemon [_thread_blocked, id=12449, stack(0x00007f2a550ad000,0x00007f2a551ae000)]
  0x00007f2a880c6800 JavaThread "C2 CompilerThread2" daemon [_thread_in_native, id=12448, stack(0x00007f2a551ae000,0x00007f2a552af000)]
  0x00007f2a880c5000 JavaThread "C2 CompilerThread1" daemon [_thread_blocked, id=12447, stack(0x00007f2a552af000,0x00007f2a553b0000)]
  0x00007f2a880c2000 JavaThread "C2 CompilerThread0" daemon [_thread_blocked, id=12446, stack(0x00007f2a553b0000,0x00007f2a554b1000)]
  0x00007f2a880c0800 JavaThread "Signal Dispatcher" daemon [_thread_blocked, id=12445, stack(0x00007f2a554b1000,0x00007f2a555b2000)]
  0x00007f2a8808c800 JavaThread "Finalizer" daemon [_thread_blocked, id=12444, stack(0x00007f2a55dfe000,0x00007f2a55eff000)]
  0x00007f2a88087800 JavaThread "Reference Handler" daemon [_thread_blocked, id=12443, stack(0x00007f2a55eff000,0x00007f2a56000000)]
  0x00007f2a8800a000 JavaThread "main" [_thread_blocked, id=12433, stack(0x00007f2a91823000,0x00007f2a91924000)]

Other Threads:
=>0x00007f2a88080000 VMThread [stack: 0x00007f2a780d0000,0x00007f2a781d1000] [id=12442]
  0x00007f2a880d6800 WatcherThread [stack: 0x00007f2a54eab000,0x00007f2a54fac000] [id=12451]

VM state:at safepoint (normal execution)

VM Mutex/Monitor currently owned by a thread:  ([mutex/lock_event])
[0x00007f2a88005f30] ExpandHeap_lock - owner thread: 0x00007f2a88080000
[0x00007f2a880065b0] Threads_lock - owner thread: 0x00007f2a88080000
[0x00007f2a88006ab0] Heap_lock - owner thread: 0x00007f2a88261800

Heap:
 PSYoungGen      total 222208K, used 25265K [0x00000000eab00000, 0x0000000100000000, 0x0000000100000000)
  eden space 167936K, 0% used [0x00000000eab00000,0x00000000eab00000,0x00000000f4f00000)
  from space 54272K, 46% used [0x00000000fcb00000,0x00000000fe3ac6c0,0x0000000100000000)
  to   space 90624K, 0% used [0x00000000f4f00000,0x00000000f4f00000,0x00000000fa780000)
 ParOldGen       total 163328K, used 163129K [0x00000000c0000000, 0x00000000c9f80000, 0x00000000eab00000)
  object space 163328K, 99% used [0x00000000c0000000,0x00000000c9f4e750,0x00000000c9f80000)
 Metaspace       used 6558K, capacity 7320K, committed 7680K, reserved 1056768K
  class space    used 615K, capacity 656K, committed 768K, reserved 1048576K

Card table byte_map: [0x00007f2a8e3e5000,0x00007f2a8e5e6000] byte_map_base: 0x00007f2a8dde5000

Marking Bits: (ParMarkBitMap*) 0x00007f2a90cfbd60
 Begin Bits: [0x00007f2a56000000, 0x00007f2a57000000)
 End Bits:   [0x00007f2a57000000, 0x00007f2a58000000)

Polling page: 0x00007f2a91944000

CodeCache: size=245760Kb used=10107Kb max_used=10107Kb free=235652Kb
 bounds [0x00007f2a79000000, 0x00007f2a799f0000, 0x00007f2a88000000]
 total_blobs=2640 nmethods=2371 adapters=182
 compilation: enabled

Compilation events (10 events):
Event: 3,970 Thread 0x00007f2a880c8800 nmethod 2578 0x00007f2a799b2910 code [0x00007f2a799b2a80, 0x00007f2a799b2c90]
Event: 3,982 Thread 0x00007f2a880c8800 2579       3       com.android.dx.ssa.SsaBasicBlock::replaceSuccessor (125 bytes)
Event: 3,983 Thread 0x00007f2a880c8800 nmethod 2579 0x00007f2a799b0210 code [0x00007f2a799b04a0, 0x00007f2a799b12b8]
Event: 3,984 Thread 0x00007f2a880c8800 2580 % !   3       com.android.dx.cf.code.RopperMachine::run @ 247 (1550 bytes)
Event: 4,007 Thread 0x00007f2a880c8800 nmethod 2580% 0x00007f2a799d0710 code [0x00007f2a799d1960, 0x00007f2a799e0648]
Event: 4,007 Thread 0x00007f2a880c8800 2581       2       sun.reflect.generics.reflectiveObjects.ParameterizedTypeImpl::getRawType (5 bytes)
Event: 4,007 Thread 0x00007f2a880c8800 nmethod 2581 0x00007f2a799b25d0 code [0x00007f2a799b2720, 0x00007f2a799b2870]
Event: 4,007 Thread 0x00007f2a880c8800 2582       2       sun.reflect.generics.reflectiveObjects.ParameterizedTypeImpl::getActualTypeArguments (11 bytes)
Event: 4,007 Thread 0x00007f2a880c8800 nmethod 2582 0x00007f2a799afe10 code [0x00007f2a799aff80, 0x00007f2a799b0148]
Event: 4,010 Thread 0x00007f2a880c8800 2583   !   3       com.android.dx.cf.code.RopperMachine::run (1550 bytes)

GC Heap History (10 events):
Event: 2,160 GC heap after
Heap after GC invocations=7 (full 0):
 PSYoungGen      total 282112K, used 29683K [0x00000000eab00000, 0x0000000100000000, 0x0000000100000000)
  eden space 252416K, 0% used [0x00000000eab00000,0x00000000eab00000,0x00000000fa180000)
  from space 29696K, 99% used [0x00000000fa180000,0x00000000fbe7ce38,0x00000000fbe80000)
  to   space 48128K, 0% used [0x00000000fd100000,0x00000000fd100000,0x0000000100000000)
 ParOldGen       total 84992K, used 63992K [0x00000000c0000000, 0x00000000c5300000, 0x00000000eab00000)
  object space 84992K, 75% used [0x00000000c0000000,0x00000000c3e7e3a8,0x00000000c5300000)
 Metaspace       used 6516K, capacity 7256K, committed 7424K, reserved 1056768K
  class space    used 615K, capacity 656K, committed 768K, reserved 1048576K
}
Event: 2,160 GC heap before
{Heap before GC invocations=8 (full 1):
 PSYoungGen      total 282112K, used 29683K [0x00000000eab00000, 0x0000000100000000, 0x0000000100000000)
  eden space 252416K, 0% used [0x00000000eab00000,0x00000000eab00000,0x00000000fa180000)
  from space 29696K, 99% used [0x00000000fa180000,0x00000000fbe7ce38,0x00000000fbe80000)
  to   space 48128K, 0% used [0x00000000fd100000,0x00000000fd100000,0x0000000100000000)
 ParOldGen       total 84992K, used 63992K [0x00000000c0000000, 0x00000000c5300000, 0x00000000eab00000)
  object space 84992K, 75% used [0x00000000c0000000,0x00000000c3e7e3a8,0x00000000c5300000)
 Metaspace       used 6516K, capacity 7256K, committed 7424K, reserved 1056768K
  class space    used 615K, capacity 656K, committed 768K, reserved 1048576K
Event: 2,480 GC heap after
Heap after GC invocations=8 (full 1):
 PSYoungGen      total 282112K, used 3035K [0x00000000eab00000, 0x0000000100000000, 0x0000000100000000)
  eden space 252416K, 0% used [0x00000000eab00000,0x00000000eab00000,0x00000000fa180000)
  from space 29696K, 10% used [0x00000000fa180000,0x00000000fa476f30,0x00000000fbe80000)
  to   space 48128K, 0% used [0x00000000fd100000,0x00000000fd100000,0x0000000100000000)
 ParOldGen       total 163328K, used 84775K [0x00000000c0000000, 0x00000000c9f80000, 0x00000000eab00000)
  object space 163328K, 51% used [0x00000000c0000000,0x00000000c52c9df0,0x00000000c9f80000)
 Metaspace       used 6516K, capacity 7256K, committed 7424K, reserved 1056768K
  class space    used 615K, capacity 656K, committed 768K, reserved 1048576K
}
Event: 2,974 GC heap before
{Heap before GC invocations=9 (full 1):
 PSYoungGen      total 282112K, used 255451K [0x00000000eab00000, 0x0000000100000000, 0x0000000100000000)
  eden space 252416K, 100% used [0x00000000eab00000,0x00000000fa180000,0x00000000fa180000)
  from space 29696K, 10% used [0x00000000fa180000,0x00000000fa476f30,0x00000000fbe80000)
  to   space 48128K, 0% used [0x00000000fd100000,0x00000000fd100000,0x0000000100000000)
 ParOldGen       total 163328K, used 84775K [0x00000000c0000000, 0x00000000c9f80000, 0x00000000eab00000)
  object space 163328K, 51% used [0x00000000c0000000,0x00000000c52c9df0,0x00000000c9f80000)
 Metaspace       used 6543K, capacity 7320K, committed 7680K, reserved 1056768K
  class space    used 615K, capacity 656K, committed 768K, reserved 1048576K
Event: 3,033 GC heap after
Heap after GC invocations=9 (full 1):
 PSYoungGen      total 288768K, used 40926K [0x00000000eab00000, 0x0000000100000000, 0x0000000100000000)
  eden space 240640K, 0% used [0x00000000eab00000,0x00000000eab00000,0x00000000f9600000)
  from space 48128K, 85% used [0x00000000fd100000,0x00000000ff8f7908,0x0000000100000000)
  to   space 54272K, 0% used [0x00000000f9600000,0x00000000f9600000,0x00000000fcb00000)
 ParOldGen       total 163328K, used 84847K [0x00000000c0000000, 0x00000000c9f80000, 0x00000000eab00000)
  object space 163328K, 51% used [0x00000000c0000000,0x00000000c52dbdf0,0x00000000c9f80000)
 Metaspace       used 6543K, capacity 7320K, committed 7680K, reserved 1056768K
  class space    used 615K, capacity 656K, committed 768K, reserved 1048576K
}
Event: 3,508 GC heap before
{Heap before GC invocations=10 (full 1):
 PSYoungGen      total 288768K, used 281566K [0x00000000eab00000, 0x0000000100000000, 0x0000000100000000)
  eden space 240640K, 100% used [0x00000000eab00000,0x00000000f9600000,0x00000000f9600000)
  from space 48128K, 85% used [0x00000000fd100000,0x00000000ff8f7908,0x0000000100000000)
  to   space 54272K, 0% used [0x00000000f9600000,0x00000000f9600000,0x00000000fcb00000)
 ParOldGen       total 163328K, used 84847K [0x00000000c0000000, 0x00000000c9f80000, 0x00000000eab00000)
  object space 163328K, 51% used [0x00000000c0000000,0x00000000c52dbdf0,0x00000000c9f80000)
 Metaspace       used 6547K, capacity 7320K, committed 7680K, reserved 1056768K
  class space    used 615K, capacity 656K, committed 768K, reserved 1048576K
Event: 3,573 GC heap after
Heap after GC invocations=10 (full 1):
 PSYoungGen      total 294912K, used 54265K [0x00000000eab00000, 0x0000000100000000, 0x0000000100000000)
  eden space 240640K, 0% used [0x00000000eab00000,0x00000000eab00000,0x00000000f9600000)
  from space 54272K, 99% used [0x00000000f9600000,0x00000000fcafe528,0x00000000fcb00000)
  to   space 54272K, 0% used [0x00000000fcb00000,0x00000000fcb00000,0x0000000100000000)
 ParOldGen       total 163328K, used 105654K [0x00000000c0000000, 0x00000000c9f80000, 0x00000000eab00000)
  object space 163328K, 64% used [0x00000000c0000000,0x00000000c672d8b8,0x00000000c9f80000)
 Metaspace       used 6547K, capacity 7320K, committed 7680K, reserved 1056768K
  class space    used 615K, capacity 656K, committed 768K, reserved 1048576K
}
Event: 4,024 GC heap before
{Heap before GC invocations=11 (full 1):
 PSYoungGen      total 294912K, used 294905K [0x00000000eab00000, 0x0000000100000000, 0x0000000100000000)
  eden space 240640K, 100% used [0x00000000eab00000,0x00000000f9600000,0x00000000f9600000)
  from space 54272K, 99% used [0x00000000f9600000,0x00000000fcafe528,0x00000000fcb00000)
  to   space 54272K, 0% used [0x00000000fcb00000,0x00000000fcb00000,0x0000000100000000)
 ParOldGen       total 163328K, used 105654K [0x00000000c0000000, 0x00000000c9f80000, 0x00000000eab00000)
  object space 163328K, 64% used [0x00000000c0000000,0x00000000c672d8b8,0x00000000c9f80000)
 Metaspace       used 6558K, capacity 7320K, committed 7680K, reserved 1056768K
  class space    used 615K, capacity 656K, committed 768K, reserved 1048576K
Event: 4,104 GC heap after
Heap after GC invocations=11 (full 1):
 PSYoungGen      total 222208K, used 54265K [0x00000000eab00000, 0x0000000100000000, 0x0000000100000000)
  eden space 167936K, 0% used [0x00000000eab00000,0x00000000eab00000,0x00000000f4f00000)
  from space 54272K, 99% used [0x00000000fcb00000,0x00000000ffffe658,0x0000000100000000)
  to   space 90624K, 0% used [0x00000000f4f00000,0x00000000f4f00000,0x00000000fa780000)
 ParOldGen       total 163328K, used 140376K [0x00000000c0000000, 0x00000000c9f80000, 0x00000000eab00000)
  object space 163328K, 85% used [0x00000000c0000000,0x00000000c8916200,0x00000000c9f80000)
 Metaspace       used 6558K, capacity 7320K, committed 7680K, reserved 1056768K
  class space    used 615K, capacity 656K, committed 768K, reserved 1048576K
}
Event: 4,104 GC heap before
{Heap before GC invocations=12 (full 2):
 PSYoungGen      total 222208K, used 54265K [0x00000000eab00000, 0x0000000100000000, 0x0000000100000000)
  eden space 167936K, 0% used [0x00000000eab00000,0x00000000eab00000,0x00000000f4f00000)
  from space 54272K, 99% used [0x00000000fcb00000,0x00000000ffffe658,0x0000000100000000)
  to   space 90624K, 0% used [0x00000000f4f00000,0x00000000f4f00000,0x00000000fa780000)
 ParOldGen       total 163328K, used 140376K [0x00000000c0000000, 0x00000000c9f80000, 0x00000000eab00000)
  object space 163328K, 85% used [0x00000000c0000000,0x00000000c8916200,0x00000000c9f80000)
 Metaspace       used 6558K, capacity 7320K, committed 7680K, reserved 1056768K
  class space    used 615K, capacity 656K, committed 768K, reserved 1048576K

Deoptimization events (10 events):
Event: 1,925 Thread 0x00007f2a88204800 Uncommon trap: reason=unstable_if action=reinterpret pc=0x00007f2a797f52f8 method=com.android.dx.cf.code.BaseMachine.getLocalTarget(Z)Lcom/android/dx/rop/code/RegisterSpec; @ 131
Event: 2,607 Thread 0x00007f2a88204800 Uncommon trap: reason=unstable_if action=reinterpret pc=0x00007f2a792b7a98 method=com.android.dx.ssa.SsaMethod.getExitBlock()Lcom/android/dx/ssa/SsaBasicBlock; @ 4
Event: 2,733 Thread 0x00007f2a88261800 Uncommon trap: reason=unstable_if action=reinterpret pc=0x00007f2a798612e8 method=com.android.dx.rop.code.LocalVariableExtractor.processBlock(I)V @ 208
Event: 3,137 Thread 0x00007f2a8800a000 Uncommon trap: reason=unstable_if action=reinterpret pc=0x00007f2a797e8b2c method=java.util.HashMap.putVal(ILjava/lang/Object;Ljava/lang/Object;ZZ)Ljava/lang/Object; @ 109
Event: 3,315 Thread 0x00007f2a88261800 Uncommon trap: reason=unstable_if action=reinterpret pc=0x00007f2a798faaa8 method=com.android.dx.ssa.SCCP.simulateBranch(Lcom/android/dx/ssa/SsaInsn;)V @ 140
Event: 3,370 Thread 0x00007f2a8825f800 Uncommon trap: reason=unstable_if action=reinterpret pc=0x00007f2a798e40e8 method=com.android.dx.rop.cst.CstNat.equals(Ljava/lang/Object;)Z @ 25
Event: 3,435 Thread 0x00007f2a8800a000 Uncommon trap: reason=bimorphic action=maybe_recompile pc=0x00007f2a7984342c method=com.android.dx.cf.code.BytecodeArray.parseInstruction(ILcom/android/dx/cf/code/BytecodeArray$Visitor;)I @ 2554
Event: 3,435 Thread 0x00007f2a8800a000 Uncommon trap: reason=bimorphic action=maybe_recompile pc=0x00007f2a7984342c method=com.android.dx.cf.code.BytecodeArray.parseInstruction(ILcom/android/dx/cf/code/BytecodeArray$Visitor;)I @ 2554
Event: 3,495 Thread 0x00007f2a8800a000 Uncommon trap: reason=unstable_if action=reinterpret pc=0x00007f2a79845954 method=com.android.dx.cf.code.ByteCatchList.listFor(I)Lcom/android/dx/cf/code/ByteCatchList; @ 47
Event: 3,641 Thread 0x00007f2a88261800 Uncommon trap: reason=unstable_if action=reinterpret pc=0x00007f2a799613e4 method=com.android.dx.ssa.SsaBasicBlock.scheduleMovesFromPhis()V @ 63

Internal exceptions (7 events):
Event: 0,021 Thread 0x00007f2a8800a000 Exception <a 'java/lang/NoSuchMethodError': Method sun.misc.Unsafe.defineClass(Ljava/lang/String;[BII)Ljava/lang/Class; name or signature does not match> (0x00000000eab07cc0) thrown at [/HUDSON/workspace/8-2-build-linux-amd64/jdk8u91/6644/hotspot/src/shar
Event: 0,021 Thread 0x00007f2a8800a000 Exception <a 'java/lang/NoSuchMethodError': Method sun.misc.Unsafe.prefetchRead(Ljava/lang/Object;J)V name or signature does not match> (0x00000000eab07fa8) thrown at [/HUDSON/workspace/8-2-build-linux-amd64/jdk8u91/6644/hotspot/src/share/vm/prims/jni.cpp
Event: 0,615 Thread 0x00007f2a8800a000 Implicit null exception at 0x00007f2a79303e67 to 0x00007f2a79306215
Event: 1,120 Thread 0x00007f2a8825f800 Exception <a 'java/lang/ArrayIndexOutOfBoundsException': 18> (0x00000000ef0b1518) thrown at [/HUDSON/workspace/8-2-build-linux-amd64/jdk8u91/6644/hotspot/src/share/vm/interpreter/interpreterRuntime.cpp, line 366]
Event: 1,120 Thread 0x00007f2a8825f800 Exception <a 'java/lang/ArrayIndexOutOfBoundsException': 145> (0x00000000ef0b3098) thrown at [/HUDSON/workspace/8-2-build-linux-amd64/jdk8u91/6644/hotspot/src/share/vm/interpreter/interpreterRuntime.cpp, line 366]
Event: 1,121 Thread 0x00007f2a8825f800 Exception <a 'java/lang/ArrayIndexOutOfBoundsException': 40> (0x00000000ef0b4380) thrown at [/HUDSON/workspace/8-2-build-linux-amd64/jdk8u91/6644/hotspot/src/share/vm/interpreter/interpreterRuntime.cpp, line 366]
Event: 1,548 Thread 0x00007f2a88261800 Implicit null exception at 0x00007f2a793843b2 to 0x00007f2a79384529

Events (10 events):
Event: 4,004 Thread 0x00007f2a8825f800 DEOPT UNPACKING pc=0x00007f2a79047633 sp=0x00007f2a54ca6f10 mode 0
Event: 4,007 Thread 0x00007f2a88263800 DEOPT PACKING pc=0x00007f2a7931b8c5 sp=0x00007f2a54aa4340
Event: 4,007 Thread 0x00007f2a88263800 DEOPT UNPACKING pc=0x00007f2a79047633 sp=0x00007f2a54aa4470 mode 0
Event: 4,009 Thread 0x00007f2a88263800 DEOPT PACKING pc=0x00007f2a795544e1 sp=0x00007f2a54aa4f10
Event: 4,009 Thread 0x00007f2a88263800 DEOPT UNPACKING pc=0x00007f2a79047633 sp=0x00007f2a54aa4d60 mode 0
Event: 4,010 Thread 0x00007f2a88261800 DEOPT PACKING pc=0x00007f2a79262328 sp=0x00007f2a54ba5350
Event: 4,010 Thread 0x00007f2a88261800 DEOPT UNPACKING pc=0x00007f2a79047633 sp=0x00007f2a54ba5090 mode 0
Event: 4,020 Thread 0x00007f2a8800a000 DEOPT PACKING pc=0x00007f2a79262328 sp=0x00007f2a91920be0
Event: 4,020 Thread 0x00007f2a8800a000 DEOPT UNPACKING pc=0x00007f2a79047633 sp=0x00007f2a91920920 mode 0
Event: 4,020 Executing VM operation: ParallelGCFailedAllocation


Dynamic libraries:
00400000-00401000 r-xp 00000000 08:04 1184221                            /usr/lib/jvm/java-8-oracle/bin/java
00600000-00601000 rw-p 00000000 08:04 1184221                            /usr/lib/jvm/java-8-oracle/bin/java
01f18000-01f39000 rw-p 00000000 00:00 0                                  [heap]
c0000000-c9f80000 rw-p 00000000 00:00 0 
d1680000-eab00000 ---p 00000000 00:00 0 
eab00000-100000000 rw-p 00000000 00:00 0 
100000000-1000c0000 rw-p 00000000 00:00 0 
1000c0000-140000000 ---p 00000000 00:00 0 
7f2a18000000-7f2a18028000 rw-p 00000000 00:00 0 
7f2a18028000-7f2a1c000000 ---p 00000000 00:00 0 
7f2a1c000000-7f2a1c029000 rw-p 00000000 00:00 0 
7f2a1c029000-7f2a20000000 ---p 00000000 00:00 0 
7f2a20000000-7f2a20021000 rw-p 00000000 00:00 0 
7f2a20021000-7f2a24000000 ---p 00000000 00:00 0 
7f2a24000000-7f2a24042000 rw-p 00000000 00:00 0 
7f2a24042000-7f2a28000000 ---p 00000000 00:00 0 
7f2a28000000-7f2a28021000 rw-p 00000000 00:00 0 
7f2a28021000-7f2a2c000000 ---p 00000000 00:00 0 
7f2a2c000000-7f2a2c068000 rw-p 00000000 00:00 0 
7f2a2c068000-7f2a30000000 ---p 00000000 00:00 0 
7f2a30000000-7f2a30dd9000 rw-p 00000000 00:00 0 
7f2a30dd9000-7f2a34000000 ---p 00000000 00:00 0 
7f2a34000000-7f2a34021000 rw-p 00000000 00:00 0 
7f2a34021000-7f2a38000000 ---p 00000000 00:00 0 
7f2a38000000-7f2a38f94000 rw-p 00000000 00:00 0 
7f2a38f94000-7f2a3c000000 ---p 00000000 00:00 0 
7f2a3c000000-7f2a3cc53000 rw-p 00000000 00:00 0 
7f2a3cc53000-7f2a40000000 ---p 00000000 00:00 0 
7f2a40000000-7f2a40021000 rw-p 00000000 00:00 0 
7f2a40021000-7f2a44000000 ---p 00000000 00:00 0 
7f2a44000000-7f2a44ed5000 rw-p 00000000 00:00 0 
7f2a44ed5000-7f2a48000000 ---p 00000000 00:00 0 
7f2a48000000-7f2a48021000 rw-p 00000000 00:00 0 
7f2a48021000-7f2a4c000000 ---p 00000000 00:00 0 
7f2a4c000000-7f2a4c021000 rw-p 00000000 00:00 0 
7f2a4c021000-7f2a50000000 ---p 00000000 00:00 0 
7f2a50000000-7f2a5028d000 rw-p 00000000 00:00 0 
7f2a5028d000-7f2a54000000 ---p 00000000 00:00 0 
7f2a549a6000-7f2a549a9000 ---p 00000000 00:00 0 
7f2a549a9000-7f2a54aa7000 rw-p 00000000 00:00 0 
7f2a54aa7000-7f2a54aaa000 ---p 00000000 00:00 0 
7f2a54aaa000-7f2a54ba8000 rw-p 00000000 00:00 0 
7f2a54ba8000-7f2a54bab000 ---p 00000000 00:00 0 
7f2a54bab000-7f2a54ca9000 rw-p 00000000 00:00 0 
7f2a54ca9000-7f2a54cac000 ---p 00000000 00:00 0 
7f2a54cac000-7f2a54daa000 rw-p 00000000 00:00 0 
7f2a54daa000-7f2a54dad000 ---p 00000000 00:00 0 
7f2a54dad000-7f2a54eab000 rw-p 00000000 00:00 0 
7f2a54eab000-7f2a54eac000 ---p 00000000 00:00 0 
7f2a54eac000-7f2a54fac000 rw-p 00000000 00:00 0 
7f2a54fac000-7f2a54faf000 ---p 00000000 00:00 0 
7f2a54faf000-7f2a550ad000 rw-p 00000000 00:00 0 
7f2a550ad000-7f2a550b0000 ---p 00000000 00:00 0 
7f2a550b0000-7f2a551ae000 rw-p 00000000 00:00 0 
7f2a551ae000-7f2a551b1000 ---p 00000000 00:00 0 
7f2a551b1000-7f2a552af000 rw-p 00000000 00:00 0 
7f2a552af000-7f2a552b2000 ---p 00000000 00:00 0 
7f2a552b2000-7f2a553b0000 rw-p 00000000 00:00 0 
7f2a553b0000-7f2a553b3000 ---p 00000000 00:00 0 
7f2a553b3000-7f2a554b1000 rw-p 00000000 00:00 0 
7f2a554b1000-7f2a554b4000 ---p 00000000 00:00 0 
7f2a554b4000-7f2a555b2000 rw-p 00000000 00:00 0 
7f2a555b2000-7f2a55dfe000 r--p 00000000 08:04 531399                     /usr/lib/locale/locale-archive
7f2a55dfe000-7f2a55e01000 ---p 00000000 00:00 0 
7f2a55e01000-7f2a55eff000 rw-p 00000000 00:00 0 
7f2a55eff000-7f2a55f02000 ---p 00000000 00:00 0 
7f2a55f02000-7f2a58000000 rw-p 00000000 00:00 0 
7f2a58000000-7f2a58021000 rw-p 00000000 00:00 0 
7f2a58021000-7f2a5c000000 ---p 00000000 00:00 0 
7f2a5c000000-7f2a5c021000 rw-p 00000000 00:00 0 
7f2a5c021000-7f2a60000000 ---p 00000000 00:00 0 
7f2a60000000-7f2a60021000 rw-p 00000000 00:00 0 
7f2a60021000-7f2a64000000 ---p 00000000 00:00 0 
7f2a64000000-7f2a64021000 rw-p 00000000 00:00 0 
7f2a64021000-7f2a68000000 ---p 00000000 00:00 0 
7f2a68000000-7f2a68021000 rw-p 00000000 00:00 0 
7f2a68021000-7f2a6c000000 ---p 00000000 00:00 0 
7f2a6c000000-7f2a6c021000 rw-p 00000000 00:00 0 
7f2a6c021000-7f2a70000000 ---p 00000000 00:00 0 
7f2a70000000-7f2a70021000 rw-p 00000000 00:00 0 
7f2a70021000-7f2a74000000 ---p 00000000 00:00 0 
7f2a74000000-7f2a74021000 rw-p 00000000 00:00 0 
7f2a74021000-7f2a78000000 ---p 00000000 00:00 0 
7f2a7809a000-7f2a780d0000 r--s 002b1000 08:04 422315                     /home/ankoma88/AndroidStudioProjects/RatesChart/app/build/intermediates/transforms/jarMerging/debug/jars/1/1f/combined.jar
7f2a780d0000-7f2a780d1000 ---p 00000000 00:00 0 
7f2a780d1000-7f2a79000000 rw-p 00000000 00:00 0 
7f2a79000000-7f2a799f0000 rwxp 00000000 00:00 0 
7f2a799f0000-7f2a88000000 ---p 00000000 00:00 0 
7f2a88000000-7f2a883a6000 rw-p 00000000 00:00 0 
7f2a883a6000-7f2a8c000000 ---p 00000000 00:00 0 
7f2a8c016000-7f2a8ce38000 rw-p 00000000 00:00 0 
7f2a8ce38000-7f2a8d011000 r--s 03d1f000 08:04 802413                     /usr/lib/jvm/java-8-oracle/jre/lib/rt.jar
7f2a8d011000-7f2a8d747000 rw-p 00000000 00:00 0 
7f2a8d747000-7f2a8d887000 ---p 00000000 00:00 0 
7f2a8d887000-7f2a8da87000 rw-p 00000000 00:00 0 
7f2a8da87000-7f2a8da88000 ---p 00000000 00:00 0 
7f2a8da88000-7f2a8db88000 rw-p 00000000 00:00 0 
7f2a8db88000-7f2a8db89000 ---p 00000000 00:00 0 
7f2a8db89000-7f2a8dc89000 rw-p 00000000 00:00 0 
7f2a8dc89000-7f2a8dc8a000 ---p 00000000 00:00 0 
7f2a8dc8a000-7f2a8dd8a000 rw-p 00000000 00:00 0 
7f2a8dd8a000-7f2a8dd8b000 ---p 00000000 00:00 0 
7f2a8dd8b000-7f2a8de8b000 rw-p 00000000 00:00 0 
7f2a8de8b000-7f2a8de8c000 ---p 00000000 00:00 0 
7f2a8de8c000-7f2a8df8c000 rw-p 00000000 00:00 0 
7f2a8df8c000-7f2a8df8d000 ---p 00000000 00:00 0 
7f2a8df8d000-7f2a8e08d000 rw-p 00000000 00:00 0 
7f2a8e08d000-7f2a8e08e000 ---p 00000000 00:00 0 
7f2a8e08e000-7f2a8e18e000 rw-p 00000000 00:00 0 
7f2a8e18e000-7f2a8e18f000 ---p 00000000 00:00 0 
7f2a8e18f000-7f2a8e2df000 rw-p 00000000 00:00 0 
7f2a8e2df000-7f2a8e3e5000 ---p 00000000 00:00 0 
7f2a8e3e5000-7f2a8e435000 rw-p 00000000 00:00 0 
7f2a8e435000-7f2a8e53a000 ---p 00000000 00:00 0 
7f2a8e53a000-7f2a8e5e5000 rw-p 00000000 00:00 0 
7f2a8e5e5000-7f2a8e60e000 rw-p 00000000 00:00 0 
7f2a8e60e000-7f2a8e9a6000 ---p 00000000 00:00 0 
7f2a8e9a6000-7f2a8e9c0000 r-xp 00000000 08:04 1054389                    /usr/lib/jvm/java-8-oracle/jre/lib/amd64/libzip.so
7f2a8e9c0000-7f2a8ebc0000 ---p 0001a000 08:04 1054389                    /usr/lib/jvm/java-8-oracle/jre/lib/amd64/libzip.so
7f2a8ebc0000-7f2a8ebc1000 rw-p 0001a000 08:04 1054389                    /usr/lib/jvm/java-8-oracle/jre/lib/amd64/libzip.so
7f2a8ebc1000-7f2a8ebcb000 r-xp 00000000 08:04 270973                     /lib/x86_64-linux-gnu/libnss_files-2.19.so
7f2a8ebcb000-7f2a8edca000 ---p 0000a000 08:04 270973                     /lib/x86_64-linux-gnu/libnss_files-2.19.so
7f2a8edca000-7f2a8edcb000 r--p 00009000 08:04 270973                     /lib/x86_64-linux-gnu/libnss_files-2.19.so
7f2a8edcb000-7f2a8edcc000 rw-p 0000a000 08:04 270973                     /lib/x86_64-linux-gnu/libnss_files-2.19.so
7f2a8edcc000-7f2a8edd7000 r-xp 00000000 08:04 270961                     /lib/x86_64-linux-gnu/libnss_nis-2.19.so
7f2a8edd7000-7f2a8efd6000 ---p 0000b000 08:04 270961                     /lib/x86_64-linux-gnu/libnss_nis-2.19.so
7f2a8efd6000-7f2a8efd7000 r--p 0000a000 08:04 270961                     /lib/x86_64-linux-gnu/libnss_nis-2.19.so
7f2a8efd7000-7f2a8efd8000 rw-p 0000b000 08:04 270961                     /lib/x86_64-linux-gnu/libnss_nis-2.19.so
7f2a8efd8000-7f2a8efef000 r-xp 00000000 08:04 270957                     /lib/x86_64-linux-gnu/libnsl-2.19.so
7f2a8efef000-7f2a8f1ee000 ---p 00017000 08:04 270957                     /lib/x86_64-linux-gnu/libnsl-2.19.so
7f2a8f1ee000-7f2a8f1ef000 r--p 00016000 08:04 270957                     /lib/x86_64-linux-gnu/libnsl-2.19.so
7f2a8f1ef000-7f2a8f1f0000 rw-p 00017000 08:04 270957                     /lib/x86_64-linux-gnu/libnsl-2.19.so
7f2a8f1f0000-7f2a8f1f2000 rw-p 00000000 00:00 0 
7f2a8f1f2000-7f2a8f1fb000 r-xp 00000000 08:04 270956                     /lib/x86_64-linux-gnu/libnss_compat-2.19.so
7f2a8f1fb000-7f2a8f3fa000 ---p 00009000 08:04 270956                     /lib/x86_64-linux-gnu/libnss_compat-2.19.so
7f2a8f3fa000-7f2a8f3fb000 r--p 00008000 08:04 270956                     /lib/x86_64-linux-gnu/libnss_compat-2.19.so
7f2a8f3fb000-7f2a8f3fc000 rw-p 00009000 08:04 270956                     /lib/x86_64-linux-gnu/libnss_compat-2.19.so
7f2a8f3fc000-7f2a8f426000 r-xp 00000000 08:04 1054391                    /usr/lib/jvm/java-8-oracle/jre/lib/amd64/libjava.so
7f2a8f426000-7f2a8f626000 ---p 0002a000 08:04 1054391                    /usr/lib/jvm/java-8-oracle/jre/lib/amd64/libjava.so
7f2a8f626000-7f2a8f628000 rw-p 0002a000 08:04 1054391                    /usr/lib/jvm/java-8-oracle/jre/lib/amd64/libjava.so
7f2a8f628000-7f2a8f635000 r-xp 00000000 08:04 1057088                    /usr/lib/jvm/java-8-oracle/jre/lib/amd64/libverify.so
7f2a8f635000-7f2a8f835000 ---p 0000d000 08:04 1057088                    /usr/lib/jvm/java-8-oracle/jre/lib/amd64/libverify.so
7f2a8f835000-7f2a8f837000 rw-p 0000d000 08:04 1057088                    /usr/lib/jvm/java-8-oracle/jre/lib/amd64/libverify.so
7f2a8f837000-7f2a8f83e000 r-xp 00000000 08:04 270968                     /lib/x86_64-linux-gnu/librt-2.19.so
7f2a8f83e000-7f2a8fa3d000 ---p 00007000 08:04 270968                     /lib/x86_64-linux-gnu/librt-2.19.so
7f2a8fa3d000-7f2a8fa3e000 r--p 00006000 08:04 270968                     /lib/x86_64-linux-gnu/librt-2.19.so
7f2a8fa3e000-7f2a8fa3f000 rw-p 00007000 08:04 270968                     /lib/x86_64-linux-gnu/librt-2.19.so
7f2a8fa3f000-7f2a8fb44000 r-xp 00000000 08:04 270934                     /lib/x86_64-linux-gnu/libm-2.19.so
7f2a8fb44000-7f2a8fd43000 ---p 00105000 08:04 270934                     /lib/x86_64-linux-gnu/libm-2.19.so
7f2a8fd43000-7f2a8fd44000 r--p 00104000 08:04 270934                     /lib/x86_64-linux-gnu/libm-2.19.so
7f2a8fd44000-7f2a8fd45000 rw-p 00105000 08:04 270934                     /lib/x86_64-linux-gnu/libm-2.19.so
7f2a8fd45000-7f2a90a05000 r-xp 00000000 08:04 1057253                    /usr/lib/jvm/java-8-oracle/jre/lib/amd64/server/libjvm.so
7f2a90a05000-7f2a90c05000 ---p 00cc0000 08:04 1057253                    /usr/lib/jvm/java-8-oracle/jre/lib/amd64/server/libjvm.so
7f2a90c05000-7f2a90cdd000 rw-p 00cc0000 08:04 1057253                    /usr/lib/jvm/java-8-oracle/jre/lib/amd64/server/libjvm.so
7f2a90cdd000-7f2a90d28000 rw-p 00000000 00:00 0 
7f2a90d28000-7f2a90ee2000 r-xp 00000000 08:04 270969                     /lib/x86_64-linux-gnu/libc-2.19.so
7f2a90ee2000-7f2a910e2000 ---p 001ba000 08:04 270969                     /lib/x86_64-linux-gnu/libc-2.19.so
7f2a910e2000-7f2a910e6000 r--p 001ba000 08:04 270969                     /lib/x86_64-linux-gnu/libc-2.19.so
7f2a910e6000-7f2a910e8000 rw-p 001be000 08:04 270969                     /lib/x86_64-linux-gnu/libc-2.19.so
7f2a910e8000-7f2a910ed000 rw-p 00000000 00:00 0 
7f2a910ed000-7f2a910f0000 r-xp 00000000 08:04 270944                     /lib/x86_64-linux-gnu/libdl-2.19.so
7f2a910f0000-7f2a912ef000 ---p 00003000 08:04 270944                     /lib/x86_64-linux-gnu/libdl-2.19.so
7f2a912ef000-7f2a912f0000 r--p 00002000 08:04 270944                     /lib/x86_64-linux-gnu/libdl-2.19.so
7f2a912f0000-7f2a912f1000 rw-p 00003000 08:04 270944                     /lib/x86_64-linux-gnu/libdl-2.19.so
7f2a912f1000-7f2a91306000 r-xp 00000000 08:04 802217                     /usr/lib/jvm/java-8-oracle/lib/amd64/jli/libjli.so
7f2a91306000-7f2a91506000 ---p 00015000 08:04 802217                     /usr/lib/jvm/java-8-oracle/lib/amd64/jli/libjli.so
7f2a91506000-7f2a91507000 rw-p 00015000 08:04 802217                     /usr/lib/jvm/java-8-oracle/lib/amd64/jli/libjli.so
7f2a91507000-7f2a91520000 r-xp 00000000 08:04 270958                     /lib/x86_64-linux-gnu/libpthread-2.19.so
7f2a91520000-7f2a9171f000 ---p 00019000 08:04 270958                     /lib/x86_64-linux-gnu/libpthread-2.19.so
7f2a9171f000-7f2a91720000 r--p 00018000 08:04 270958                     /lib/x86_64-linux-gnu/libpthread-2.19.so
7f2a91720000-7f2a91721000 rw-p 00019000 08:04 270958                     /lib/x86_64-linux-gnu/libpthread-2.19.so
7f2a91721000-7f2a91725000 rw-p 00000000 00:00 0 
7f2a91725000-7f2a91748000 r-xp 00000000 08:04 270959                     /lib/x86_64-linux-gnu/ld-2.19.so
7f2a9174a000-7f2a91823000 rw-p 00000000 00:00 0 
7f2a91823000-7f2a91826000 ---p 00000000 00:00 0 
7f2a91826000-7f2a91928000 rw-p 00000000 00:00 0 
7f2a9192b000-7f2a9192c000 rw-p 00000000 00:00 0 
7f2a9192c000-7f2a9193b000 r--s 000df000 08:04 135543                     /home/ankoma88/Android/Sdk/build-tools/23.0.3/lib/dx.jar
7f2a9193b000-7f2a91943000 rw-s 00000000 08:04 422320                     /tmp/hsperfdata_ankoma88/12428
7f2a91943000-7f2a91944000 rw-p 00000000 00:00 0 
7f2a91944000-7f2a91945000 ---p 00000000 00:00 0 
7f2a91945000-7f2a91947000 rw-p 00000000 00:00 0 
7f2a91947000-7f2a91948000 r--p 00022000 08:04 270959                     /lib/x86_64-linux-gnu/ld-2.19.so
7f2a91948000-7f2a91949000 rw-p 00023000 08:04 270959                     /lib/x86_64-linux-gnu/ld-2.19.so
7f2a91949000-7f2a9194a000 rw-p 00000000 00:00 0 
7ffe6609b000-7ffe660bc000 rw-p 00000000 00:00 0                          [stack]
7ffe661a1000-7ffe661a3000 r--p 00000000 00:00 0                          [vvar]
7ffe661a3000-7ffe661a5000 r-xp 00000000 00:00 0                          [vdso]
ffffffffff600000-ffffffffff601000 r-xp 00000000 00:00 0                  [vsyscall]

VM Arguments:
jvm_args: -Djava.awt.headless=true -Xmx1024M -Dfile.encoding=UTF-8 -Duser.country=US -Duser.language=en -Duser.variant 
java_command: com.android.dx.command.Main --dex --num-threads=4 --multi-dex --main-dex-list /home/ankoma88/AndroidStudioProjects/RatesChart/app/build/intermediates/multi-dex/debug/maindexlist.txt --output /home/ankoma88/AndroidStudioProjects/RatesChart/app/build/intermediates/transforms/dex/debug/folders/1000/1f/main /home/ankoma88/AndroidStudioProjects/RatesChart/app/build/intermediates/transforms/jarMerging/debug/jars/1/1f/combined.jar
java_class_path (initial): /home/ankoma88/Android/Sdk/build-tools/23.0.3/lib/dx.jar
Launcher Type: SUN_STANDARD

Environment Variables:
JAVA_HOME=/usr/lib/jvm/java-8-oracle
PATH=/usr/local/sbin:/usr/local/bin:/usr/sbin:/usr/bin:/sbin:/bin:/usr/games:/usr/local/games:/usr/lib/jvm/java-8-oracle/bin:/usr/lib/jvm/java-8-oracle/db/bin:/usr/lib/jvm/java-8-oracle/jre/bin
LD_LIBRARY_PATH=/usr/local/ide/android-studio/bin:
SHELL=/bin/bash
DISPLAY=:0

Signal Handlers:
SIGSEGV: [libjvm.so+0xabca10], sa_mask[0]=11111111011111111101111111111110, sa_flags=SA_RESTART|SA_SIGINFO
SIGBUS: [libjvm.so+0xabca10], sa_mask[0]=11111111011111111101111111111110, sa_flags=SA_RESTART|SA_SIGINFO
SIGFPE: [libjvm.so+0x919a20], sa_mask[0]=11111111011111111101111111111110, sa_flags=SA_RESTART|SA_SIGINFO
SIGPIPE: [libjvm.so+0x919a20], sa_mask[0]=11111111011111111101111111111110, sa_flags=SA_RESTART|SA_SIGINFO
SIGXFSZ: [libjvm.so+0x919a20], sa_mask[0]=11111111011111111101111111111110, sa_flags=SA_RESTART|SA_SIGINFO
SIGILL: [libjvm.so+0x919a20], sa_mask[0]=11111111011111111101111111111110, sa_flags=SA_RESTART|SA_SIGINFO
SIGUSR1: SIG_DFL, sa_mask[0]=00000000000000000000000000000000, sa_flags=none
SIGUSR2: [libjvm.so+0x91b050], sa_mask[0]=00100000000000000000000000000000, sa_flags=SA_RESTART|SA_SIGINFO
SIGHUP: [libjvm.so+0x91c450], sa_mask[0]=11111111011111111101111111111110, sa_flags=SA_RESTART|SA_SIGINFO
SIGINT: [libjvm.so+0x91c450], sa_mask[0]=11111111011111111101111111111110, sa_flags=SA_RESTART|SA_SIGINFO
SIGTERM: [libjvm.so+0x91c450], sa_mask[0]=11111111011111111101111111111110, sa_flags=SA_RESTART|SA_SIGINFO
SIGQUIT: [libjvm.so+0x91c450], sa_mask[0]=11111111011111111101111111111110, sa_flags=SA_RESTART|SA_SIGINFO


---------------  S Y S T E M  ---------------

OS:DISTRIB_ID=Ubuntu
DISTRIB_RELEASE=14.04
DISTRIB_CODENAME=trusty
DISTRIB_DESCRIPTION="Ubuntu 14.04.4 LTS"

uname:Linux 4.2.0-38-generic #45~14.04.1-Ubuntu SMP Thu Jun 9 09:27:51 UTC 2016 x86_64
libc:glibc 2.19 NPTL 2.19 
rlimit: STACK 8192k, CORE 0k, NPROC 31126, NOFILE 4096, AS infinity
load average:3,37 2,55 2,23

/proc/meminfo:
MemTotal:        8058472 kB
MemFree:          145528 kB
MemAvailable:     113180 kB
Buffers:            1732 kB
Cached:          1280168 kB
SwapCached:            0 kB
Active:          6520328 kB
Inactive:        1139096 kB
Active(anon):    6482544 kB
Inactive(anon):  1111052 kB
Active(file):      37784 kB
Inactive(file):    28044 kB
Unevictable:          32 kB
Mlocked:              32 kB
SwapTotal:             0 kB
SwapFree:              0 kB
Dirty:                80 kB
Writeback:             0 kB
AnonPages:       6377760 kB
Mapped:           647752 kB
Shmem:           1215964 kB
Slab:              96548 kB
SReclaimable:      38416 kB
SUnreclaim:        58132 kB
KernelStack:       16416 kB
PageTables:        68752 kB
NFS_Unstable:          0 kB
Bounce:                0 kB
WritebackTmp:          0 kB
CommitLimit:     4029236 kB
Committed_AS:   15197596 kB
VmallocTotal:   34359738367 kB
VmallocUsed:      390948 kB
VmallocChunk:   34358947836 kB
HardwareCorrupted:     0 kB
AnonHugePages:   3360768 kB
CmaTotal:              0 kB
CmaFree:               0 kB
HugePages_Total:       0
HugePages_Free:        0
HugePages_Rsvd:        0
HugePages_Surp:        0
Hugepagesize:       2048 kB
DirectMap4k:      221160 kB
DirectMap2M:     8050688 kB


CPU:total 8 (4 cores per cpu, 2 threads per core) family 6 model 58 stepping 9, cmov, cx8, fxsr, mmx, sse, sse2, sse3, ssse3, sse4.1, sse4.2, popcnt, avx, clmul, erms, ht, tsc, tscinvbit, tscinv

/proc/cpuinfo:
processor	: 0
vendor_id	: GenuineIntel
cpu family	: 6
model		: 58
model name	: Intel(R) Core(TM) i7-3610QM CPU @ 2.30GHz
stepping	: 9
microcode	: 0x15
cpu MHz		: 3172.742
cache size	: 6144 KB
physical id	: 0
siblings	: 8
core id		: 0
cpu cores	: 4
apicid		: 0
initial apicid	: 0
fpu		: yes
fpu_exception	: yes
cpuid level	: 13
wp		: yes
flags		: fpu vme de pse tsc msr pae mce cx8 apic sep mtrr pge mca cmov pat pse36 clflush dts acpi mmx fxsr sse sse2 ss ht tm pbe syscall nx rdtscp lm constant_tsc arch_perfmon pebs bts rep_good nopl xtopology nonstop_tsc aperfmperf eagerfpu pni pclmulqdq dtes64 monitor ds_cpl vmx est tm2 ssse3 cx16 xtpr pdcm pcid sse4_1 sse4_2 x2apic popcnt tsc_deadline_timer xsave avx f16c rdrand lahf_lm ida arat epb pln pts dtherm tpr_shadow vnmi flexpriority ept vpid fsgsbase smep erms xsaveopt
bugs		:
bogomips	: 4589.64
clflush size	: 64
cache_alignment	: 64
address sizes	: 36 bits physical, 48 bits virtual
power management:

processor	: 1
vendor_id	: GenuineIntel
cpu family	: 6
model		: 58
model name	: Intel(R) Core(TM) i7-3610QM CPU @ 2.30GHz
stepping	: 9
microcode	: 0x15
cpu MHz		: 3105.000
cache size	: 6144 KB
physical id	: 0
siblings	: 8
core id		: 1
cpu cores	: 4
apicid		: 2
initial apicid	: 2
fpu		: yes
fpu_exception	: yes
cpuid level	: 13
wp		: yes
flags		: fpu vme de pse tsc msr pae mce cx8 apic sep mtrr pge mca cmov pat pse36 clflush dts acpi mmx fxsr sse sse2 ss ht tm pbe syscall nx rdtscp lm constant_tsc arch_perfmon pebs bts rep_good nopl xtopology nonstop_tsc aperfmperf eagerfpu pni pclmulqdq dtes64 monitor ds_cpl vmx est tm2 ssse3 cx16 xtpr pdcm pcid sse4_1 sse4_2 x2apic popcnt tsc_deadline_timer xsave avx f16c rdrand lahf_lm ida arat epb pln pts dtherm tpr_shadow vnmi flexpriority ept vpid fsgsbase smep erms xsaveopt
bugs		:
bogomips	: 4589.64
clflush size	: 64
cache_alignment	: 64
address sizes	: 36 bits physical, 48 bits virtual
power management:

processor	: 2
vendor_id	: GenuineIntel
cpu family	: 6
model		: 58
model name	: Intel(R) Core(TM) i7-3610QM CPU @ 2.30GHz
stepping	: 9
microcode	: 0x15
cpu MHz		: 3099.339
cache size	: 6144 KB
physical id	: 0
siblings	: 8
core id		: 2
cpu cores	: 4
apicid		: 4
initial apicid	: 4
fpu		: yes
fpu_exception	: yes
cpuid level	: 13
wp		: yes
flags		: fpu vme de pse tsc msr pae mce cx8 apic sep mtrr pge mca cmov pat pse36 clflush dts acpi mmx fxsr sse sse2 ss ht tm pbe syscall nx rdtscp lm constant_tsc arch_perfmon pebs bts rep_good nopl xtopology nonstop_tsc aperfmperf eagerfpu pni pclmulqdq dtes64 monitor ds_cpl vmx est tm2 ssse3 cx16 xtpr pdcm pcid sse4_1 sse4_2 x2apic popcnt tsc_deadline_timer xsave avx f16c rdrand lahf_lm ida arat epb pln pts dtherm tpr_shadow vnmi flexpriority ept vpid fsgsbase smep erms xsaveopt
bugs		:
bogomips	: 4589.64
clflush size	: 64
cache_alignment	: 64
address sizes	: 36 bits physical, 48 bits virtual
power management:

processor	: 3
vendor_id	: GenuineIntel
cpu family	: 6
model		: 58
model name	: Intel(R) Core(TM) i7-3610QM CPU @ 2.30GHz
stepping	: 9
microcode	: 0x15
cpu MHz		: 3108.054
cache size	: 6144 KB
physical id	: 0
siblings	: 8
core id		: 3
cpu cores	: 4
apicid		: 6
initial apicid	: 6
fpu		: yes
fpu_exception	: yes
cpuid level	: 13
wp		: yes
flags		: fpu vme de pse tsc msr pae mce cx8 apic sep mtrr pge mca cmov pat pse36 clflush dts acpi mmx fxsr sse sse2 ss ht tm pbe syscall nx rdtscp lm constant_tsc arch_perfmon pebs bts rep_good nopl xtopology nonstop_tsc aperfmperf eagerfpu pni pclmulqdq dtes64 monitor ds_cpl vmx est tm2 ssse3 cx16 xtpr pdcm pcid sse4_1 sse4_2 x2apic popcnt tsc_deadline_timer xsave avx f16c rdrand lahf_lm ida arat epb pln pts dtherm tpr_shadow vnmi flexpriority ept vpid fsgsbase smep erms xsaveopt
bugs		:
bogomips	: 4589.64
clflush size	: 64
cache_alignment	: 64
address sizes	: 36 bits physical, 48 bits virtual
power management:

processor	: 4
vendor_id	: GenuineIntel
cpu family	: 6
model		: 58
model name	: Intel(R) Core(TM) i7-3610QM CPU @ 2.30GHz
stepping	: 9
microcode	: 0x15
cpu MHz		: 3099.968
cache size	: 6144 KB
physical id	: 0
siblings	: 8
core id		: 0
cpu cores	: 4
apicid		: 1
initial apicid	: 1
fpu		: yes
fpu_exception	: yes
cpuid level	: 13
wp		: yes
flags		: fpu vme de pse tsc msr pae mce cx8 apic sep mtrr pge mca cmov pat pse36 clflush dts acpi mmx fxsr sse sse2 ss ht tm pbe syscall nx rdtscp lm constant_tsc arch_perfmon pebs bts rep_good nopl xtopology nonstop_tsc aperfmperf eagerfpu pni pclmulqdq dtes64 monitor ds_cpl vmx est tm2 ssse3 cx16 xtpr pdcm pcid sse4_1 sse4_2 x2apic popcnt tsc_deadline_timer xsave avx f16c rdrand lahf_lm ida arat epb pln pts dtherm tpr_shadow vnmi flexpriority ept vpid fsgsbase smep erms xsaveopt
bugs		:
bogomips	: 4589.64
clflush size	: 64
cache_alignment	: 64
address sizes	: 36 bits physical, 48 bits virtual
power management:

processor	: 5
vendor_id	: GenuineIntel
cpu family	: 6
model		: 58
model name	: Intel(R) Core(TM) i7-3610QM CPU @ 2.30GHz
stepping	: 9
microcode	: 0x15
cpu MHz		: 3099.968
cache size	: 6144 KB
physical id	: 0
siblings	: 8
core id		: 1
cpu cores	: 4
apicid		: 3
initial apicid	: 3
fpu		: yes
fpu_exception	: yes
cpuid level	: 13
wp		: yes
flags		: fpu vme de pse tsc msr pae mce cx8 apic sep mtrr pge mca cmov pat pse36 clflush dts acpi mmx fxsr sse sse2 ss ht tm pbe syscall nx rdtscp lm constant_tsc arch_perfmon pebs bts rep_good nopl xtopology nonstop_tsc aperfmperf eagerfpu pni pclmulqdq dtes64 monitor ds_cpl vmx est tm2 ssse3 cx16 xtpr pdcm pcid sse4_1 sse4_2 x2apic popcnt tsc_deadline_timer xsave avx f16c rdrand lahf_lm ida arat epb pln pts dtherm tpr_shadow vnmi flexpriority ept vpid fsgsbase smep erms xsaveopt
bugs		:
bogomips	: 4589.64
clflush size	: 64
cache_alignment	: 64
address sizes	: 36 bits physical, 48 bits virtual
power management:

processor	: 6
vendor_id	: GenuineIntel
cpu family	: 6
model		: 58
model name	: Intel(R) Core(TM) i7-3610QM CPU @ 2.30GHz
stepping	: 9
microcode	: 0x15
cpu MHz		: 3099.968
cache size	: 6144 KB
physical id	: 0
siblings	: 8
core id		: 2
cpu cores	: 4
apicid		: 5
initial apicid	: 5
fpu		: yes
fpu_exception	: yes
cpuid level	: 13
wp		: yes
flags		: fpu vme de pse tsc msr pae mce cx8 apic sep mtrr pge mca cmov pat pse36 clflush dts acpi mmx fxsr sse sse2 ss ht tm pbe syscall nx rdtscp lm constant_tsc arch_perfmon pebs bts rep_good nopl xtopology nonstop_tsc aperfmperf eagerfpu pni pclmulqdq dtes64 monitor ds_cpl vmx est tm2 ssse3 cx16 xtpr pdcm pcid sse4_1 sse4_2 x2apic popcnt tsc_deadline_timer xsave avx f16c rdrand lahf_lm ida arat epb pln pts dtherm tpr_shadow vnmi flexpriority ept vpid fsgsbase smep erms xsaveopt
bugs		:
bogomips	: 4589.64
clflush size	: 64
cache_alignment	: 64
address sizes	: 36 bits physical, 48 bits virtual
power management:

processor	: 7
vendor_id	: GenuineIntel
cpu family	: 6
model		: 58
model name	: Intel(R) Core(TM) i7-3610QM CPU @ 2.30GHz
stepping	: 9
microcode	: 0x15
cpu MHz		: 3135.097
cache size	: 6144 KB
physical id	: 0
siblings	: 8
core id		: 3
cpu cores	: 4
apicid		: 7
initial apicid	: 7
fpu		: yes
fpu_exception	: yes
cpuid level	: 13
wp		: yes
flags		: fpu vme de pse tsc msr pae mce cx8 apic sep mtrr pge mca cmov pat pse36 clflush dts acpi mmx fxsr sse sse2 ss ht tm pbe syscall nx rdtscp lm constant_tsc arch_perfmon pebs bts rep_good nopl xtopology nonstop_tsc aperfmperf eagerfpu pni pclmulqdq dtes64 monitor ds_cpl vmx est tm2 ssse3 cx16 xtpr pdcm pcid sse4_1 sse4_2 x2apic popcnt tsc_deadline_timer xsave avx f16c rdrand lahf_lm ida arat epb pln pts dtherm tpr_shadow vnmi flexpriority ept vpid fsgsbase smep erms xsaveopt
bugs		:
bogomips	: 4589.64
clflush size	: 64
cache_alignment	: 64
address sizes	: 36 bits physical, 48 bits virtual
power management:



Memory: 4k page, physical 8058472k(145528k free), swap 0k(0k free)

vm_info: Java HotSpot(TM) 64-Bit Server VM (25.91-b14) for linux-amd64 JRE (1.8.0_91-b14), built on Apr  1 2016 00:57:21 by "java_re" with gcc 4.3.0 20080428 (Red Hat 4.3.0-8)

time: Sun Jun 19 20:43:45 2016
elapsed time: 4 seconds (0d 0h 0m 4s)

